
       ╔════════════════════════════════════════════╗
       ║            ___ ___ ___ ___ _____           ║
       ║           / __| _ \ __/ __|_   _|          ║
       ║          | (__|   / _|\__ \ | |            ║
       ║           \___|_|_\___|___/ |_|            ║
       ║                                            ║
       ║  Conformer-Rotamer Ensemble Sampling Tool  ║
       ║          based on the xTB methods          ║
       ║                                            ║
       ╚════════════════════════════════════════════╝
       Version 3.0.2, Fri, 14 February 10:17:28, 02/14/2025
       commit (53290da) compiled by 'usr@fv-az1781-845'

   Cite work conducted with this code as

   • P.Pracht, F.Bohle, S.Grimme, PCCP, 2020, 22, 7169-7192.
   • S.Grimme, JCTC, 2019, 15, 2847-2862.
   • P.Pracht, S.Grimme, C.Bannwarth, F.Bohle, S.Ehlert,
     G.Feldmann, J.Gorges, M.Müller, T.Neudecker, C.Plett,
     S.Spicher, P.Steinbach, P.Wesołowski, F.Zeller,
     J. Chem. Phys., 2024, 160, 114110.

   for works involving QCG cite

   • S.Spicher, C.Plett, P.Pracht, A.Hansen, S.Grimme,
     JCTC, 2022, 18 (5), 3174-3189.
   • C.Plett, S. Grimme,
     Angew. Chem. Int. Ed. 2023, 62, e202214477.

   for works involving MECP screening cite

   • P.Pracht, C.Bannwarth, JCTC, 2022, 18 (10), 6370-6385.

   Original code
     P.Pracht, S.Grimme, Universität Bonn, MCTC
   with help from (alphabetical order):
     C.Bannwarth, F.Bohle, S.Ehlert, G.Feldmann, J.Gorges,
     S.Grimme, C.Plett, P.Pracht, S.Spicher, P.Steinbach,
     P.Wesolowski, F.Zeller

   Online documentation is available at
   https://crest-lab.github.io/crest-docs/

   This program is distributed in the hope that it will be useful,
   but WITHOUT ANY WARRANTY; without even the implied warranty of
   MERCHANTABILITY or FITNESS FOR A PARTICULAR PURPOSE. See the
   GNU Lesser General Public License (LGPL) for more details.

 Command line input:
 $ ./crest m1_00_TBBPAmol.xyz --T 16 --noreftopo --entropy --gfn1

  --T 16 (CPUs/Threads selected)
  --entropy : enhanced ensemble entropy calculation
  --gfn1               : Use of GFN1-xTB requested.

> Setting up backup calculator ... done.
 ----------------
 Calculation info
 ----------------
> User-defined calculation level:
 : xTB calculation via tblite lib
 : GFN1-xTB level
 :   Molecular charge    : 0
 :   Fermi temperature   : 300.00000
 :   Accuracy            : 1.00000
 :   max SCC cycles      : 500


 -----------------------------
 Initial Geometry Optimization
 -----------------------------
 Geometry successfully optimized.

          ┍━━━━━━━━━━━━━━━━━━━━━━━━━━━━━━━━━━━━━━━━━━━━━━━━━┑
          │              CREST ENTROPY SAMPLING             │
          ┕━━━━━━━━━━━━━━━━━━━━━━━━━━━━━━━━━━━━━━━━━━━━━━━━━┙

 please cite:
 • P.Pracht, S.Grimme, Chem. Sci., 2021, 12, 6551-6568.
 • J.Gorges, S.Grimme, A.Hansen, P.Pracht, PCCP, 2022,24, 12249-12259.

 Input structure:
  33

 C          0.0537970869       -1.2474802004        3.0952934286
 C          0.0001222991       -0.0006386027        2.1947735474
 C          1.2302003467        0.1422401232        1.3039528894
 C         -1.2301084522       -0.1431798564        1.3041188048
 C         -0.0533758341        1.2459707012        3.0956507616
 C          2.3960136850       -0.5954093717        1.4872876252
 C          1.1941746247        1.0937615714        0.2826082226
 C         -1.1943586875       -1.0944416677        0.2825211925
 C         -2.3957018785        0.5947685680        1.4876515395
 C          3.5002897855       -0.3957988477        0.6726521406
 C          3.4683511908        0.5552454364       -0.3431335765
 Br         5.0832203952       -1.4218188255        0.9346852615
 C          2.2986603547        1.2929846615       -0.5227121054
 O          4.5441728899        0.7540642705       -1.1306022404
 Br         2.2839530268        2.5935386628       -1.9273323210
 C         -2.2989261634       -1.2931728136       -0.5228078019
 C         -3.4683915477       -0.5551166044       -0.3430475978
 Br        -2.2845226110       -2.5932023659       -1.9279205568
 C         -3.5000194762        0.3957356752        0.6729291250
 O         -4.5442709854       -0.7534104014       -1.1305702200
 Br        -5.0825644900        1.4223228203        0.9350666382
 H          0.1937282194       -2.1498358300        2.5007272006
 H          0.8622172314       -1.1702162063        3.8220617324
 H         -0.8878648793       -1.3366957082        3.6377351809
 H         -0.1952950089        2.1483166308        2.5015421098
 H         -0.8605020970        1.1676452741        3.8237395557
 H          0.8890942903        1.3361085308        3.6365243268
 H          2.4667865539       -1.3402355275        2.2684214058
 H          0.2976281412        1.6768917516        0.1126914290
 H         -0.2979791274       -1.6777839020        0.1124445998
 H         -2.4662307689        1.3394134603        2.2689816422
 H          4.3253828397        1.4582315070       -1.7724079870
 H         -4.3256816235       -1.4574625009       -1.7725715762

 ------------------------------------------------
 Generating MTD length from a flexibility measure
 ------------------------------------------------
 Calculating GFN0-xTB WBOs   ... done.
 Calculating NCI flexibility ... done.
     covalent flexibility measure :   0.087
 non-covalent flexibility measure :   0.629
 flexibility measure :   0.136
 t(MTD) / ps    :     6.0
 Σ(t(MTD)) / ps :   144.0 (24 MTDs)

 -----------------------------------
 Starting trial MTD to test settings
 -----------------------------------
 Trial MTD 1 runtime (1.0 ps) ...        0 min,  8.327 sec
 Estimated runtime for one MTD (6.0 ps) on a single thread: 50 sec
 Estimated runtime for a batch of 24 MTDs on 16 threads: 1 min 40 sec

******************************************************************************************
**                         N E W   I T E R A T I O N  C Y C L E                         **
******************************************************************************************

 ------------------------------
 Meta-Dynamics Iteration 1
 ------------------------------
 list of applied metadynamics Vbias parameters:
$metadyn    0.24750   1.618
$metadyn    0.12375   1.618
$metadyn    0.06187   1.618
$metadyn    0.03094   1.618
$metadyn    0.24750   1.000
$metadyn    0.12375   1.000
$metadyn    0.06187   1.000
$metadyn    0.03094   1.000
$metadyn    0.24750   0.618
$metadyn    0.12375   0.618
$metadyn    0.06187   0.618
$metadyn    0.03094   0.618
$metadyn    0.24750   0.382
$metadyn    0.12375   0.382
$metadyn    0.06187   0.382
$metadyn    0.03094   0.382
$metadyn    0.24750   0.236
$metadyn    0.12375   0.236
$metadyn    0.06187   0.236
$metadyn    0.03094   0.236
$metadyn    0.24750   0.146
$metadyn    0.12375   0.146
$metadyn    0.06187   0.146
$metadyn    0.03094   0.146

  ::::::::::::: starting MTD   22 :::::::::::::
  |   MD simulation time   :     6.0 ps       |
  |   target T             :   300.0 K        |
  |   timestep dt          :     5.0 fs       |
  |   dump interval(trj)   :   100.0 fs       |
  |   SHAKE algorithm      : true (all bonds) |
  |   dump interval(Vbias) :    1.00 ps       |
  |   Vbias prefactor (k)  :  0.1237 Eh       |
  |   Vbias exponent (α)   :  0.1459 bohr⁻²   |
  ::::::::::::: starting MTD    7 :::::::::::::
  |   MD simulation time   :     6.0 ps       |
  |   target T             :   300.0 K        |
  |   timestep dt          :     5.0 fs       |
  |   dump interval(trj)   :   100.0 fs       |
  |   SHAKE algorithm      : true (all bonds) |
  |   dump interval(Vbias) :    1.00 ps       |
  |   Vbias prefactor (k)  :  0.0619 Eh       |
  |   Vbias exponent (α)   :  1.0000 bohr⁻²   |
  ::::::::::::: starting MTD    1 :::::::::::::
  |   MD simulation time   :     6.0 ps       |
  |   target T             :   300.0 K        |
  |   timestep dt          :     5.0 fs       |
  |   dump interval(trj)   :   100.0 fs       |
  |   SHAKE algorithm      : true (all bonds) |
  |   dump interval(Vbias) :    1.00 ps       |
  |   Vbias prefactor (k)  :  0.2475 Eh       |
  |   Vbias exponent (α)   :  1.6180 bohr⁻²   |
  ::::::::::::: starting MTD   24 :::::::::::::
  |   MD simulation time   :     6.0 ps       |
  |   target T             :   300.0 K        |
  |   timestep dt          :     5.0 fs       |
  |   dump interval(trj)   :   100.0 fs       |
  |   SHAKE algorithm      : true (all bonds) |
  |   dump interval(Vbias) :    1.00 ps       |
  |   Vbias prefactor (k)  :  0.0309 Eh       |
  |   Vbias exponent (α)   :  0.1459 bohr⁻²   |
  ::::::::::::: starting MTD   18 :::::::::::::
  |   MD simulation time   :     6.0 ps       |
  |   target T             :   300.0 K        |
  |   timestep dt          :     5.0 fs       |
  |   dump interval(trj)   :   100.0 fs       |
  |   SHAKE algorithm      : true (all bonds) |
  |   dump interval(Vbias) :    1.00 ps       |
  |   Vbias prefactor (k)  :  0.1237 Eh       |
  |   Vbias exponent (α)   :  0.2361 bohr⁻²   |
  ::::::::::::: starting MTD   19 :::::::::::::
  |   MD simulation time   :     6.0 ps       |
  |   target T             :   300.0 K        |
  |   timestep dt          :     5.0 fs       |
  |   dump interval(trj)   :   100.0 fs       |
  |   SHAKE algorithm      : true (all bonds) |
  |   dump interval(Vbias) :    1.00 ps       |
  |   Vbias prefactor (k)  :  0.0619 Eh       |
  |   Vbias exponent (α)   :  0.2361 bohr⁻²   |
  ::::::::::::: starting MTD   23 :::::::::::::
  |   MD simulation time   :     6.0 ps       |
  |   target T             :   300.0 K        |
  |   timestep dt          :     5.0 fs       |
  |   dump interval(trj)   :   100.0 fs       |
  |   SHAKE algorithm      : true (all bonds) |
  |   dump interval(Vbias) :    1.00 ps       |
  |   Vbias prefactor (k)  :  0.0619 Eh       |
  |   Vbias exponent (α)   :  0.1459 bohr⁻²   |
  ::::::::::::: starting MTD   17 :::::::::::::
  |   MD simulation time   :     6.0 ps       |
  |   target T             :   300.0 K        |
  |   timestep dt          :     5.0 fs       |
  |   dump interval(trj)   :   100.0 fs       |
  |   SHAKE algorithm      : true (all bonds) |
  |   dump interval(Vbias) :    1.00 ps       |
  |   Vbias prefactor (k)  :  0.2475 Eh       |
  |   Vbias exponent (α)   :  0.2361 bohr⁻²   |
  ::::::::::::: starting MTD    3 :::::::::::::
  |   MD simulation time   :     6.0 ps       |
  |   target T             :   300.0 K        |
  |   timestep dt          :     5.0 fs       |
  |   dump interval(trj)   :   100.0 fs       |
  |   SHAKE algorithm      : true (all bonds) |
  |   dump interval(Vbias) :    1.00 ps       |
  |   Vbias prefactor (k)  :  0.0619 Eh       |
  |   Vbias exponent (α)   :  1.6180 bohr⁻²   |
  ::::::::::::: starting MTD    9 :::::::::::::
  |   MD simulation time   :     6.0 ps       |
  |   target T             :   300.0 K        |
  |   timestep dt          :     5.0 fs       |
  |   dump interval(trj)   :   100.0 fs       |
  |   SHAKE algorithm      : true (all bonds) |
  |   dump interval(Vbias) :    1.00 ps       |
  |   Vbias prefactor (k)  :  0.2475 Eh       |
  |   Vbias exponent (α)   :  0.6180 bohr⁻²   |
  ::::::::::::: starting MTD   13 :::::::::::::
  |   MD simulation time   :     6.0 ps       |
  |   target T             :   300.0 K        |
  |   timestep dt          :     5.0 fs       |
  |   dump interval(trj)   :   100.0 fs       |
  |   SHAKE algorithm      : true (all bonds) |
  |   dump interval(Vbias) :    1.00 ps       |
  |   Vbias prefactor (k)  :  0.2475 Eh       |
  |   Vbias exponent (α)   :  0.3820 bohr⁻²   |
  ::::::::::::: starting MTD   11 :::::::::::::
  |   MD simulation time   :     6.0 ps       |
  |   target T             :   300.0 K        |
  |   timestep dt          :     5.0 fs       |
  |   dump interval(trj)   :   100.0 fs       |
  |   SHAKE algorithm      : true (all bonds) |
  |   dump interval(Vbias) :    1.00 ps       |
  |   Vbias prefactor (k)  :  0.0619 Eh       |
  |   Vbias exponent (α)   :  0.6180 bohr⁻²   |
  ::::::::::::: starting MTD   21 :::::::::::::
  |   MD simulation time   :     6.0 ps       |
  |   target T             :   300.0 K        |
  |   timestep dt          :     5.0 fs       |
  |   dump interval(trj)   :   100.0 fs       |
  |   SHAKE algorithm      : true (all bonds) |
  |   dump interval(Vbias) :    1.00 ps       |
  |   Vbias prefactor (k)  :  0.2475 Eh       |
  |   Vbias exponent (α)   :  0.1459 bohr⁻²   |
  ::::::::::::: starting MTD   20 :::::::::::::
  |   MD simulation time   :     6.0 ps       |
  |   target T             :   300.0 K        |
  |   timestep dt          :     5.0 fs       |
  |   dump interval(trj)   :   100.0 fs       |
  |   SHAKE algorithm      : true (all bonds) |
  |   dump interval(Vbias) :    1.00 ps       |
  |   Vbias prefactor (k)  :  0.0309 Eh       |
  |   Vbias exponent (α)   :  0.2361 bohr⁻²   |
  ::::::::::::: starting MTD    5 :::::::::::::
  |   MD simulation time   :     6.0 ps       |
  |   target T             :   300.0 K        |
  |   timestep dt          :     5.0 fs       |
  |   dump interval(trj)   :   100.0 fs       |
  |   SHAKE algorithm      : true (all bonds) |
  |   dump interval(Vbias) :    1.00 ps       |
  |   Vbias prefactor (k)  :  0.2475 Eh       |
  |   Vbias exponent (α)   :  1.0000 bohr⁻²   |
  ::::::::::::: starting MTD   15 :::::::::::::
  |   MD simulation time   :     6.0 ps       |
  |   target T             :   300.0 K        |
  |   timestep dt          :     5.0 fs       |
  |   dump interval(trj)   :   100.0 fs       |
  |   SHAKE algorithm      : true (all bonds) |
  |   dump interval(Vbias) :    1.00 ps       |
  |   Vbias prefactor (k)  :  0.0619 Eh       |
  |   Vbias exponent (α)   :  0.3820 bohr⁻²   |
*MTD  18 completed successfully ...        0 min, 58.370 sec
*MTD  19 completed successfully ...        0 min, 58.648 sec
*MTD  11 completed successfully ...        0 min, 58.742 sec
  ::::::::::::: starting MTD   12 :::::::::::::
  |   MD simulation time   :     6.0 ps       |
  |   target T             :   300.0 K        |
  |   timestep dt          :     5.0 fs       |
  |   dump interval(trj)   :   100.0 fs       |
  |   SHAKE algorithm      : true (all bonds) |
  |   dump interval(Vbias) :    1.00 ps       |
  |   Vbias prefactor (k)  :  0.0309 Eh       |
  |   Vbias exponent (α)   :  0.6180 bohr⁻²   |
*MTD   3 completed successfully ...        0 min, 58.810 sec
  ::::::::::::: starting MTD    4 :::::::::::::
  |   MD simulation time   :     6.0 ps       |
  |   target T             :   300.0 K        |
  |   timestep dt          :     5.0 fs       |
  |   dump interval(trj)   :   100.0 fs       |
  |   SHAKE algorithm      : true (all bonds) |
  |   dump interval(Vbias) :    1.00 ps       |
  |   Vbias prefactor (k)  :  0.0309 Eh       |
  |   Vbias exponent (α)   :  1.6180 bohr⁻²   |
*MTD  23 completed successfully ...        0 min, 58.862 sec
*MTD  15 completed successfully ...        0 min, 58.928 sec
  ::::::::::::: starting MTD   16 :::::::::::::
  |   MD simulation time   :     6.0 ps       |
  |   target T             :   300.0 K        |
  |   timestep dt          :     5.0 fs       |
  |   dump interval(trj)   :   100.0 fs       |
  |   SHAKE algorithm      : true (all bonds) |
  |   dump interval(Vbias) :    1.00 ps       |
  |   Vbias prefactor (k)  :  0.0309 Eh       |
  |   Vbias exponent (α)   :  0.3820 bohr⁻²   |
*MTD  20 completed successfully ...        0 min, 58.964 sec
*MTD   7 completed successfully ...        0 min, 59.070 sec
  ::::::::::::: starting MTD    8 :::::::::::::
  |   MD simulation time   :     6.0 ps       |
  |   target T             :   300.0 K        |
  |   timestep dt          :     5.0 fs       |
  |   dump interval(trj)   :   100.0 fs       |
  |   SHAKE algorithm      : true (all bonds) |
  |   dump interval(Vbias) :    1.00 ps       |
  |   Vbias prefactor (k)  :  0.0309 Eh       |
  |   Vbias exponent (α)   :  1.0000 bohr⁻²   |
*MTD  22 completed successfully ...        0 min, 59.282 sec
*MTD   5 completed successfully ...        0 min, 59.442 sec
  ::::::::::::: starting MTD    6 :::::::::::::
  |   MD simulation time   :     6.0 ps       |
  |   target T             :   300.0 K        |
  |   timestep dt          :     5.0 fs       |
  |   dump interval(trj)   :   100.0 fs       |
  |   SHAKE algorithm      : true (all bonds) |
  |   dump interval(Vbias) :    1.00 ps       |
  |   Vbias prefactor (k)  :  0.1237 Eh       |
  |   Vbias exponent (α)   :  1.0000 bohr⁻²   |
*MTD  13 completed successfully ...        0 min, 59.454 sec
  ::::::::::::: starting MTD   14 :::::::::::::
  |   MD simulation time   :     6.0 ps       |
  |   target T             :   300.0 K        |
  |   timestep dt          :     5.0 fs       |
  |   dump interval(trj)   :   100.0 fs       |
  |   SHAKE algorithm      : true (all bonds) |
  |   dump interval(Vbias) :    1.00 ps       |
  |   Vbias prefactor (k)  :  0.1237 Eh       |
  |   Vbias exponent (α)   :  0.3820 bohr⁻²   |
*MTD  24 completed successfully ...        0 min, 59.459 sec
*MTD   1 completed successfully ...        0 min, 59.625 sec
  ::::::::::::: starting MTD    2 :::::::::::::
  |   MD simulation time   :     6.0 ps       |
  |   target T             :   300.0 K        |
  |   timestep dt          :     5.0 fs       |
  |   dump interval(trj)   :   100.0 fs       |
  |   SHAKE algorithm      : true (all bonds) |
  |   dump interval(Vbias) :    1.00 ps       |
  |   Vbias prefactor (k)  :  0.1237 Eh       |
  |   Vbias exponent (α)   :  1.6180 bohr⁻²   |
*MTD   9 completed successfully ...        0 min, 59.761 sec
  ::::::::::::: starting MTD   10 :::::::::::::
  |   MD simulation time   :     6.0 ps       |
  |   target T             :   300.0 K        |
  |   timestep dt          :     5.0 fs       |
  |   dump interval(trj)   :   100.0 fs       |
  |   SHAKE algorithm      : true (all bonds) |
  |   dump interval(Vbias) :    1.00 ps       |
  |   Vbias prefactor (k)  :  0.1237 Eh       |
  |   Vbias exponent (α)   :  0.6180 bohr⁻²   |
*MTD  17 completed successfully ...        1 min,  0.228 sec
*MTD  21 completed successfully ...        1 min,  0.298 sec
*MTD  12 completed successfully ...        0 min, 52.797 sec
*MTD   4 completed successfully ...        0 min, 52.803 sec
*MTD   8 completed successfully ...        0 min, 52.675 sec
*MTD   6 completed successfully ...        0 min, 52.588 sec
*MTD  16 completed successfully ...        0 min, 53.216 sec
*MTD  10 completed successfully ...        0 min, 53.239 sec
*MTD  14 completed successfully ...        0 min, 53.584 sec
*MTD   2 completed successfully ...        0 min, 53.525 sec

 ======================================
 |  Multilevel Ensemble Optimization  |
 ======================================
 Optimizing all 1416 structures from file "crest_dynamics.trj" ...
 ----------------------
 crude pre-optimization
 ----------------------
 Optimization engine: ANCOPT
 Hessian update type: BFGS
 E/G convergence criteria:  0.500E-03 Eh, 0.100E-01 Eh/a0
 maximum optimization steps: 200
 |>0.1% |>7.6% |>15.0% |>22.5% |>30.0% |>37.5% |>45.1% |>52.5% |>60.0% |>67.5% |>75.0% |>82.6% |>90.0% |>97.5% |>100.0%
 done.
> 1416 of 1416 structures successfully optimized (100.0% success)
> Total runtime for 1416 optimizations:
 * wall-time:     0 d,  0 h,  0 min, 56.205 sec
 *  cpu-time:     0 d,  0 h, 14 min, 50.662 sec
 * ratio c/w:    15.847 speedup
> Corresponding to approximately 0.040 sec per processed structure

CREGEN> running RMSDs ... done.
CREGEN> E lowest :   -63.11851
 1010 structures remain within    12.00 kcal/mol window
 ----------------------------------
 optimization with tight thresholds
 ----------------------------------
 Optimization engine: ANCOPT
 Hessian update type: BFGS
 E/G convergence criteria:  0.100E-05 Eh, 0.800E-03 Eh/a0
 maximum optimization steps: 200
 |>0.1% |>7.5% |>15.0% |>22.6% |>30.0% |>37.5% |>45.0% |>52.6% |>60.0% |>67.5% |>75.0% |>82.6% |>90.1% |>97.5% |>100.0%
 done.
> 1010 of 1010 structures successfully optimized (100.0% success)
> Total runtime for 1010 optimizations:
 * wall-time:     0 d,  0 h,  1 min, 52.060 sec
 *  cpu-time:     0 d,  0 h, 29 min, 27.538 sec
 * ratio c/w:    15.773 speedup
> Corresponding to approximately 0.111 sec per processed structure

CREGEN> running RMSDs ... done.
CREGEN> E lowest :   -63.11868
 102 structures remain within     6.00 kcal/mol window

========================================
           MTD Simulations done         
========================================
 Collecting ensmbles.
CREGEN> running RMSDs ... done.
CREGEN> E lowest :   -63.11868
 102 structures remain within     6.00 kcal/mol window
     H(298.15K)-H(0) (conf)      0.028122
                   Cp(conf)      0.193079
                    S(conf)      3.966258

******************************************************************************************
**                          I T E R A T I O N    C Y C L E      1                       **
******************************************************************************************
 -------------------------------------------
 determining bias structures via PCA/k-Means
 -------------------------------------------

 3 structures were selected
 done.

 -----------------------------------------------
 determining MTD seed structures via PCA/k-Means
 -----------------------------------------------

 5 structures were selected
 done.


 ==========================================================
 Static MTDs (umbrella sampling) on 5 selected conformer(s)
 ==========================================================
> Using 3 constant RMSD bias potentials per MTD
  :::::::::: starting static MTD   1 ::::::::::
  |   MD simulation time   :     3.0 ps       |
  |   target T             :   400.0 K        |
  |   timestep dt          :     5.0 fs       |
  |   dump interval(trj)   :   100.0 fs       |
  |   SHAKE algorithm      : true (all bonds) |
  |   Vbias prefactor (k)  :  0.0022 Eh       |
  |   Vbias exponent (α)   :  1.0000 bohr⁻²   |
  :::::::::: starting static MTD   5 ::::::::::
  |   MD simulation time   :     3.0 ps       |
  |   target T             :   400.0 K        |
  |   timestep dt          :     5.0 fs       |
  |   dump interval(trj)   :   100.0 fs       |
  |   SHAKE algorithm      : true (all bonds) |
  |   Vbias prefactor (k)  :  0.0022 Eh       |
  |   Vbias exponent (α)   :  1.0000 bohr⁻²   |
  :::::::::: starting static MTD   2 ::::::::::
  |   MD simulation time   :     3.0 ps       |
  |   target T             :   400.0 K        |
  |   timestep dt          :     5.0 fs       |
  |   dump interval(trj)   :   100.0 fs       |
  |   SHAKE algorithm      : true (all bonds) |
  |   Vbias prefactor (k)  :  0.0022 Eh       |
  |   Vbias exponent (α)   :  1.0000 bohr⁻²   |
  :::::::::: starting static MTD   4 ::::::::::
  |   MD simulation time   :     3.0 ps       |
  |   target T             :   400.0 K        |
  |   timestep dt          :     5.0 fs       |
  |   dump interval(trj)   :   100.0 fs       |
  |   SHAKE algorithm      : true (all bonds) |
  |   Vbias prefactor (k)  :  0.0022 Eh       |
  |   Vbias exponent (α)   :  1.0000 bohr⁻²   |
  :::::::::: starting static MTD   3 ::::::::::
  |   MD simulation time   :     3.0 ps       |
  |   target T             :   400.0 K        |
  |   timestep dt          :     5.0 fs       |
  |   dump interval(trj)   :   100.0 fs       |
  |   SHAKE algorithm      : true (all bonds) |
  |   Vbias prefactor (k)  :  0.0022 Eh       |
  |   Vbias exponent (α)   :  1.0000 bohr⁻²   |
*sMTD   1 completed successfully ...        0 min, 27.842 sec
*sMTD   5 completed successfully ...        0 min, 28.316 sec
*sMTD   4 completed successfully ...        0 min, 29.027 sec
*sMTD   2 completed successfully ...        0 min, 29.416 sec
*sMTD   3 completed successfully ...        0 min, 29.718 sec

 ======================================
 |  Multilevel Ensemble Optimization  |
 ======================================
 Optimizing all 145 structures from file "crest_rotamers_0.xyz" ...
 ----------------------
 crude pre-optimization
 ----------------------
 Optimization engine: ANCOPT
 Hessian update type: BFGS
 E/G convergence criteria:  0.500E-03 Eh, 0.100E-01 Eh/a0
 maximum optimization steps: 200
 |>0.7% |>10.3% |>20.0% |>30.3% |>40.0% |>50.3% |>60.0% |>70.3% |>80.0% |>90.3% |>100.0%
 done.
> 145 of 145 structures successfully optimized (100.0% success)
> Total runtime for 145 optimizations:
 * wall-time:     0 d,  0 h,  0 min,  3.860 sec
 *  cpu-time:     0 d,  0 h,  0 min, 59.002 sec
 * ratio c/w:    15.285 speedup
> Corresponding to approximately 0.027 sec per processed structure

CREGEN> running RMSDs ... done.
CREGEN> E lowest :   -63.11853
 95 structures remain within    12.00 kcal/mol window
 ---------------------------------------
 optimization with very tight thresholds
 ---------------------------------------
 Optimization engine: ANCOPT
 Hessian update type: BFGS
 E/G convergence criteria:  0.100E-06 Eh, 0.200E-03 Eh/a0
 maximum optimization steps: 200
 |>1.1% |>10.5% |>20.0% |>30.5% |>40.0% |>50.5% |>60.0% |>70.5% |>80.0% |>90.5% |>100.0%
 done.
> 95 of 95 structures successfully optimized (100.0% success)
> Total runtime for 95 optimizations:
 * wall-time:     0 d,  0 h,  0 min, 12.175 sec
 *  cpu-time:     0 d,  0 h,  2 min, 54.809 sec
 * ratio c/w:    14.358 speedup
> Corresponding to approximately 0.128 sec per processed structure

CREGEN> running RMSDs ... done.
CREGEN> E lowest :   -63.11868
 7 structures remain within     6.00 kcal/mol window
CREGEN> running RMSDs ... done.
CREGEN> E lowest :   -63.11868

 Static MTD simulation iteration 1 finished
 A total of 4 conformers (+*****%) in crest_conformers.xyz
 S(approx.) =    1.967684 cal/molK (dS =31.60%)
 Convergence w.r.t. conformers: F
 Convergence w.r.t. entropy   : F

 Warning: Nconf DECREASED, which is unphysical.
 Rewind ensemble and exit iterations ...
CREGEN> running RMSDs ... done.
CREGEN> E lowest :   -63.11868


 --------------------------
 Final Ensemble Information
 --------------------------
 input  file name : crest_rotamers_2.xyz
 output file name : crest_rotamers_3.xyz
 number of atoms                :   33
 number of points on xyz files  :   102
 RMSD threshold                 :   0.1250
 Bconst threshold               :   0.0100
 population threshold           :   0.0500
 # fragment in coord            :     1
 # bonds in reference structure :    34
 number of reliable points      :   102
 sorting energy window (EWIN)   :    6.0000 / kcal*mol⁻¹
 reference state Etot           :  -63.118679270000001
 number of doubles removed by rot/RMSD         :           0
 total number unique points considered further :         102
       Erel/kcal        Etot weight/tot  conformer     set   degen     origin
       1   0.000   -63.11868    0.01079    0.97130       1      92
       2   0.033   -63.11863    0.01021    0.01021       2       1
       3   0.034   -63.11862    0.01018    0.01018       3       1
       4   1.368   -63.11650    0.00108    0.00737       4       7
       5   1.442   -63.11638    0.00095    0.00095       5       1
T /K                                  :   298.15
E lowest                              :   -63.11868
ensemble average energy (kcal)        :    0.025
ensemble entropy (J/mol K, cal/mol K) :   38.003    9.083
ensemble free energy (kcal/mol)       :   -2.708
population of lowest in %             :   97.130
 number of unique conformers for further calc            5
 list of relative energies saved as "crest.energies"
 compare nuclear equivalencies ...
::::::::::: conformer group all :::::::::::
 chemical equivalencies (mag.active nuclei):
reference atom  22 # : 6
reference atom  28 # : 4
reference atom  32 # : 2
 magnetic equivalencies:
reference atom  22 # : 6

******************************************************************************************
**                           ENSEMBLE ENTROPY CALCULATION                               **
******************************************************************************************
======================================================
 Containing 5 conformers :
     H(298.15K)-H(0) (conf)      0.028122
                   Cp(conf)      0.193079
                    S(conf)      3.966258
======================================================

 --------------------------------------
 FINAL CALCULATION OF MOLECULAR ENTROPY
 --------------------------------------

WARNING: Not enough blocks for extrapolation.
         Taking full ensemble entropy instead.

FINAL ENTROPY (max conf.)  :      3.96626

 ----------------------------------
 Frequency Calculation and Averages
 ----------------------------------
 Nconf on file      : 5
 Taken for Hessians : 2 (= 93.75% total population)
 T range  /K    :   278.15   378.15
 scaling factor :          1.000000     
 rotor cutoff   :         25.000000 cm⁻¹
 imag. cutoff   :        -50.000000 cm⁻¹

 Running 2 calculations ...
 |>50.0% |>100.0%
 done.
 calculating averages for G and S ...    done.
 calculating Boltzmann weights ...       done.
 calculating reference S (bhess) ... > bhess not implemented for calculator routines
    done.
 calculating δSrrho ...                  done.

 Coordinates for the bhess reference structure (Ångström):
 -----------------------------------------------------------
  33

 C          0.0925614302       -1.2420070896        3.0970932560
 C          0.0001529790       -0.0005842167        2.1909248754
 C          1.2371172437        0.1621067028        1.2993588428
 C         -1.2369501916       -0.1627874177        1.2994652940
 C         -0.0921245445        1.2403261205        3.0978051089
 C          2.3979255947       -0.5838198134        1.4723496842
 C          1.2199476820        1.1202701837        0.2847686924
 C         -1.2201388875       -1.1208571483        0.2847773143
 C         -2.3975017861        0.5835045228        1.4725810422
 C          3.5079945309       -0.3820113593        0.6621444767
 C          3.5065340672        0.5731099917       -0.3541788665
 Br         5.0675817542       -1.4364316831        0.9380847979
 C          2.3293771895        1.3141419744       -0.5139486024
 O          4.6007973660        0.7372294703       -1.1217857445
 Br         2.2784901175        2.6294799112       -1.9057624991
 C         -2.3296745881       -1.3143069644       -0.5138892770
 C         -3.5065874675       -0.5729119387       -0.3539851716
 Br        -2.2792862999       -2.6295602958       -1.9058018217
 C         -3.5076819629        0.3821263090        0.6624126513
 O         -4.6009474561       -0.7366335730       -1.1215402480
 Br        -5.0669152618        1.4370254918        0.9385100646
 H          0.2262734934       -2.1567034062        2.5190111334
 H          0.9178944715       -1.1548997905        3.8057236138
 H         -0.8306773224       -1.3397920801        3.6686194007
 H         -0.2256930988        2.1553721852        2.5202427320
 H         -0.9175005612        1.1528909151        3.8063466131
 H          0.8311079773        1.3376662559        3.6694180852
 H          2.4616182606       -1.3397618616        2.2393480403
 H          0.3305623806        1.7078371322        0.1056884528
 H         -0.3309530668       -1.7086879992        0.1055720161
 H         -2.4609081896        1.3394012256        2.2396504798
 H          4.4273564380        1.4332279231       -1.7741096419
 H         -4.4277529609       -1.4326192646       -1.7739404182
 -----------------------------------------------------------
 as read from <coord>
 Heavy-atom RMSD between lowest conformer and this reference :
 RMSD(heavy) =        0.115978 Å

 msRRHO(bhess) reference entropies:
      278.15        156.072693
      288.15        158.810019
      298.15        161.519867
      308.15        164.203210
      318.15        166.860905
      328.15        169.493702
      338.15        172.102259
      348.15        174.687152
      358.15        177.248883
      368.15        179.787894
      378.15        182.304575

       T/K  |S(T)|/cal/molK       |G(T)|/Eh     G_lowest/Eh    (conf)
   -----------------------------------------------------------------
    278.15    0.153328E+03    0.179033E+00      -62.939898         2
    288.15    0.156043E+03    0.176599E+00      -62.942342         2
    298.15    0.158731E+03    0.174123E+00      -62.944829         2
    308.15    0.161395E+03    0.171604E+00      -62.947359         2
    318.15    0.164033E+03    0.169043E+00      -62.949932         2
    328.15    0.166648E+03    0.166439E+00      -62.952545         2
    338.15    0.169239E+03    0.163795E+00      -62.955201         2
    348.15    0.171808E+03    0.161109E+00      -62.957897         2
    358.15    0.174354E+03    0.158383E+00      -62.960635         2
    368.15    0.176879E+03    0.155616E+00      -62.963412         2
    378.15    0.179382E+03    0.152809E+00      -62.966230         2
   -----------------------------------------------------------------
   NOTE: if |G(T)| is the averaged contributrion to the free energy.
   |G(T)| used only for the higher-energetic structures (n > 2).
   All other structures use G(T) from the respective Hessian calculations.

 Quantities calculated on free energies:
       T/K          δSrrho           Cp(T)     [H(T)-H(0)]
   -------------------------------------------------------
    278.15   -0.274483E+01    0.262160E+00        0.334895
    288.15   -0.276723E+01    0.263343E+00        0.348971
    298.15   -0.278845E+01    0.263800E+00        0.363045
    308.15   -0.280855E+01    0.263618E+00        0.377110
    318.15   -0.282760E+01    0.262875E+00        0.391160
    328.15   -0.284566E+01    0.261644E+00        0.405190
    338.15   -0.286278E+01    0.259990E+00        0.419194
    348.15   -0.287904E+01    0.257973E+00        0.433169
    358.15   -0.289446E+01    0.255647E+00        0.447111
    368.15   -0.290911E+01    0.253059E+00        0.461018
    378.15   -0.292302E+01    0.250253E+00        0.474886
   -------------------------------------------------------
   NOTE: δSrrho(T) = |S(T)| - Sref(T)

 ----------------------
 TEMPERATURE DEPENDENCE
 ----------------------

 Final CONFORMATIONAL quantities at given T:
       T/K        S(total)           Cp(T)     [H(T)-H(0)]        G(total)
   -----------------------------------------------------------------------
    278.15        1.178671        0.262160        0.334895        0.007048
    288.15        1.177963        0.263343        0.348971        0.009541
    298.15        1.177806        0.263800        0.363045        0.011882
    308.15        1.178104        0.263618        0.377110        0.014077
    318.15        1.178776        0.262875        0.391160        0.016133
    328.15        1.179753        0.261644        0.405190        0.018054
    338.15        1.180979        0.259990        0.419194        0.019846
    348.15        1.182405        0.257973        0.433169        0.021515
    358.15        1.183991        0.255647        0.447111        0.023065
    368.15        1.185705        0.253059        0.461018        0.024500
    378.15        1.187520        0.250253        0.474886        0.025825
   -----------------------------------------------------------------------
   S and Cp in cal/mol*K; H and G in kcal/mol
   G(total) is the ensemble free energy (H-T*S) and S(total) = S(conf,extrapol.) + δSrrho

 ----------------------------------------------------
 |      FINAL MOLECULAR ENTROPY AT T= 298.15 K      |
 ----------------------------------------------------
     Sconf   =          3.966258
   + δSrrho  =         -2.788452
 -----------------------------------------------------
 = S(total)  =          1.177806  (cal mol⁻¹ K⁻¹)

   H(T)-H(0) =          0.363045
   G         =         -0.351163   (-T*S)
 -----------------------------------------------------
 = G(total)  =          0.011882  (H-T*S) (kcal mol⁻¹)

   Cp(total) =          0.263800  (cal mol⁻¹ K⁻¹)


 -----------------
 Wall Time Summary
 -----------------
 CREST runtime (total)               0 d,  0 h,  5 min, 53.630 sec
 ------------------------------------------------------------------
 Trial metadynamics (MTD)   ...        0 min,  8.328 sec (  2.355%)
 Metadynamics (MTD)         ...        1 min, 53.614 sec ( 32.128%)
 Geometry optimization      ...        3 min,  5.950 sec ( 52.583%)
 Static metadynamics (sMTD) ...        0 min, 29.732 sec (  8.408%)
 Conf. entropy evaluation   ...        0 min, 15.509 sec (  4.386%)
 I/O and setup              ...        0 min,  0.496 sec (  0.140%)
 ------------------------------------------------------------------
 * wall-time:     0 d,  0 h,  5 min, 53.630 sec
 *  cpu-time:     0 d,  1 h, 16 min,  6.165 sec
 * ratio c/w:    12.912 speedup
 ------------------------------------------------------------------
 * Total number of energy+grad calls: 99235

 CREST terminated normally.
