
       ╔════════════════════════════════════════════╗
       ║            ___ ___ ___ ___ _____           ║
       ║           / __| _ \ __/ __|_   _|          ║
       ║          | (__|   / _|\__ \ | |            ║
       ║           \___|_|_\___|___/ |_|            ║
       ║                                            ║
       ║  Conformer-Rotamer Ensemble Sampling Tool  ║
       ║          based on the xTB methods          ║
       ║                                            ║
       ╚════════════════════════════════════════════╝
       Version 3.0.2, Fri, 14 February 10:17:28, 02/14/2025
       commit (53290da) compiled by 'usr@fv-az1781-845'

   Cite work conducted with this code as

   • P.Pracht, F.Bohle, S.Grimme, PCCP, 2020, 22, 7169-7192.
   • S.Grimme, JCTC, 2019, 15, 2847-2862.
   • P.Pracht, S.Grimme, C.Bannwarth, F.Bohle, S.Ehlert,
     G.Feldmann, J.Gorges, M.Müller, T.Neudecker, C.Plett,
     S.Spicher, P.Steinbach, P.Wesołowski, F.Zeller,
     J. Chem. Phys., 2024, 160, 114110.

   for works involving QCG cite

   • S.Spicher, C.Plett, P.Pracht, A.Hansen, S.Grimme,
     JCTC, 2022, 18 (5), 3174-3189.
   • C.Plett, S. Grimme,
     Angew. Chem. Int. Ed. 2023, 62, e202214477.

   for works involving MECP screening cite

   • P.Pracht, C.Bannwarth, JCTC, 2022, 18 (10), 6370-6385.

   Original code
     P.Pracht, S.Grimme, Universität Bonn, MCTC
   with help from (alphabetical order):
     C.Bannwarth, F.Bohle, S.Ehlert, G.Feldmann, J.Gorges,
     S.Grimme, C.Plett, P.Pracht, S.Spicher, P.Steinbach,
     P.Wesolowski, F.Zeller

   Online documentation is available at
   https://crest-lab.github.io/crest-docs/

   This program is distributed in the hope that it will be useful,
   but WITHOUT ANY WARRANTY; without even the implied warranty of
   MERCHANTABILITY or FITNESS FOR A PARTICULAR PURPOSE. See the
   GNU Lesser General Public License (LGPL) for more details.

 Command line input:
 $ ./crest m1_00_TBBPA-DAEmol.xyz --T 16 --noreftopo --entropy --gfn1

  --T 16 (CPUs/Threads selected)
  --entropy : enhanced ensemble entropy calculation
  --gfn1               : Use of GFN1-xTB requested.

> Setting up backup calculator ... done.
 ----------------
 Calculation info
 ----------------
> User-defined calculation level:
 : xTB calculation via tblite lib
 : GFN1-xTB level
 :   Molecular charge    : 0
 :   Fermi temperature   : 300.00000
 :   Accuracy            : 1.00000
 :   max SCC cycles      : 500


 -----------------------------
 Initial Geometry Optimization
 -----------------------------
 Geometry successfully optimized.

          ┍━━━━━━━━━━━━━━━━━━━━━━━━━━━━━━━━━━━━━━━━━━━━━━━━━┑
          │              CREST ENTROPY SAMPLING             │
          ┕━━━━━━━━━━━━━━━━━━━━━━━━━━━━━━━━━━━━━━━━━━━━━━━━━┙

 please cite:
 • P.Pracht, S.Grimme, Chem. Sci., 2021, 12, 6551-6568.
 • J.Gorges, S.Grimme, A.Hansen, P.Pracht, PCCP, 2022,24, 12249-12259.

 Input structure:
  47

 C         -0.0000196069        0.0002114320        2.8532014806
 C          0.2396104633        1.2205784823        3.7561048839
 H         -0.6563938714        1.4075406193        4.3487380667
 H          1.0712202898        1.0388997335        4.4370645244
 H          0.4522316993        2.1134530838        3.1695110782
 C         -0.2396518629       -1.2200338598        3.7562691583
 H          0.6563560035       -1.4069249665        4.3489201895
 H         -1.0712549081       -1.0382578937        4.4372108259
 H         -0.4522863351       -2.1129845451        3.1697961300
 C          1.1696307544       -0.2971416153        1.9165207886
 C          0.9931284076       -1.2959318073        0.9569097402
 C          2.3559314417        0.4268795410        1.9124298312
 C          1.9491156813       -1.5197045530       -0.0153294578
 C          3.3157457704        0.1985529259        0.9354391623
 C          3.1115707035       -0.7489663310       -0.0645020956
 H          0.0813175820       -1.8798667888        0.9408400557
 H          2.5487569253        1.1890211242        2.6550072304
 C         -1.1696634078        0.2974339635        1.9164717639
 C         -0.9931473787        1.2960770973        0.9567102531
 C         -2.3559686317       -0.4265804761        1.9124819432
 C         -1.9491201980        1.5197007046       -0.0155770977
 C         -3.3157684234       -0.1984043328        0.9354416134
 C         -3.1115735241        0.7489535723       -0.0646482502
 H         -0.0813336286        1.8800055781        0.9405609495
 H         -2.5488079520       -1.1886024797        2.6551785114
 O          4.0143488493       -0.9461278307       -1.0735445110
 C          4.0139571034        0.0222378406       -2.1295028896
 H          4.3244179752        1.0033848159       -1.7437084330
 H          4.7644979439       -0.3331827022       -2.8427702375
 O         -4.0143268153        0.9459440893       -1.0737467732
 C         -4.0138913192       -0.0225983984       -2.1295437063
 H         -4.3243793307       -1.0036779384       -1.7435990425
 H         -4.7643937823        0.3327081394       -2.8429081526
 C          2.6596285635        0.1154657384       -2.7866827013
 H          2.3706267657       -0.7429108268       -3.3844845026
 C          1.8385090404        1.1384333824       -2.6163853090
 H          2.0990837952        1.9941283200       -2.0056591610
 H          0.8606765034        1.1751752026       -3.0789349283
 C         -2.6595301275       -0.1159488695       -2.7866391737
 H         -2.3704950569        0.7423187285       -3.3845812791
 C         -1.8384213423       -1.1388872648       -2.6161134146
 H         -2.0990297952       -1.9944710862       -2.0052460949
 H         -0.8605644625       -1.1757154184       -3.0786049174
 Br         4.9324372648        1.2112961930        0.9676527849
 Br         1.6661961052       -2.8703820307       -1.3293504577
 Br        -1.6661783833        2.8701700609       -1.3298072474
 Br        -4.9324638262       -1.2111367192        0.9677887312

 ------------------------------------------------
 Generating MTD length from a flexibility measure
 ------------------------------------------------
 Calculating GFN0-xTB WBOs   ... done.
 Calculating NCI flexibility ... done.
     covalent flexibility measure :   0.371
 non-covalent flexibility measure :   0.611
 flexibility measure :   0.371
 t(MTD) / ps    :    25.0
 Σ(t(MTD)) / ps :   600.0 (24 MTDs)

 -----------------------------------
 Starting trial MTD to test settings
 -----------------------------------
 Trial MTD 1 runtime (1.0 ps) ...        0 min, 14.471 sec
 Estimated runtime for one MTD (25.0 ps) on a single thread: 6 min 2 sec
 Estimated runtime for a batch of 24 MTDs on 16 threads: 12 min 4 sec

******************************************************************************************
**                         N E W   I T E R A T I O N  C Y C L E                         **
******************************************************************************************

 ------------------------------
 Meta-Dynamics Iteration 1
 ------------------------------
 list of applied metadynamics Vbias parameters:
$metadyn    0.35250   1.618
$metadyn    0.17625   1.618
$metadyn    0.08812   1.618
$metadyn    0.04406   1.618
$metadyn    0.35250   1.000
$metadyn    0.17625   1.000
$metadyn    0.08812   1.000
$metadyn    0.04406   1.000
$metadyn    0.35250   0.618
$metadyn    0.17625   0.618
$metadyn    0.08812   0.618
$metadyn    0.04406   0.618
$metadyn    0.35250   0.382
$metadyn    0.17625   0.382
$metadyn    0.08812   0.382
$metadyn    0.04406   0.382
$metadyn    0.35250   0.236
$metadyn    0.17625   0.236
$metadyn    0.08812   0.236
$metadyn    0.04406   0.236
$metadyn    0.35250   0.146
$metadyn    0.17625   0.146
$metadyn    0.08812   0.146
$metadyn    0.04406   0.146

  ::::::::::::: starting MTD    1 :::::::::::::
  |   MD simulation time   :    25.0 ps       |
  |   target T             :   300.0 K        |
  |   timestep dt          :     5.0 fs       |
  |   dump interval(trj)   :   100.0 fs       |
  |   SHAKE algorithm      : true (all bonds) |
  |   dump interval(Vbias) :    1.00 ps       |
  |   Vbias prefactor (k)  :  0.3525 Eh       |
  |   Vbias exponent (α)   :  1.6180 bohr⁻²   |
  ::::::::::::: starting MTD    3 :::::::::::::
  |   MD simulation time   :    25.0 ps       |
  |   target T             :   300.0 K        |
  |   timestep dt          :     5.0 fs       |
  |   dump interval(trj)   :   100.0 fs       |
  |   SHAKE algorithm      : true (all bonds) |
  |   dump interval(Vbias) :    1.00 ps       |
  |   Vbias prefactor (k)  :  0.0881 Eh       |
  |   Vbias exponent (α)   :  1.6180 bohr⁻²   |
  ::::::::::::: starting MTD    7 :::::::::::::
  |   MD simulation time   :    25.0 ps       |
  |   target T             :   300.0 K        |
  |   timestep dt          :     5.0 fs       |
  |   dump interval(trj)   :   100.0 fs       |
  |   SHAKE algorithm      : true (all bonds) |
  |   dump interval(Vbias) :    1.00 ps       |
  |   Vbias prefactor (k)  :  0.0881 Eh       |
  |   Vbias exponent (α)   :  1.0000 bohr⁻²   |
  ::::::::::::: starting MTD   15 :::::::::::::
  |   MD simulation time   :    25.0 ps       |
  |   target T             :   300.0 K        |
  |   timestep dt          :     5.0 fs       |
  |   dump interval(trj)   :   100.0 fs       |
  |   SHAKE algorithm      : true (all bonds) |
  |   dump interval(Vbias) :    1.00 ps       |
  |   Vbias prefactor (k)  :  0.0881 Eh       |
  |   Vbias exponent (α)   :  0.3820 bohr⁻²   |
  ::::::::::::: starting MTD    5 :::::::::::::
  |   MD simulation time   :    25.0 ps       |
  |   target T             :   300.0 K        |
  |   timestep dt          :     5.0 fs       |
  |   dump interval(trj)   :   100.0 fs       |
  |   SHAKE algorithm      : true (all bonds) |
  |   dump interval(Vbias) :    1.00 ps       |
  |   Vbias prefactor (k)  :  0.3525 Eh       |
  |   Vbias exponent (α)   :  1.0000 bohr⁻²   |
  ::::::::::::: starting MTD   17 :::::::::::::
  |   MD simulation time   :    25.0 ps       |
  |   target T             :   300.0 K        |
  |   timestep dt          :     5.0 fs       |
  |   dump interval(trj)   :   100.0 fs       |
  |   SHAKE algorithm      : true (all bonds) |
  |   dump interval(Vbias) :    1.00 ps       |
  |   Vbias prefactor (k)  :  0.3525 Eh       |
  |   Vbias exponent (α)   :  0.2361 bohr⁻²   |
  ::::::::::::: starting MTD   21 :::::::::::::
  |   MD simulation time   :    25.0 ps       |
  |   target T             :   300.0 K        |
  |   timestep dt          :     5.0 fs       |
  |   dump interval(trj)   :   100.0 fs       |
  |   SHAKE algorithm      : true (all bonds) |
  |   dump interval(Vbias) :    1.00 ps       |
  |   Vbias prefactor (k)  :  0.3525 Eh       |
  |   Vbias exponent (α)   :  0.1459 bohr⁻²   |
  ::::::::::::: starting MTD   23 :::::::::::::
  |   MD simulation time   :    25.0 ps       |
  |   target T             :   300.0 K        |
  |   timestep dt          :     5.0 fs       |
  |   dump interval(trj)   :   100.0 fs       |
  |   SHAKE algorithm      : true (all bonds) |
  |   dump interval(Vbias) :    1.00 ps       |
  |   Vbias prefactor (k)  :  0.0881 Eh       |
  |   Vbias exponent (α)   :  0.1459 bohr⁻²   |
  ::::::::::::: starting MTD   24 :::::::::::::
  |   MD simulation time   :    25.0 ps       |
  |   target T             :   300.0 K        |
  |   timestep dt          :     5.0 fs       |
  |   dump interval(trj)   :   100.0 fs       |
  |   SHAKE algorithm      : true (all bonds) |
  |   dump interval(Vbias) :    1.00 ps       |
  |   Vbias prefactor (k)  :  0.0441 Eh       |
  |   Vbias exponent (α)   :  0.1459 bohr⁻²   |
  ::::::::::::: starting MTD    9 :::::::::::::
  |   MD simulation time   :    25.0 ps       |
  |   target T             :   300.0 K        |
  |   timestep dt          :     5.0 fs       |
  |   dump interval(trj)   :   100.0 fs       |
  |   SHAKE algorithm      : true (all bonds) |
  |   dump interval(Vbias) :    1.00 ps       |
  |   Vbias prefactor (k)  :  0.3525 Eh       |
  |   Vbias exponent (α)   :  0.6180 bohr⁻²   |
  ::::::::::::: starting MTD   19 :::::::::::::
  |   MD simulation time   :    25.0 ps       |
  |   target T             :   300.0 K        |
  |   timestep dt          :     5.0 fs       |
  |   dump interval(trj)   :   100.0 fs       |
  |   SHAKE algorithm      : true (all bonds) |
  |   dump interval(Vbias) :    1.00 ps       |
  |   Vbias prefactor (k)  :  0.0881 Eh       |
  |   Vbias exponent (α)   :  0.2361 bohr⁻²   |
  ::::::::::::: starting MTD   11 :::::::::::::
  |   MD simulation time   :    25.0 ps       |
  |   target T             :   300.0 K        |
  |   timestep dt          :     5.0 fs       |
  |   dump interval(trj)   :   100.0 fs       |
  |   SHAKE algorithm      : true (all bonds) |
  |   dump interval(Vbias) :    1.00 ps       |
  |   Vbias prefactor (k)  :  0.0881 Eh       |
  |   Vbias exponent (α)   :  0.6180 bohr⁻²   |
  ::::::::::::: starting MTD   20 :::::::::::::
  |   MD simulation time   :    25.0 ps       |
  |   target T             :   300.0 K        |
  |   timestep dt          :     5.0 fs       |
  |   dump interval(trj)   :   100.0 fs       |
  |   SHAKE algorithm      : true (all bonds) |
  |   dump interval(Vbias) :    1.00 ps       |
  |   Vbias prefactor (k)  :  0.0441 Eh       |
  |   Vbias exponent (α)   :  0.2361 bohr⁻²   |
  ::::::::::::: starting MTD   13 :::::::::::::
  |   MD simulation time   :    25.0 ps       |
  |   target T             :   300.0 K        |
  |   timestep dt          :     5.0 fs       |
  |   dump interval(trj)   :   100.0 fs       |
  |   SHAKE algorithm      : true (all bonds) |
  |   dump interval(Vbias) :    1.00 ps       |
  |   Vbias prefactor (k)  :  0.3525 Eh       |
  |   Vbias exponent (α)   :  0.3820 bohr⁻²   |
  ::::::::::::: starting MTD   18 :::::::::::::
  |   MD simulation time   :    25.0 ps       |
  |   target T             :   300.0 K        |
  |   timestep dt          :     5.0 fs       |
  |   dump interval(trj)   :   100.0 fs       |
  |   SHAKE algorithm      : true (all bonds) |
  |   dump interval(Vbias) :    1.00 ps       |
  |   Vbias prefactor (k)  :  0.1762 Eh       |
  |   Vbias exponent (α)   :  0.2361 bohr⁻²   |
  ::::::::::::: starting MTD   22 :::::::::::::
  |   MD simulation time   :    25.0 ps       |
  |   target T             :   300.0 K        |
  |   timestep dt          :     5.0 fs       |
  |   dump interval(trj)   :   100.0 fs       |
  |   SHAKE algorithm      : true (all bonds) |
  |   dump interval(Vbias) :    1.00 ps       |
  |   Vbias prefactor (k)  :  0.1762 Eh       |
  |   Vbias exponent (α)   :  0.1459 bohr⁻²   |
*MTD  15 completed successfully ...        6 min, 44.116 sec
  ::::::::::::: starting MTD   16 :::::::::::::
  |   MD simulation time   :    25.0 ps       |
  |   target T             :   300.0 K        |
  |   timestep dt          :     5.0 fs       |
  |   dump interval(trj)   :   100.0 fs       |
  |   SHAKE algorithm      : true (all bonds) |
  |   dump interval(Vbias) :    1.00 ps       |
  |   Vbias prefactor (k)  :  0.0441 Eh       |
  |   Vbias exponent (α)   :  0.3820 bohr⁻²   |
*MTD  11 completed successfully ...        6 min, 44.356 sec
  ::::::::::::: starting MTD   12 :::::::::::::
  |   MD simulation time   :    25.0 ps       |
  |   target T             :   300.0 K        |
  |   timestep dt          :     5.0 fs       |
  |   dump interval(trj)   :   100.0 fs       |
  |   SHAKE algorithm      : true (all bonds) |
  |   dump interval(Vbias) :    1.00 ps       |
  |   Vbias prefactor (k)  :  0.0441 Eh       |
  |   Vbias exponent (α)   :  0.6180 bohr⁻²   |
*MTD  19 completed successfully ...        6 min, 44.652 sec
*MTD   5 completed successfully ...        6 min, 48.205 sec
  ::::::::::::: starting MTD    6 :::::::::::::
  |   MD simulation time   :    25.0 ps       |
  |   target T             :   300.0 K        |
  |   timestep dt          :     5.0 fs       |
  |   dump interval(trj)   :   100.0 fs       |
  |   SHAKE algorithm      : true (all bonds) |
  |   dump interval(Vbias) :    1.00 ps       |
  |   Vbias prefactor (k)  :  0.1762 Eh       |
  |   Vbias exponent (α)   :  1.0000 bohr⁻²   |
*MTD   3 completed successfully ...        6 min, 49.278 sec
  ::::::::::::: starting MTD    4 :::::::::::::
  |   MD simulation time   :    25.0 ps       |
  |   target T             :   300.0 K        |
  |   timestep dt          :     5.0 fs       |
  |   dump interval(trj)   :   100.0 fs       |
  |   SHAKE algorithm      : true (all bonds) |
  |   dump interval(Vbias) :    1.00 ps       |
  |   Vbias prefactor (k)  :  0.0441 Eh       |
  |   Vbias exponent (α)   :  1.6180 bohr⁻²   |
*MTD  18 completed successfully ...        6 min, 49.451 sec
*MTD   1 completed successfully ...        6 min, 49.573 sec
  ::::::::::::: starting MTD    2 :::::::::::::
  |   MD simulation time   :    25.0 ps       |
  |   target T             :   300.0 K        |
  |   timestep dt          :     5.0 fs       |
  |   dump interval(trj)   :   100.0 fs       |
  |   SHAKE algorithm      : true (all bonds) |
  |   dump interval(Vbias) :    1.00 ps       |
  |   Vbias prefactor (k)  :  0.1762 Eh       |
  |   Vbias exponent (α)   :  1.6180 bohr⁻²   |
*MTD  20 completed successfully ...        6 min, 49.718 sec
*MTD   9 completed successfully ...        6 min, 50.294 sec
  ::::::::::::: starting MTD   10 :::::::::::::
  |   MD simulation time   :    25.0 ps       |
  |   target T             :   300.0 K        |
  |   timestep dt          :     5.0 fs       |
  |   dump interval(trj)   :   100.0 fs       |
  |   SHAKE algorithm      : true (all bonds) |
  |   dump interval(Vbias) :    1.00 ps       |
  |   Vbias prefactor (k)  :  0.1762 Eh       |
  |   Vbias exponent (α)   :  0.6180 bohr⁻²   |
*MTD  24 completed successfully ...        6 min, 50.487 sec
*MTD   7 completed successfully ...        6 min, 50.667 sec
  ::::::::::::: starting MTD    8 :::::::::::::
  |   MD simulation time   :    25.0 ps       |
  |   target T             :   300.0 K        |
  |   timestep dt          :     5.0 fs       |
  |   dump interval(trj)   :   100.0 fs       |
  |   SHAKE algorithm      : true (all bonds) |
  |   dump interval(Vbias) :    1.00 ps       |
  |   Vbias prefactor (k)  :  0.0441 Eh       |
  |   Vbias exponent (α)   :  1.0000 bohr⁻²   |
*MTD  13 completed successfully ...        6 min, 51.887 sec
  ::::::::::::: starting MTD   14 :::::::::::::
  |   MD simulation time   :    25.0 ps       |
  |   target T             :   300.0 K        |
  |   timestep dt          :     5.0 fs       |
  |   dump interval(trj)   :   100.0 fs       |
  |   SHAKE algorithm      : true (all bonds) |
  |   dump interval(Vbias) :    1.00 ps       |
  |   Vbias prefactor (k)  :  0.1762 Eh       |
  |   Vbias exponent (α)   :  0.3820 bohr⁻²   |
*MTD  23 completed successfully ...        6 min, 52.961 sec
*MTD  17 completed successfully ...        6 min, 56.351 sec
*MTD  22 completed successfully ...        6 min, 59.438 sec
*MTD  21 completed successfully ...        7 min,  4.253 sec
*MTD  12 completed successfully ...        6 min,  8.408 sec
*MTD  16 completed successfully ...        6 min,  9.248 sec
*MTD   2 completed successfully ...        6 min,  3.907 sec
*MTD   6 completed successfully ...        6 min,  7.635 sec
*MTD   4 completed successfully ...        6 min,  7.726 sec
*MTD  10 completed successfully ...        6 min,  8.014 sec
*MTD  14 completed successfully ...        6 min,  6.516 sec
*MTD   8 completed successfully ...        6 min,  9.218 sec

 ======================================
 |  Multilevel Ensemble Optimization  |
 ======================================
 Optimizing all 5976 structures from file "crest_dynamics.trj" ...
 ----------------------
 crude pre-optimization
 ----------------------
 Optimization engine: ANCOPT
 Hessian update type: BFGS
 E/G convergence criteria:  0.500E-03 Eh, 0.100E-01 Eh/a0
 maximum optimization steps: 200
 |>0.0% |>5.0% |>10.0% |>15.0% |>20.0% |>25.0% |>30.0% |>35.0% |>40.0% |>45.0% |>50.0% |>55.0% |>60.0% |>65.0% |>70.0% |>75.0% |>80.0% |>85.0% |>90.0% |>95.0% |>100.0%
 done.
> 5976 of 5976 structures successfully optimized (100.0% success)
> Total runtime for 5976 optimizations:
 * wall-time:     0 d,  0 h,  7 min, 57.194 sec
 *  cpu-time:     0 d,  2 h,  6 min, 35.616 sec
 * ratio c/w:    15.917 speedup
> Corresponding to approximately 0.080 sec per processed structure

CREGEN> running RMSDs ... done.
CREGEN> E lowest :   -80.04594
 5924 structures remain within    12.00 kcal/mol window
 ----------------------------------
 optimization with tight thresholds
 ----------------------------------
 Optimization engine: ANCOPT
 Hessian update type: BFGS
 E/G convergence criteria:  0.100E-05 Eh, 0.800E-03 Eh/a0
 maximum optimization steps: 200
 |>0.0% |>5.0% |>10.0% |>15.0% |>20.0% |>25.0% |>30.0% |>35.0% |>40.0% |>45.0% |>50.0% |>55.0% |>60.0% |>65.0% |>70.0% |>75.0% |>80.0% |>85.0% |>90.0% |>95.0% |>100.0%
 done.
> 5924 of 5924 structures successfully optimized (100.0% success)
> Total runtime for 5924 optimizations:
 * wall-time:     0 d,  0 h, 35 min, 29.814 sec
 *  cpu-time:     0 d,  9 h, 26 min,  2.034 sec
 * ratio c/w:    15.946 speedup
> Corresponding to approximately 0.360 sec per processed structure

CREGEN> running RMSDs ... done.
CREGEN> E lowest :   -80.04663
 3357 structures remain within     6.00 kcal/mol window

========================================
           MTD Simulations done         
========================================
 Collecting ensmbles.
CREGEN> running RMSDs ... done.
CREGEN> E lowest :   -80.04663
 3357 structures remain within     6.00 kcal/mol window
     H(298.15K)-H(0) (conf)      0.685354
                   Cp(conf)      1.575075
                    S(conf)     12.628508

******************************************************************************************
**                          I T E R A T I O N    C Y C L E      1                       **
******************************************************************************************
 -------------------------------------------
 determining bias structures via PCA/k-Means
 -------------------------------------------

 7 structures were selected
 done.

 -----------------------------------------------
 determining MTD seed structures via PCA/k-Means
 -----------------------------------------------

 36 structures were selected
 done.


 ===========================================================
 Static MTDs (umbrella sampling) on 36 selected conformer(s)
 ===========================================================
> Using 7 constant RMSD bias potentials per MTD
  :::::::::: starting static MTD   1 ::::::::::
  |   MD simulation time   :    12.5 ps       |
  |   target T             :   400.0 K        |
  |   timestep dt          :     5.0 fs       |
  |   dump interval(trj)   :   100.0 fs       |
  |   SHAKE algorithm      : true (all bonds) |
  |   Vbias prefactor (k)  :  0.0034 Eh       |
  |   Vbias exponent (α)   :  1.0000 bohr⁻²   |
  :::::::::: starting static MTD   4 ::::::::::
  |   MD simulation time   :    12.5 ps       |
  |   target T             :   400.0 K        |
  |   timestep dt          :     5.0 fs       |
  |   dump interval(trj)   :   100.0 fs       |
  |   SHAKE algorithm      : true (all bonds) |
  |   Vbias prefactor (k)  :  0.0034 Eh       |
  |   Vbias exponent (α)   :  1.0000 bohr⁻²   |
  :::::::::: starting static MTD   2 ::::::::::
  |   MD simulation time   :    12.5 ps       |
  |   target T             :   400.0 K        |
  |   timestep dt          :     5.0 fs       |
  |   dump interval(trj)   :   100.0 fs       |
  |   SHAKE algorithm      : true (all bonds) |
  |   Vbias prefactor (k)  :  0.0034 Eh       |
  |   Vbias exponent (α)   :  1.0000 bohr⁻²   |
  :::::::::: starting static MTD   9 ::::::::::
  |   MD simulation time   :    12.5 ps       |
  |   target T             :   400.0 K        |
  |   timestep dt          :     5.0 fs       |
  |   dump interval(trj)   :   100.0 fs       |
  |   SHAKE algorithm      : true (all bonds) |
  |   Vbias prefactor (k)  :  0.0034 Eh       |
  |   Vbias exponent (α)   :  1.0000 bohr⁻²   |
  :::::::::: starting static MTD   5 ::::::::::
  |   MD simulation time   :    12.5 ps       |
  |   target T             :   400.0 K        |
  |   timestep dt          :     5.0 fs       |
  |   dump interval(trj)   :   100.0 fs       |
  |   SHAKE algorithm      : true (all bonds) |
  |   Vbias prefactor (k)  :  0.0034 Eh       |
  |   Vbias exponent (α)   :  1.0000 bohr⁻²   |
  :::::::::: starting static MTD   7 ::::::::::
  |   MD simulation time   :    12.5 ps       |
  |   target T             :   400.0 K        |
  |   timestep dt          :     5.0 fs       |
  |   dump interval(trj)   :   100.0 fs       |
  |   SHAKE algorithm      : true (all bonds) |
  |   Vbias prefactor (k)  :  0.0034 Eh       |
  |   Vbias exponent (α)   :  1.0000 bohr⁻²   |
  :::::::::: starting static MTD   8 ::::::::::
  |   MD simulation time   :    12.5 ps       |
  |   target T             :   400.0 K        |
  |   timestep dt          :     5.0 fs       |
  |   dump interval(trj)   :   100.0 fs       |
  |   SHAKE algorithm      : true (all bonds) |
  |   Vbias prefactor (k)  :  0.0034 Eh       |
  |   Vbias exponent (α)   :  1.0000 bohr⁻²   |
  :::::::::: starting static MTD  36 ::::::::::
  |   MD simulation time   :    12.5 ps       |
  |   target T             :   400.0 K        |
  |   timestep dt          :     5.0 fs       |
  |   dump interval(trj)   :   100.0 fs       |
  |   SHAKE algorithm      : true (all bonds) |
  |   Vbias prefactor (k)  :  0.0034 Eh       |
  |   Vbias exponent (α)   :  1.0000 bohr⁻²   |
  :::::::::: starting static MTD   3 ::::::::::
  |   MD simulation time   :    12.5 ps       |
  |   target T             :   400.0 K        |
  |   timestep dt          :     5.0 fs       |
  |   dump interval(trj)   :   100.0 fs       |
  |   SHAKE algorithm      : true (all bonds) |
  |   Vbias prefactor (k)  :  0.0034 Eh       |
  |   Vbias exponent (α)   :  1.0000 bohr⁻²   |
  :::::::::: starting static MTD  15 ::::::::::
  |   MD simulation time   :    12.5 ps       |
  |   target T             :   400.0 K        |
  |   timestep dt          :     5.0 fs       |
  |   dump interval(trj)   :   100.0 fs       |
  |   SHAKE algorithm      : true (all bonds) |
  |   Vbias prefactor (k)  :  0.0034 Eh       |
  |   Vbias exponent (α)   :  1.0000 bohr⁻²   |
  :::::::::: starting static MTD  14 ::::::::::
  |   MD simulation time   :    12.5 ps       |
  |   target T             :   400.0 K        |
  |   timestep dt          :     5.0 fs       |
  |   dump interval(trj)   :   100.0 fs       |
  |   SHAKE algorithm      : true (all bonds) |
  |   Vbias prefactor (k)  :  0.0034 Eh       |
  |   Vbias exponent (α)   :  1.0000 bohr⁻²   |
  :::::::::: starting static MTD  11 ::::::::::
  |   MD simulation time   :    12.5 ps       |
  |   target T             :   400.0 K        |
  |   timestep dt          :     5.0 fs       |
  |   dump interval(trj)   :   100.0 fs       |
  |   SHAKE algorithm      : true (all bonds) |
  |   Vbias prefactor (k)  :  0.0034 Eh       |
  |   Vbias exponent (α)   :  1.0000 bohr⁻²   |
  :::::::::: starting static MTD  12 ::::::::::
  |   MD simulation time   :    12.5 ps       |
  |   target T             :   400.0 K        |
  |   timestep dt          :     5.0 fs       |
  |   dump interval(trj)   :   100.0 fs       |
  |   SHAKE algorithm      : true (all bonds) |
  |   Vbias prefactor (k)  :  0.0034 Eh       |
  |   Vbias exponent (α)   :  1.0000 bohr⁻²   |
  :::::::::: starting static MTD  13 ::::::::::
  |   MD simulation time   :    12.5 ps       |
  |   target T             :   400.0 K        |
  |   timestep dt          :     5.0 fs       |
  |   dump interval(trj)   :   100.0 fs       |
  |   SHAKE algorithm      : true (all bonds) |
  |   Vbias prefactor (k)  :  0.0034 Eh       |
  |   Vbias exponent (α)   :  1.0000 bohr⁻²   |
  :::::::::: starting static MTD   6 ::::::::::
  |   MD simulation time   :    12.5 ps       |
  |   target T             :   400.0 K        |
  |   timestep dt          :     5.0 fs       |
  |   dump interval(trj)   :   100.0 fs       |
  |   SHAKE algorithm      : true (all bonds) |
  |   Vbias prefactor (k)  :  0.0034 Eh       |
  |   Vbias exponent (α)   :  1.0000 bohr⁻²   |
  :::::::::: starting static MTD  10 ::::::::::
  |   MD simulation time   :    12.5 ps       |
  |   target T             :   400.0 K        |
  |   timestep dt          :     5.0 fs       |
  |   dump interval(trj)   :   100.0 fs       |
  |   SHAKE algorithm      : true (all bonds) |
  |   Vbias prefactor (k)  :  0.0034 Eh       |
  |   Vbias exponent (α)   :  1.0000 bohr⁻²   |
*sMTD  36 completed successfully ...        3 min, 27.667 sec
  :::::::::: starting static MTD  35 ::::::::::
  |   MD simulation time   :    12.5 ps       |
  |   target T             :   400.0 K        |
  |   timestep dt          :     5.0 fs       |
  |   dump interval(trj)   :   100.0 fs       |
  |   SHAKE algorithm      : true (all bonds) |
  |   Vbias prefactor (k)  :  0.0034 Eh       |
  |   Vbias exponent (α)   :  1.0000 bohr⁻²   |
*sMTD  13 completed successfully ...        3 min, 30.497 sec
  :::::::::: starting static MTD  16 ::::::::::
  |   MD simulation time   :    12.5 ps       |
  |   target T             :   400.0 K        |
  |   timestep dt          :     5.0 fs       |
  |   dump interval(trj)   :   100.0 fs       |
  |   SHAKE algorithm      : true (all bonds) |
  |   Vbias prefactor (k)  :  0.0034 Eh       |
  |   Vbias exponent (α)   :  1.0000 bohr⁻²   |
*sMTD  15 completed successfully ...        3 min, 30.559 sec
  :::::::::: starting static MTD  17 ::::::::::
  |   MD simulation time   :    12.5 ps       |
  |   target T             :   400.0 K        |
  |   timestep dt          :     5.0 fs       |
  |   dump interval(trj)   :   100.0 fs       |
  |   SHAKE algorithm      : true (all bonds) |
  |   Vbias prefactor (k)  :  0.0034 Eh       |
  |   Vbias exponent (α)   :  1.0000 bohr⁻²   |
*sMTD   7 completed successfully ...        3 min, 30.910 sec
  :::::::::: starting static MTD  18 ::::::::::
  |   MD simulation time   :    12.5 ps       |
  |   target T             :   400.0 K        |
  |   timestep dt          :     5.0 fs       |
  |   dump interval(trj)   :   100.0 fs       |
  |   SHAKE algorithm      : true (all bonds) |
  |   Vbias prefactor (k)  :  0.0034 Eh       |
  |   Vbias exponent (α)   :  1.0000 bohr⁻²   |
*sMTD  14 completed successfully ...        3 min, 30.939 sec
  :::::::::: starting static MTD  19 ::::::::::
  |   MD simulation time   :    12.5 ps       |
  |   target T             :   400.0 K        |
  |   timestep dt          :     5.0 fs       |
  |   dump interval(trj)   :   100.0 fs       |
  |   SHAKE algorithm      : true (all bonds) |
  |   Vbias prefactor (k)  :  0.0034 Eh       |
  |   Vbias exponent (α)   :  1.0000 bohr⁻²   |
*sMTD   8 completed successfully ...        3 min, 31.466 sec
  :::::::::: starting static MTD  20 ::::::::::
  |   MD simulation time   :    12.5 ps       |
  |   target T             :   400.0 K        |
  |   timestep dt          :     5.0 fs       |
  |   dump interval(trj)   :   100.0 fs       |
  |   SHAKE algorithm      : true (all bonds) |
  |   Vbias prefactor (k)  :  0.0034 Eh       |
  |   Vbias exponent (α)   :  1.0000 bohr⁻²   |
*sMTD   4 completed successfully ...        3 min, 31.826 sec
  :::::::::: starting static MTD  21 ::::::::::
  |   MD simulation time   :    12.5 ps       |
  |   target T             :   400.0 K        |
  |   timestep dt          :     5.0 fs       |
  |   dump interval(trj)   :   100.0 fs       |
  |   SHAKE algorithm      : true (all bonds) |
  |   Vbias prefactor (k)  :  0.0034 Eh       |
  |   Vbias exponent (α)   :  1.0000 bohr⁻²   |
*sMTD   1 completed successfully ...        3 min, 32.330 sec
  :::::::::: starting static MTD  22 ::::::::::
  |   MD simulation time   :    12.5 ps       |
  |   target T             :   400.0 K        |
  |   timestep dt          :     5.0 fs       |
  |   dump interval(trj)   :   100.0 fs       |
  |   SHAKE algorithm      : true (all bonds) |
  |   Vbias prefactor (k)  :  0.0034 Eh       |
  |   Vbias exponent (α)   :  1.0000 bohr⁻²   |
*sMTD   9 completed successfully ...        3 min, 32.501 sec
  :::::::::: starting static MTD  23 ::::::::::
  |   MD simulation time   :    12.5 ps       |
  |   target T             :   400.0 K        |
  |   timestep dt          :     5.0 fs       |
  |   dump interval(trj)   :   100.0 fs       |
  |   SHAKE algorithm      : true (all bonds) |
  |   Vbias prefactor (k)  :  0.0034 Eh       |
  |   Vbias exponent (α)   :  1.0000 bohr⁻²   |
*sMTD   3 completed successfully ...        3 min, 32.698 sec
  :::::::::: starting static MTD  24 ::::::::::
  |   MD simulation time   :    12.5 ps       |
  |   target T             :   400.0 K        |
  |   timestep dt          :     5.0 fs       |
  |   dump interval(trj)   :   100.0 fs       |
  |   SHAKE algorithm      : true (all bonds) |
  |   Vbias prefactor (k)  :  0.0034 Eh       |
  |   Vbias exponent (α)   :  1.0000 bohr⁻²   |
*sMTD  11 completed successfully ...        3 min, 32.954 sec
  :::::::::: starting static MTD  25 ::::::::::
  |   MD simulation time   :    12.5 ps       |
  |   target T             :   400.0 K        |
  |   timestep dt          :     5.0 fs       |
  |   dump interval(trj)   :   100.0 fs       |
  |   SHAKE algorithm      : true (all bonds) |
  |   Vbias prefactor (k)  :  0.0034 Eh       |
  |   Vbias exponent (α)   :  1.0000 bohr⁻²   |
*sMTD   5 completed successfully ...        3 min, 33.080 sec
  :::::::::: starting static MTD  26 ::::::::::
  |   MD simulation time   :    12.5 ps       |
  |   target T             :   400.0 K        |
  |   timestep dt          :     5.0 fs       |
  |   dump interval(trj)   :   100.0 fs       |
  |   SHAKE algorithm      : true (all bonds) |
  |   Vbias prefactor (k)  :  0.0034 Eh       |
  |   Vbias exponent (α)   :  1.0000 bohr⁻²   |
*sMTD  10 completed successfully ...        3 min, 33.314 sec
  :::::::::: starting static MTD  27 ::::::::::
  |   MD simulation time   :    12.5 ps       |
  |   target T             :   400.0 K        |
  |   timestep dt          :     5.0 fs       |
  |   dump interval(trj)   :   100.0 fs       |
  |   SHAKE algorithm      : true (all bonds) |
  |   Vbias prefactor (k)  :  0.0034 Eh       |
  |   Vbias exponent (α)   :  1.0000 bohr⁻²   |
*sMTD   6 completed successfully ...        3 min, 33.691 sec
  :::::::::: starting static MTD  28 ::::::::::
  |   MD simulation time   :    12.5 ps       |
  |   target T             :   400.0 K        |
  |   timestep dt          :     5.0 fs       |
  |   dump interval(trj)   :   100.0 fs       |
  |   SHAKE algorithm      : true (all bonds) |
  |   Vbias prefactor (k)  :  0.0034 Eh       |
  |   Vbias exponent (α)   :  1.0000 bohr⁻²   |
*sMTD  12 completed successfully ...        3 min, 34.815 sec
  :::::::::: starting static MTD  29 ::::::::::
  |   MD simulation time   :    12.5 ps       |
  |   target T             :   400.0 K        |
  |   timestep dt          :     5.0 fs       |
  |   dump interval(trj)   :   100.0 fs       |
  |   SHAKE algorithm      : true (all bonds) |
  |   Vbias prefactor (k)  :  0.0034 Eh       |
  |   Vbias exponent (α)   :  1.0000 bohr⁻²   |
*sMTD   2 completed successfully ...        3 min, 35.219 sec
  :::::::::: starting static MTD  30 ::::::::::
  |   MD simulation time   :    12.5 ps       |
  |   target T             :   400.0 K        |
  |   timestep dt          :     5.0 fs       |
  |   dump interval(trj)   :   100.0 fs       |
  |   SHAKE algorithm      : true (all bonds) |
  |   Vbias prefactor (k)  :  0.0034 Eh       |
  |   Vbias exponent (α)   :  1.0000 bohr⁻²   |
*sMTD  20 completed successfully ...        3 min, 28.064 sec
  :::::::::: starting static MTD  31 ::::::::::
  |   MD simulation time   :    12.5 ps       |
  |   target T             :   400.0 K        |
  |   timestep dt          :     5.0 fs       |
  |   dump interval(trj)   :   100.0 fs       |
  |   SHAKE algorithm      : true (all bonds) |
  |   Vbias prefactor (k)  :  0.0034 Eh       |
  |   Vbias exponent (α)   :  1.0000 bohr⁻²   |
*sMTD  19 completed successfully ...        3 min, 30.158 sec
  :::::::::: starting static MTD  32 ::::::::::
  |   MD simulation time   :    12.5 ps       |
  |   target T             :   400.0 K        |
  |   timestep dt          :     5.0 fs       |
  |   dump interval(trj)   :   100.0 fs       |
  |   SHAKE algorithm      : true (all bonds) |
  |   Vbias prefactor (k)  :  0.0034 Eh       |
  |   Vbias exponent (α)   :  1.0000 bohr⁻²   |
*sMTD  35 completed successfully ...        3 min, 33.461 sec
  :::::::::: starting static MTD  34 ::::::::::
  |   MD simulation time   :    12.5 ps       |
  |   target T             :   400.0 K        |
  |   timestep dt          :     5.0 fs       |
  |   dump interval(trj)   :   100.0 fs       |
  |   SHAKE algorithm      : true (all bonds) |
  |   Vbias prefactor (k)  :  0.0034 Eh       |
  |   Vbias exponent (α)   :  1.0000 bohr⁻²   |
*sMTD  23 completed successfully ...        3 min, 29.981 sec
  :::::::::: starting static MTD  33 ::::::::::
  |   MD simulation time   :    12.5 ps       |
  |   target T             :   400.0 K        |
  |   timestep dt          :     5.0 fs       |
  |   dump interval(trj)   :   100.0 fs       |
  |   SHAKE algorithm      : true (all bonds) |
  |   Vbias prefactor (k)  :  0.0034 Eh       |
  |   Vbias exponent (α)   :  1.0000 bohr⁻²   |
*sMTD  17 completed successfully ...        3 min, 31.995 sec
*sMTD  27 completed successfully ...        3 min, 29.917 sec
*sMTD  26 completed successfully ...        3 min, 30.212 sec
*sMTD  25 completed successfully ...        3 min, 30.735 sec
*sMTD  24 completed successfully ...        3 min, 31.346 sec
*sMTD  21 completed successfully ...        3 min, 32.546 sec
*sMTD  16 completed successfully ...        3 min, 33.895 sec
*sMTD  28 completed successfully ...        3 min, 30.739 sec
*sMTD  30 completed successfully ...        3 min, 29.784 sec
*sMTD  18 completed successfully ...        3 min, 34.183 sec
*sMTD  29 completed successfully ...        3 min, 30.324 sec
*sMTD  22 completed successfully ...        3 min, 33.613 sec
*sMTD  31 completed successfully ...        2 min, 58.936 sec
*sMTD  34 completed successfully ...        3 min,  0.099 sec
*sMTD  33 completed successfully ...        2 min, 59.374 sec
*sMTD  32 completed successfully ...        3 min,  1.006 sec

 ======================================
 |  Multilevel Ensemble Optimization  |
 ======================================
 Optimizing all 4464 structures from file "crest_rotamers_0.xyz" ...
 ----------------------
 crude pre-optimization
 ----------------------
 Optimization engine: ANCOPT
 Hessian update type: BFGS
 E/G convergence criteria:  0.500E-03 Eh, 0.100E-01 Eh/a0
 maximum optimization steps: 200
 |>0.0% |>7.5% |>15.0% |>22.5% |>30.0% |>37.5% |>45.0% |>52.5% |>60.0% |>67.5% |>75.0% |>82.5% |>90.0% |>97.5% |>100.0%
 done.
> 4464 of 4464 structures successfully optimized (100.0% success)
> Total runtime for 4464 optimizations:
 * wall-time:     0 d,  0 h,  3 min, 52.177 sec
 *  cpu-time:     0 d,  1 h,  1 min, 38.088 sec
 * ratio c/w:    15.928 speedup
> Corresponding to approximately 0.052 sec per processed structure

CREGEN> running RMSDs ... done.
CREGEN> E lowest :   -80.04618
 4331 structures remain within    12.00 kcal/mol window
 ---------------------------------------
 optimization with very tight thresholds
 ---------------------------------------
 Optimization engine: ANCOPT
 Hessian update type: BFGS
 E/G convergence criteria:  0.100E-06 Eh, 0.200E-03 Eh/a0
 maximum optimization steps: 200
 |>0.0% |>7.5% |>15.0% |>22.5% |>30.0% |>37.5% |>45.0% |>52.5% |>60.0% |>67.5% |>75.0% |>82.5% |>90.0% |>97.5% |>100.0%
 done.
> 4299 of 4331 structures successfully optimized (99.3% success)
> Total runtime for 4331 optimizations:
 * wall-time:     0 d,  0 h, 32 min,  6.956 sec
 *  cpu-time:     0 d,  8 h, 32 min,  7.181 sec
 * ratio c/w:    15.946 speedup
> Corresponding to approximately 0.445 sec per processed structure

CREGEN> running RMSDs ... done.
CREGEN> E lowest :   -80.04663
 1066 structures remain within     6.00 kcal/mol window
CREGEN> running RMSDs ... done.
CREGEN> E lowest :   -80.04663

 Static MTD simulation iteration 1 finished
 A total of 530 conformers (+ 0.94%) in crest_conformers.xyz
 S(approx.) =   11.284465 cal/molK (dS = 0.28%)
 Convergence w.r.t. conformers: T
 Convergence w.r.t. entropy   : T

     H(298.15K)-H(0) (conf)      0.708790
                   Cp(conf)      1.561922
                    S(conf)     12.660141


 --------------------------
 Final Ensemble Information
 --------------------------
 input  file name : crest_rotamers_2.xyz
 output file name : crest_rotamers_3.xyz
 number of atoms                :   47
 number of points on xyz files  :   4423
 RMSD threshold                 :   0.1250
 Bconst threshold               :   0.0100
 population threshold           :   0.0500
 # fragment in coord            :     1
 # bonds in reference structure :    48
 number of reliable points      :  4423
 sorting energy window (EWIN)   :    6.0000 / kcal*mol⁻¹
 reference state Etot           :  -80.046632630000005
 number of doubles removed by rot/RMSD         :         216
 total number unique points considered further :        4207
       Erel/kcal        Etot weight/tot  conformer     set   degen     origin
       1   0.000   -80.04663    0.00118    0.06754       1      58
       2   0.011   -80.04661    0.00115    0.04013       2      35
       3   0.019   -80.04660    0.00114    0.02078       3      18
       4   0.023   -80.04660    0.00113    0.01025       4       9
       5   0.026   -80.04659    0.00113    0.01249       5      11
       6   0.034   -80.04658    0.00111    0.00789       6       7
       7   0.035   -80.04658    0.00111    0.00224       7       2
       8   0.030   -80.04658    0.00112    0.00666       8       6
       9   0.042   -80.04657    0.00110    0.00110       9       1
      10   0.045   -80.04656    0.00109    0.00865      10       8
      11   0.070   -80.04652    0.00105    0.00422      11       4
      12   0.070   -80.04652    0.00105    0.00314      12       3
      13   0.090   -80.04649    0.00101    0.00302      13       3
      14   0.104   -80.04647    0.00099    0.00294      14       3
      15   0.131   -80.04642    0.00094    0.00188      15       2
      16   0.161   -80.04638    0.00090    0.00178      16       2
      17   0.191   -80.04633    0.00085    0.00085      17       1
      18   0.225   -80.04627    0.00081    0.00081      18       1
      19   0.231   -80.04626    0.00080    0.05605      19      72
      20   0.259   -80.04622    0.00076    0.00994      20      13
      21   0.259   -80.04622    0.00076    0.03675      21      49
      22   0.256   -80.04622    0.00076    0.01401      22      19
      23   0.283   -80.04618    0.00073    0.00073      23       1
      24   0.279   -80.04619    0.00073    0.00147      24       2
      25   0.283   -80.04618    0.00073    0.00219      25       3
      26   0.288   -80.04617    0.00072    0.00290      26       4
      27   0.293   -80.04617    0.00072    0.00072      27       1
      28   0.298   -80.04616    0.00071    0.00573      28       8
      29   0.285   -80.04618    0.00073    0.00073      29       1
      30   0.305   -80.04615    0.00070    0.00213      30       3
      31   0.309   -80.04614    0.00070    0.00070      31       1
      32   0.310   -80.04614    0.00070    0.00139      32       2
      33   0.452   -80.04591    0.00055    0.03373      33      62
      34   0.461   -80.04590    0.00054    0.00809      34      15
      35   0.461   -80.04590    0.00054    0.00751      35      14
      36   0.462   -80.04590    0.00054    0.00375      36       7
      37   0.470   -80.04588    0.00053    0.00265      37       5
      38   0.478   -80.04587    0.00053    0.00053      38       1
      39   0.478   -80.04587    0.00053    0.03167      39      63
      40   0.518   -80.04581    0.00049    0.00343      40       7
      41   0.523   -80.04580    0.00049    0.00098      41       2
      42   0.525   -80.04580    0.00049    0.03511      42      71
      43   0.511   -80.04582    0.00050    0.00394      43       8
      44   0.529   -80.04579    0.00048    0.00539      44      11
      45   0.514   -80.04581    0.00049    0.00578      45      12
      46   0.527   -80.04579    0.00048    0.01492      46      32
      47   0.554   -80.04575    0.00046    0.00507      47      11
      48   0.575   -80.04572    0.00045    0.00135      48       3
      49   0.557   -80.04574    0.00046    0.00227      49       5
      50   0.600   -80.04568    0.00043    0.00043      50       1
      51   0.628   -80.04563    0.00041    0.00848      51      21
      52   0.632   -80.04563    0.00041    0.00324      52       8
      53   0.648   -80.04560    0.00039    0.01818      53      46
      54   0.660   -80.04558    0.00039    0.00155      54       4
      55   0.651   -80.04559    0.00039    0.00466      55      12
      56   0.641   -80.04561    0.00040    0.00356      56       9
      57   0.662   -80.04558    0.00039    0.00155      57       4
      58   0.674   -80.04556    0.00038    0.00114      58       3
      59   0.643   -80.04561    0.00040    0.00159      59       4
      60   0.675   -80.04556    0.00038    0.00038      60       1
      61   0.644   -80.04561    0.00040    0.00040      61       1
      62   0.645   -80.04561    0.00040    0.00040      62       1
      63   0.645   -80.04560    0.00040    0.01561      63      41
      64   0.684   -80.04554    0.00037    0.00264      64       7
      65   0.666   -80.04557    0.00038    0.00304      65       8
      66   0.669   -80.04557    0.00038    0.00113      66       3
      67   0.669   -80.04557    0.00038    0.00114      67       3
      68   0.677   -80.04555    0.00038    0.00828      68      22
      69   0.676   -80.04556    0.00038    0.00182      69       5
      70   0.676   -80.04556    0.00038    0.00730      70      20
      71   0.711   -80.04550    0.00035    0.00177      71       5
      72   0.684   -80.04554    0.00037    0.00074      72       2
      73   0.685   -80.04554    0.00037    0.00185      73       5
      74   0.687   -80.04554    0.00037    0.00181      74       5
      75   0.717   -80.04549    0.00035    0.00072      75       2
      76   0.688   -80.04554    0.00037    0.00072      76       2
      77   0.717   -80.04549    0.00035    0.00107      77       3
      78   0.721   -80.04548    0.00035    0.00072      78       2
      79   0.692   -80.04553    0.00037    0.00525      79      15
      80   0.730   -80.04547    0.00034    0.01576      80      46
      81   0.745   -80.04544    0.00033    0.01394      81      41
      82   0.738   -80.04546    0.00034    0.01736      82      51
      83   0.741   -80.04545    0.00034    0.00034      83       1
      84   0.756   -80.04543    0.00033    0.00875      84      26
      85   0.727   -80.04547    0.00035    0.00540      85      16
      86   0.744   -80.04545    0.00034    0.00102      86       3
      87   0.744   -80.04545    0.00034    0.00369      87      11
      88   0.728   -80.04547    0.00035    0.00271      88       8
      89   0.755   -80.04543    0.00033    0.00066      89       2
      90   0.745   -80.04544    0.00033    0.00228      90       7
      91   0.794   -80.04537    0.00031    0.00031      91       1
      92   0.795   -80.04537    0.00031    0.00031      92       1
      93   0.796   -80.04536    0.00031    0.00664      93      22
      94   0.816   -80.04533    0.00030    0.00327      94      11
      95   0.809   -80.04534    0.00030    0.00414      95      14
      96   0.828   -80.04531    0.00029    0.00029      96       1
      97   0.841   -80.04529    0.00029    0.00029      97       1
      98   0.858   -80.04527    0.00028    0.00785      98      29
      99   0.888   -80.04522    0.00026    0.00053      99       2
     100   0.888   -80.04522    0.00026    0.00185     100       7
     101   0.884   -80.04522    0.00026    0.00158     101       6
     102   0.883   -80.04523    0.00027    0.00237     102       9
     103   0.865   -80.04525    0.00027    0.00027     103       1
     104   0.865   -80.04525    0.00027    0.01221     104      47
     105   0.920   -80.04517    0.00025    0.00100     105       4
     106   0.916   -80.04517    0.00025    0.00150     106       6
     107   0.896   -80.04520    0.00026    0.00026     107       1
     108   0.896   -80.04520    0.00026    0.00355     108      14
     109   0.903   -80.04519    0.00026    0.00051     109       2
     110   0.923   -80.04516    0.00025    0.00025     110       1
     111   0.903   -80.04519    0.00026    0.00125     111       5
     112   0.904   -80.04519    0.00026    0.01310     112      54
     113   0.960   -80.04510    0.00023    0.00023     113       1
     114   0.960   -80.04510    0.00023    0.00560     114      24
     115   0.962   -80.04510    0.00023    0.00023     115       1
     116   0.963   -80.04510    0.00023    0.00094     116       4
     117   0.930   -80.04515    0.00025    0.00387     117      16
     118   0.935   -80.04514    0.00024    0.00191     118       8
     119   0.970   -80.04509    0.00023    0.00023     119       1
     120   0.963   -80.04510    0.00023    0.00046     120       2
     121   0.970   -80.04509    0.00023    0.01488     121      64
     122   0.975   -80.04508    0.00023    0.00069     122       3
     123   0.965   -80.04510    0.00023    0.00691     123      30
     124   0.977   -80.04508    0.00023    0.00069     124       3
     125   0.969   -80.04509    0.00023    0.00206     125       9
     126   0.969   -80.04509    0.00023    0.00114     126       5
     127   0.994   -80.04505    0.00022    0.00111     127       5
     128   1.004   -80.04503    0.00022    0.00022     128       1
     129   0.980   -80.04507    0.00023    0.00044     129       2
     130   1.010   -80.04502    0.00021    0.00320     130      15
     131   1.019   -80.04501    0.00021    0.00021     131       1
     132   1.026   -80.04500    0.00021    0.00041     132       2
     133   1.046   -80.04497    0.00020    0.00908     133      46
     134   1.083   -80.04491    0.00019    0.00038     134       2
     135   1.084   -80.04490    0.00019    0.00324     135      17
     136   1.078   -80.04491    0.00019    0.00321     136      17
     137   1.085   -80.04490    0.00019    0.00019     137       1
     138   1.090   -80.04490    0.00019    0.00117     138       6
     139   1.089   -80.04490    0.00019    0.00078     139       4
     140   1.061   -80.04494    0.00020    0.00079     140       4
     141   1.089   -80.04490    0.00019    0.00038     141       2
     142   1.062   -80.04494    0.00020    0.00154     142       8
     143   1.091   -80.04489    0.00019    0.00019     143       1
     144   1.092   -80.04489    0.00019    0.00038     144       2
     145   1.089   -80.04490    0.00019    0.00019     145       1
     146   1.092   -80.04489    0.00019    0.00151     146       8
     147   1.064   -80.04494    0.00020    0.00075     147       4
     148   1.103   -80.04488    0.00018    0.00055     148       3
     149   1.098   -80.04488    0.00018    0.00056     149       3
     150   1.100   -80.04488    0.00018    0.00037     150       2
     151   1.104   -80.04487    0.00018    0.00467     151      26
     152   1.124   -80.04484    0.00018    0.00124     152       7
     153   1.125   -80.04484    0.00018    0.00035     153       2
     154   1.121   -80.04485    0.00018    0.00123     154       7
     155   1.127   -80.04484    0.00018    0.00070     155       4
     156   1.126   -80.04484    0.00018    0.00333     156      19
     157   1.119   -80.04485    0.00018    0.00228     157      13
     158   1.129   -80.04483    0.00018    0.00384     158      22
     159   1.138   -80.04482    0.00017    0.00035     159       2
     160   1.138   -80.04482    0.00017    0.00035     160       2
     161   1.138   -80.04482    0.00017    0.00121     161       7
     162   1.136   -80.04482    0.00017    0.00069     162       4
     163   1.113   -80.04486    0.00018    0.00435     163      25
     164   1.141   -80.04481    0.00017    0.00086     164       5
     165   1.145   -80.04481    0.00017    0.00051     165       3
     166   1.147   -80.04480    0.00017    0.00309     166      18
     167   1.150   -80.04480    0.00017    0.00034     167       2
     168   1.159   -80.04479    0.00017    0.00050     168       3
     169   1.162   -80.04478    0.00017    0.00069     169       4
     170   1.116   -80.04485    0.00018    0.00255     170      15
     171   1.155   -80.04479    0.00017    0.00033     171       2
     172   1.168   -80.04477    0.00016    0.00084     172       5
     173   1.165   -80.04478    0.00016    0.00118     173       7
     174   1.152   -80.04480    0.00017    0.00150     174       9
     175   1.166   -80.04477    0.00016    0.00033     175       2
     176   1.166   -80.04477    0.00016    0.00016     176       1
     177   1.167   -80.04477    0.00016    0.00050     177       3
     178   1.170   -80.04477    0.00016    0.00033     178       2
     179   1.174   -80.04476    0.00016    0.00032     179       2
     180   1.175   -80.04476    0.00016    0.00146     180       9
     181   1.177   -80.04476    0.00016    0.00387     181      24
     182   1.186   -80.04474    0.00016    0.00016     182       1
     183   1.183   -80.04475    0.00016    0.00220     183      14
     184   1.200   -80.04472    0.00016    0.00453     184      30
     185   1.190   -80.04474    0.00016    0.00016     185       1
     186   1.222   -80.04468    0.00015    0.00015     186       1
     187   1.223   -80.04468    0.00015    0.00015     187       1
     188   1.223   -80.04468    0.00015    0.00015     188       1
     189   1.223   -80.04468    0.00015    0.00015     189       1
     190   1.223   -80.04468    0.00015    0.00371     190      25
     191   1.262   -80.04462    0.00014    0.00098     191       7
     192   1.270   -80.04461    0.00014    0.00042     192       3
     193   1.272   -80.04461    0.00014    0.00083     193       6
     194   1.265   -80.04462    0.00014    0.00194     194      14
     195   1.269   -80.04461    0.00014    0.00404     195      29
     196   1.282   -80.04459    0.00014    0.00027     196       2
     197   1.286   -80.04458    0.00013    0.00122     197       9
     198   1.274   -80.04460    0.00014    0.00014     198       1
     199   1.280   -80.04459    0.00014    0.00014     199       1
     200   1.274   -80.04460    0.00014    0.00271     200      20
     201   1.285   -80.04459    0.00013    0.00108     201       8
     202   1.292   -80.04457    0.00013    0.00013     202       1
     203   1.278   -80.04460    0.00014    0.00095     203       7
     204   1.294   -80.04457    0.00013    0.00013     204       1
     205   1.301   -80.04456    0.00013    0.00040     205       3
     206   1.297   -80.04457    0.00013    0.00039     206       3
     207   1.286   -80.04458    0.00013    0.00013     207       1
     208   1.298   -80.04456    0.00013    0.00026     208       2
     209   1.311   -80.04454    0.00013    0.00013     209       1
     210   1.317   -80.04453    0.00013    0.00038     210       3
     211   1.287   -80.04458    0.00013    0.00253     211      20
     212   1.320   -80.04453    0.00013    0.00337     212      27
     213   1.342   -80.04449    0.00012    0.00012     213       1
     214   1.348   -80.04448    0.00012    0.00012     214       1
     215   1.323   -80.04452    0.00013    0.00013     215       1
     216   1.343   -80.04449    0.00012    0.00098     216       8
     217   1.351   -80.04448    0.00012    0.00025     217       2
     218   1.353   -80.04448    0.00012    0.00024     218       2
     219   1.354   -80.04448    0.00012    0.00012     219       1
     220   1.355   -80.04447    0.00012    0.00251     220      21
     221   1.363   -80.04446    0.00012    0.00260     221      22
     222   1.368   -80.04445    0.00012    0.00012     222       1
     223   1.368   -80.04445    0.00012    0.00105     223       9
     224   1.377   -80.04444    0.00012    0.00082     224       7
     225   1.371   -80.04445    0.00012    0.00070     225       6
     226   1.372   -80.04445    0.00012    0.00312     226      27
     227   1.367   -80.04445    0.00012    0.00137     227      12
     228   1.402   -80.04440    0.00011    0.00011     228       1
     229   1.390   -80.04442    0.00011    0.00011     229       1
     230   1.390   -80.04442    0.00011    0.00080     230       7
     231   1.358   -80.04447    0.00012    0.00159     231      14
     232   1.391   -80.04442    0.00011    0.00045     232       4
     233   1.380   -80.04443    0.00011    0.00114     233      10
     234   1.402   -80.04440    0.00011    0.00011     234       1
     235   1.408   -80.04439    0.00011    0.00033     235       3
     236   1.410   -80.04439    0.00011    0.00044     236       4
     237   1.414   -80.04438    0.00011    0.00011     237       1
     238   1.390   -80.04442    0.00011    0.00022     238       2
     239   1.415   -80.04438    0.00011    0.00011     239       1
     240   1.382   -80.04443    0.00011    0.00109     240      10
     241   1.413   -80.04438    0.00011    0.00022     241       2
     242   1.420   -80.04437    0.00011    0.00266     242      25
     243   1.447   -80.04433    0.00010    0.00010     243       1
     244   1.447   -80.04433    0.00010    0.00021     244       2
     245   1.425   -80.04436    0.00011    0.00135     245      13
     246   1.451   -80.04432    0.00010    0.00041     246       4
     247   1.452   -80.04432    0.00010    0.00224     247      22
     248   1.461   -80.04431    0.00010    0.00020     248       2
     249   1.472   -80.04429    0.00010    0.00632     249      65
     250   1.485   -80.04427    0.00010    0.00203     250      21
     251   1.481   -80.04427    0.00010    0.00298     251      31
     252   1.482   -80.04427    0.00010    0.00172     252      18
     253   1.495   -80.04425    0.00009    0.00067     253       7
     254   1.496   -80.04425    0.00009    0.00048     254       5
     255   1.497   -80.04425    0.00009    0.00190     255      20
     256   1.488   -80.04426    0.00010    0.00169     256      18
     257   1.501   -80.04424    0.00009    0.00093     257      10
     258   1.503   -80.04424    0.00009    0.00102     258      11
     259   1.503   -80.04424    0.00009    0.00139     259      15
     260   1.513   -80.04422    0.00009    0.00028     260       3
     261   1.513   -80.04422    0.00009    0.00111     261      12
     262   1.515   -80.04422    0.00009    0.00073     262       8
     263   1.512   -80.04422    0.00009    0.00028     263       3
     264   1.521   -80.04421    0.00009    0.00036     264       4
     265   1.517   -80.04421    0.00009    0.00055     265       6
     266   1.524   -80.04420    0.00009    0.00009     266       1
     267   1.517   -80.04421    0.00009    0.00018     267       2
     268   1.518   -80.04421    0.00009    0.00009     268       1
     269   1.520   -80.04421    0.00009    0.00009     269       1
     270   1.529   -80.04420    0.00009    0.00018     270       2
     271   1.533   -80.04419    0.00009    0.00009     271       1
     272   1.526   -80.04420    0.00009    0.00018     272       2
     273   1.536   -80.04418    0.00009    0.00009     273       1
     274   1.537   -80.04418    0.00009    0.00018     274       2
     275   1.543   -80.04417    0.00009    0.00035     275       4
     276   1.542   -80.04418    0.00009    0.00052     276       6
     277   1.555   -80.04415    0.00009    0.00231     277      27
     278   1.570   -80.04413    0.00008    0.00177     278      21
     279   1.564   -80.04414    0.00008    0.00083     279      10
     280   1.572   -80.04413    0.00008    0.00118     280      14
     281   1.558   -80.04415    0.00009    0.00119     281      14
     282   1.554   -80.04416    0.00009    0.00133     282      16
     283   1.573   -80.04413    0.00008    0.00090     283      11
     284   1.578   -80.04412    0.00008    0.00008     284       1
     285   1.584   -80.04411    0.00008    0.00033     285       4
     286   1.573   -80.04413    0.00008    0.00016     286       2
     287   1.579   -80.04412    0.00008    0.00033     287       4
     288   1.588   -80.04410    0.00008    0.00016     288       2
     289   1.573   -80.04413    0.00008    0.00008     289       1
     290   1.576   -80.04412    0.00008    0.00025     290       3
     291   1.585   -80.04411    0.00008    0.00008     291       1
     292   1.570   -80.04413    0.00008    0.00008     292       1
     293   1.591   -80.04410    0.00008    0.00016     293       2
     294   1.591   -80.04410    0.00008    0.00064     294       8
     295   1.597   -80.04409    0.00008    0.00032     295       4
     296   1.592   -80.04409    0.00008    0.00072     296       9
     297   1.603   -80.04408    0.00008    0.00024     297       3
     298   1.608   -80.04407    0.00008    0.00031     298       4
     299   1.588   -80.04410    0.00008    0.00008     299       1
     300   1.615   -80.04406    0.00008    0.00008     300       1
     301   1.617   -80.04406    0.00008    0.00084     301      11
     302   1.621   -80.04405    0.00008    0.00053     302       7
     303   1.631   -80.04403    0.00008    0.00046     303       6
     304   1.627   -80.04404    0.00008    0.00091     304      12
     305   1.641   -80.04402    0.00007    0.00022     305       3
     306   1.664   -80.04398    0.00007    0.00044     306       6
     307   1.669   -80.04397    0.00007    0.00014     307       2
     308   1.670   -80.04397    0.00007    0.00007     308       1
     309   1.629   -80.04404    0.00008    0.00029     309       4
     310   1.670   -80.04397    0.00007    0.00050     310       7
     311   1.679   -80.04396    0.00007    0.00041     311       6
     312   1.696   -80.04393    0.00007    0.00411     312      62
     313   1.720   -80.04389    0.00006    0.00020     313       3
     314   1.714   -80.04390    0.00007    0.00039     314       6
     315   1.720   -80.04389    0.00006    0.00013     315       2
     316   1.721   -80.04389    0.00006    0.00019     316       3
     317   1.721   -80.04389    0.00006    0.00013     317       2
     318   1.721   -80.04389    0.00006    0.00019     318       3
     319   1.722   -80.04389    0.00006    0.00006     319       1
     320   1.722   -80.04389    0.00006    0.00167     320      26
     321   1.719   -80.04389    0.00006    0.00031     321       5
     322   1.741   -80.04386    0.00006    0.00012     322       2
     323   1.734   -80.04387    0.00006    0.00006     323       1
     324   1.741   -80.04386    0.00006    0.00057     324       9
     325   1.750   -80.04384    0.00006    0.00006     325       1
     326   1.750   -80.04384    0.00006    0.00006     326       1
     327   1.751   -80.04384    0.00006    0.00006     327       1
     328   1.752   -80.04384    0.00006    0.00018     328       3
     329   1.753   -80.04384    0.00006    0.00006     329       1
     330   1.755   -80.04384    0.00006    0.00043     330       7
     331   1.763   -80.04382    0.00006    0.00067     331      11
     332   1.772   -80.04381    0.00006    0.00041     332       7
     333   1.783   -80.04379    0.00006    0.00006     333       1
     334   1.783   -80.04379    0.00006    0.00012     334       2
     335   1.789   -80.04378    0.00006    0.00035     335       6
     336   1.793   -80.04378    0.00006    0.00012     336       2
     337   1.788   -80.04378    0.00006    0.00080     337      14
     338   1.799   -80.04377    0.00006    0.00420     338      76
     339   1.813   -80.04374    0.00006    0.00006     339       1
     340   1.813   -80.04374    0.00006    0.00161     340      30
     341   1.850   -80.04369    0.00005    0.00011     341       2
     342   1.841   -80.04370    0.00005    0.00005     342       1
     343   1.841   -80.04370    0.00005    0.00016     343       3
     344   1.850   -80.04368    0.00005    0.00010     344       2
     345   1.850   -80.04368    0.00005    0.00037     345       7
     346   1.842   -80.04370    0.00005    0.00005     346       1
     347   1.851   -80.04368    0.00005    0.00005     347       1
     348   1.842   -80.04370    0.00005    0.00047     348       9
     349   1.854   -80.04368    0.00005    0.00005     349       1
     350   1.855   -80.04368    0.00005    0.00026     350       5
     351   1.862   -80.04367    0.00005    0.00010     351       2
     352   1.867   -80.04366    0.00005    0.00005     352       1
     353   1.852   -80.04368    0.00005    0.00026     353       5
     354   1.869   -80.04365    0.00005    0.00005     354       1
     355   1.847   -80.04369    0.00005    0.00005     355       1
     356   1.869   -80.04365    0.00005    0.00005     356       1
     357   1.874   -80.04365    0.00005    0.00025     357       5
     358   1.872   -80.04365    0.00005    0.00005     358       1
     359   1.864   -80.04366    0.00005    0.00010     359       2
     360   1.874   -80.04365    0.00005    0.00005     360       1
     361   1.875   -80.04364    0.00005    0.00005     361       1
     362   1.882   -80.04363    0.00005    0.00005     362       1
     363   1.898   -80.04361    0.00005    0.00005     363       1
     364   1.901   -80.04360    0.00005    0.00009     364       2
     365   1.917   -80.04358    0.00005    0.00019     365       4
     366   1.922   -80.04357    0.00005    0.00014     366       3
     367   1.922   -80.04357    0.00005    0.00009     367       2
     368   1.923   -80.04357    0.00005    0.00032     368       7
     369   1.924   -80.04357    0.00005    0.00087     369      19
     370   1.929   -80.04356    0.00005    0.00073     370      16
     371   1.932   -80.04355    0.00005    0.00018     371       4
     372   1.939   -80.04354    0.00004    0.00009     372       2
     373   1.940   -80.04354    0.00004    0.00004     373       1
     374   1.946   -80.04353    0.00004    0.00018     374       4
     375   1.940   -80.04354    0.00004    0.00022     375       5
     376   1.953   -80.04352    0.00004    0.00004     376       1
     377   1.968   -80.04350    0.00004    0.00009     377       2
     378   1.952   -80.04352    0.00004    0.00009     378       2
     379   1.927   -80.04356    0.00005    0.00005     379       1
     380   1.970   -80.04349    0.00004    0.00004     380       1
     381   1.970   -80.04349    0.00004    0.00085     381      20
     382   1.972   -80.04349    0.00004    0.00050     382      12
     383   1.981   -80.04348    0.00004    0.00004     383       1
     384   1.978   -80.04348    0.00004    0.00017     384       4
     385   1.978   -80.04348    0.00004    0.00054     385      13
     386   1.999   -80.04345    0.00004    0.00020     386       5
     387   2.026   -80.04340    0.00004    0.00004     387       1
     388   2.026   -80.04340    0.00004    0.00004     388       1
     389   1.980   -80.04348    0.00004    0.00012     389       3
     390   2.027   -80.04340    0.00004    0.00012     390       3
     391   1.984   -80.04347    0.00004    0.00008     391       2
     392   1.986   -80.04347    0.00004    0.00019     392       5
     393   2.028   -80.04340    0.00004    0.00057     393      15
     394   2.033   -80.04339    0.00004    0.00110     394      29
     395   2.038   -80.04339    0.00004    0.00004     395       1
     396   2.038   -80.04339    0.00004    0.00015     396       4
     397   2.031   -80.04340    0.00004    0.00075     397      20
     398   2.049   -80.04337    0.00004    0.00004     398       1
     399   2.032   -80.04339    0.00004    0.00004     399       1
     400   2.032   -80.04339    0.00004    0.00004     400       1
     401   2.063   -80.04335    0.00004    0.00007     401       2
     402   2.083   -80.04331    0.00004    0.00004     402       1
     403   2.096   -80.04329    0.00003    0.00003     403       1
     404   2.099   -80.04329    0.00003    0.00098     404      29
     405   2.110   -80.04327    0.00003    0.00027     405       8
     406   2.109   -80.04327    0.00003    0.00003     406       1
     407   2.110   -80.04327    0.00003    0.00096     407      29
     408   2.117   -80.04326    0.00003    0.00010     408       3
     409   2.117   -80.04326    0.00003    0.00030     409       9
     410   2.120   -80.04325    0.00003    0.00033     410      10
     411   2.120   -80.04325    0.00003    0.00007     411       2
     412   2.134   -80.04323    0.00003    0.00016     412       5
     413   2.135   -80.04323    0.00003    0.00010     413       3
     414   2.146   -80.04321    0.00003    0.00035     414      11
     415   2.123   -80.04325    0.00003    0.00010     415       3
     416   2.150   -80.04321    0.00003    0.00003     416       1
     417   2.153   -80.04320    0.00003    0.00016     417       5
     418   2.134   -80.04323    0.00003    0.00003     418       1
     419   2.125   -80.04325    0.00003    0.00006     419       2
     420   2.121   -80.04325    0.00003    0.00006     420       2
     421   2.161   -80.04319    0.00003    0.00018     421       6
     422   2.175   -80.04317    0.00003    0.00006     422       2
     423   2.168   -80.04318    0.00003    0.00006     423       2
     424   2.178   -80.04316    0.00003    0.00015     424       5
     425   2.179   -80.04316    0.00003    0.00006     425       2
     426   2.174   -80.04317    0.00003    0.00006     426       2
     427   2.181   -80.04316    0.00003    0.00086     427      29
     428   2.179   -80.04316    0.00003    0.00050     428      17
     429   2.198   -80.04313    0.00003    0.00006     429       2
     430   2.198   -80.04313    0.00003    0.00003     430       1
     431   2.200   -80.04313    0.00003    0.00009     431       3
     432   2.201   -80.04313    0.00003    0.00063     432      22
     433   2.208   -80.04311    0.00003    0.00006     433       2
     434   2.217   -80.04310    0.00003    0.00003     434       1
     435   2.218   -80.04310    0.00003    0.00020     435       7
     436   2.234   -80.04307    0.00003    0.00003     436       1
     437   2.227   -80.04308    0.00003    0.00003     437       1
     438   2.237   -80.04307    0.00003    0.00112     438      42
     439   2.249   -80.04305    0.00003    0.00018     439       7
     440   2.253   -80.04304    0.00003    0.00050     440      19
     441   2.257   -80.04304    0.00003    0.00013     441       5
     442   2.262   -80.04303    0.00003    0.00010     442       4
     443   2.267   -80.04302    0.00003    0.00018     443       7
     444   2.267   -80.04302    0.00003    0.00003     444       1
     445   2.260   -80.04303    0.00003    0.00049     445      19
     446   2.258   -80.04303    0.00003    0.00034     446      13
     447   2.266   -80.04302    0.00003    0.00003     447       1
     448   2.277   -80.04300    0.00003    0.00003     448       1
     449   2.278   -80.04300    0.00003    0.00003     449       1
     450   2.279   -80.04300    0.00003    0.00003     450       1
     451   2.282   -80.04300    0.00003    0.00003     451       1
     452   2.283   -80.04300    0.00003    0.00003     452       1
     453   2.285   -80.04299    0.00002    0.00010     453       4
     454   2.306   -80.04296    0.00002    0.00002     454       1
     455   2.320   -80.04293    0.00002    0.00002     455       1
     456   2.322   -80.04293    0.00002    0.00002     456       1
     457   2.336   -80.04291    0.00002    0.00002     457       1
     458   2.339   -80.04291    0.00002    0.00025     458      11
     459   2.352   -80.04288    0.00002    0.00002     459       1
     460   2.357   -80.04288    0.00002    0.00004     460       2
     461   2.348   -80.04289    0.00002    0.00007     461       3
     462   2.367   -80.04286    0.00002    0.00041     462      19
     463   2.370   -80.04286    0.00002    0.00030     463      14
     464   2.371   -80.04285    0.00002    0.00019     464       9
     465   2.384   -80.04283    0.00002    0.00006     465       3
     466   2.409   -80.04279    0.00002    0.00002     466       1
     467   2.372   -80.04285    0.00002    0.00004     467       2
     468   2.410   -80.04279    0.00002    0.00004     468       2
     469   2.417   -80.04278    0.00002    0.00024     469      12
     470   2.425   -80.04277    0.00002    0.00006     470       3
     471   2.443   -80.04274    0.00002    0.00004     471       2
     472   2.472   -80.04269    0.00002    0.00002     472       1
     473   2.480   -80.04268    0.00002    0.00002     473       1
     474   2.506   -80.04264    0.00002    0.00009     474       5
     475   2.508   -80.04264    0.00002    0.00002     475       1
     476   2.514   -80.04263    0.00002    0.00002     476       1
     477   2.514   -80.04263    0.00002    0.00007     477       4
     478   2.523   -80.04261    0.00002    0.00002     478       1
     479   2.525   -80.04261    0.00002    0.00007     479       4
     480   2.524   -80.04261    0.00002    0.00007     480       4
     481   2.529   -80.04260    0.00002    0.00002     481       1
     482   2.531   -80.04260    0.00002    0.00002     482       1
     483   2.532   -80.04260    0.00002    0.00002     483       1
     484   2.545   -80.04258    0.00002    0.00002     484       1
     485   2.552   -80.04257    0.00002    0.00002     485       1
     486   2.564   -80.04255    0.00002    0.00002     486       1
     487   2.569   -80.04254    0.00002    0.00006     487       4
     488   2.580   -80.04252    0.00002    0.00002     488       1
     489   2.582   -80.04252    0.00002    0.00005     489       3
     490   2.578   -80.04252    0.00002    0.00002     490       1
     491   2.586   -80.04251    0.00002    0.00002     491       1
     492   2.599   -80.04249    0.00001    0.00015     492      10
     493   2.608   -80.04248    0.00001    0.00001     493       1
     494   2.639   -80.04243    0.00001    0.00011     494       8
     495   2.627   -80.04245    0.00001    0.00001     495       1
     496   2.634   -80.04244    0.00001    0.00003     496       2
     497   2.667   -80.04238    0.00001    0.00009     497       7
     498   2.671   -80.04238    0.00001    0.00001     498       1
     499   2.675   -80.04237    0.00001    0.00003     499       2
     500   2.680   -80.04236    0.00001    0.00001     500       1
     501   2.695   -80.04234    0.00001    0.00001     501       1
     502   2.725   -80.04229    0.00001    0.00014     502      12
     503   2.732   -80.04228    0.00001    0.00007     503       6
     504   2.749   -80.04225    0.00001    0.00001     504       1
     505   2.789   -80.04219    0.00001    0.00001     505       1
     506   2.890   -80.04203    0.00001    0.00001     506       1
     507   2.926   -80.04197    0.00001    0.00011     507      13
     508   2.932   -80.04196    0.00001    0.00015     508      18
     509   2.937   -80.04195    0.00001    0.00001     509       1
     510   2.930   -80.04196    0.00001    0.00002     510       3
     511   2.959   -80.04192    0.00001    0.00001     511       1
     512   3.005   -80.04184    0.00001    0.00017     512      23
     513   3.008   -80.04184    0.00001    0.00012     513      17
     514   3.024   -80.04181    0.00001    0.00004     514       6
     515   3.012   -80.04183    0.00001    0.00001     515       2
     516   3.021   -80.04182    0.00001    0.00001     516       1
     517   3.031   -80.04180    0.00001    0.00001     517       1
     518   3.050   -80.04177    0.00001    0.00001     518       1
     519   3.077   -80.04173    0.00001    0.00001     519       1
     520   3.095   -80.04170    0.00001    0.00001     520       1
     521   3.116   -80.04167    0.00001    0.00004     521       7
     522   3.123   -80.04166    0.00001    0.00004     522       7
     523   3.129   -80.04165    0.00001    0.00001     523       2
     524   3.326   -80.04133    0.00000    0.00001     524       2
     525   3.371   -80.04126    0.00000    0.00001     525       2
     526   3.389   -80.04123    0.00000    0.00002     526       5
     527   3.399   -80.04122    0.00000    0.00000     527       1
     528   3.404   -80.04121    0.00000    0.00000     528       1
     529   3.476   -80.04109    0.00000    0.00000     529       1
     530   4.100   -80.04010    0.00000    0.00000     530       1
T /K                                  :   298.15
E lowest                              :   -80.04663
ensemble average energy (kcal)        :    0.660
ensemble entropy (J/mol K, cal/mol K) :   65.327   15.613
ensemble free energy (kcal/mol)       :   -4.655
population of lowest in %             :    6.754
 number of unique conformers for further calc          530
 list of relative energies saved as "crest.energies"
 compare nuclear equivalencies ...
::::::::::: conformer group all :::::::::::
 chemical equivalencies (mag.active nuclei):
reference atom   3 # : 6
reference atom  16 # : 4
reference atom  28 # : 4
reference atom  35 # : 2
reference atom  37 # : 2
reference atom  38 # : 2
 magnetic equivalencies:
reference atom   3 # : 6

******************************************************************************************
**                           ENSEMBLE ENTROPY CALCULATION                               **
******************************************************************************************
======================================================
 Containing 525 conformers :
     H(298.15K)-H(0) (conf)      0.685354
                   Cp(conf)      1.575075
                    S(conf)     12.628508
======================================================
 Containing 530 conformers :
     H(298.15K)-H(0) (conf)      0.708790
                   Cp(conf)      1.561922
                    S(conf)     12.660141
======================================================

 --------------------------------------
 FINAL CALCULATION OF MOLECULAR ENTROPY
 --------------------------------------

WARNING: Not enough blocks for extrapolation.
         Taking full ensemble entropy instead.

FINAL ENTROPY (max conf.)  :     12.66014

 ----------------------------------
 Frequency Calculation and Averages
 ----------------------------------
 Nconf on file      : 530
 Taken for Hessians : 170 (= 90.06% total population)
 T range  /K    :   278.15   378.15
 scaling factor :          1.000000     
 rotor cutoff   :         25.000000 cm⁻¹
 imag. cutoff   :        -50.000000 cm⁻¹

 Running 170 calculations ...
 |>0.6% |>10.0% |>20.0% |>30.0% |>40.0% |>50.0% |>60.0% |>70.6% |>80.0% |>90.6% |>100.0%
 done.
 calculating averages for G and S ...    done.
 calculating Boltzmann weights ...       done.
 calculating reference S (bhess) ... > bhess not implemented for calculator routines
    done.
 calculating δSrrho ...                  done.

 Coordinates for the bhess reference structure (Ångström):
 -----------------------------------------------------------
  47

 C         -0.0000219591        0.0002081435        2.8502499146
 C          0.2691126574        1.2132684674        3.7542382889
 H         -0.6119908047        1.4096555876        4.3657280563
 H          1.1094586199        1.0228277937        4.4241532306
 H          0.4829844206        2.1155198009        3.1821107449
 C         -0.2691599532       -1.2127300126        3.7544005421
 H          0.6119442966       -1.4090365672        4.3659177759
 H         -1.1095049761       -1.0221990741        4.4242896016
 H         -0.4830323301       -2.1150583618        3.1823940851
 C          1.1773120980       -0.3154429959        1.9154908183
 C          1.0186444975       -1.3280219342        0.9678401712
 C          2.3557888095        0.4181452641        1.9018576737
 C          1.9770437539       -1.5461740484       -0.0014458513
 C          3.3178341159        0.1844898531        0.9246526504
 C          3.1385268265       -0.7663146786       -0.0805644999
 H          0.1123852088       -1.9156135761        0.9468338847
 H          2.5380003690        1.1934673130        2.6296141393
 C         -1.1773534476        0.3157340158        1.9154460088
 C         -1.0186683381        1.3281705059        0.9676476541
 C         -2.3558392582       -0.4178424809        1.9019181530
 C         -1.9770494620        1.5461795855       -0.0016863256
 C         -3.3178686712       -0.1843304154        0.9246621742
 C         -3.1385319175        0.7663110814       -0.0807056774
 H         -0.1124033621        1.9157516404        0.9465629407
 H         -2.5380667730       -1.1930506106        2.6297916887
 O          4.0354280687       -0.9588010244       -1.0807648310
 C          4.0030833783        0.0381672193       -2.1451869359
 H          4.2937358579        1.0075109047       -1.7375800508
 H          4.7757691848       -0.3022693769       -2.8326882692
 O         -4.0353989254        0.9586242230       -1.0809693476
 C         -4.0030050566       -0.0385329030       -2.1452132447
 H         -4.2936816332       -1.0078028237       -1.7374471288
 H         -4.7756566249        0.3017834236       -2.8328129131
 C          2.6641342103        0.1226786014       -2.8043410286
 H          2.3722907530       -0.7184108504       -3.4230354520
 C          1.8306037651        1.1379260416       -2.6170798618
 H          2.0962671453        1.9770113312       -1.9835422208
 H          0.8516147878        1.1715589666       -3.0775339417
 C         -2.6640252149       -0.1231698242       -2.8042881526
 H         -2.3721477521        0.7178047833       -3.4231227304
 C         -1.8305074052       -1.1383861161       -2.6167993185
 H         -2.0962044625       -1.9773530967       -1.9831199585
 H         -0.8514956087       -1.1721075631       -3.0771992391
 Br         4.9245882121        1.2134241218        0.9798574683
 Br         1.6833202840       -2.9267237070       -1.2818484192
 Br        -1.6832966371        2.9265304979       -1.2822977602
 Br        -4.9246290851       -1.2132454911        0.9799953560
 -----------------------------------------------------------
 as read from <coord>
 Heavy-atom RMSD between lowest conformer and this reference :
 RMSD(heavy) =        2.278267 Å

 msRRHO(bhess) reference entropies:
      278.15        191.946366
      288.15        195.525696
      298.15        199.075059
      308.15        202.595875
      318.15        206.089323
      328.15        209.556373
      338.15        212.997811
      348.15        216.414274
      358.15        219.806268
      368.15        223.174191
      378.15        226.518354

       T/K  |S(T)|/cal/molK       |G(T)|/Eh     G_lowest/Eh    (conf)
   -----------------------------------------------------------------
    278.15    0.194086E+03    0.288095E+00      -79.758214         7
    288.15    0.197640E+03    0.285051E+00      -79.761250         7
    298.15    0.201163E+03    0.281951E+00      -79.764343         7
    308.15    0.204658E+03    0.278795E+00      -79.767491         7
    318.15    0.208125E+03    0.275584E+00      -79.770694         7
    328.15    0.211565E+03    0.272319E+00      -79.773952         7
    338.15    0.214980E+03    0.268999E+00      -79.777264         7
    348.15    0.218369E+03    0.265624E+00      -79.780630         7
    358.15    0.221735E+03    0.262196E+00      -79.784050         7
    368.15    0.225076E+03    0.258715E+00      -79.787523         7
    378.15    0.228393E+03    0.255181E+00      -79.791048         7
   -----------------------------------------------------------------
   NOTE: if |G(T)| is the averaged contributrion to the free energy.
   |G(T)| used only for the higher-energetic structures (n > 170).
   All other structures use G(T) from the respective Hessian calculations.

 Quantities calculated on free energies:
       T/K          δSrrho           Cp(T)     [H(T)-H(0)]
   -------------------------------------------------------
    278.15    0.213947E+01    0.996057E+00        0.604884
    288.15    0.211393E+01    0.949670E+00        0.608642
    298.15    0.208800E+01    0.907900E+00        0.611545
    308.15    0.206175E+01    0.870216E+00        0.613660
    318.15    0.203526E+01    0.836152E+00        0.615047
    328.15    0.200860E+01    0.805297E+00        0.615761
    338.15    0.198184E+01    0.777296E+00        0.615852
    348.15    0.195504E+01    0.751833E+00        0.615365
    358.15    0.192826E+01    0.728634E+00        0.614340
    368.15    0.190154E+01    0.707456E+00        0.612815
    378.15    0.187494E+01    0.688088E+00        0.610823
   -------------------------------------------------------
   NOTE: δSrrho(T) = |S(T)| - Sref(T)

 ----------------------
 TEMPERATURE DEPENDENCE
 ----------------------

 Final CONFORMATIONAL quantities at given T:
       T/K        S(total)           Cp(T)     [H(T)-H(0)]        G(total)
   -----------------------------------------------------------------------
    278.15       14.658650        0.996057        0.604884       -3.472419
    288.15       14.706388        0.949670        0.608642       -3.629004
    298.15       14.748142        0.907900        0.611545       -3.785614
    308.15       14.784508        0.870216        0.613660       -3.942186
    318.15       14.816023        0.836152        0.615047       -4.098671
    328.15       14.843177        0.805297        0.615761       -4.255027
    338.15       14.866409        0.777296        0.615852       -4.411224
    348.15       14.886118        0.751833        0.615365       -4.567237
    358.15       14.902660        0.728634        0.614340       -4.723048
    368.15       14.916360        0.707456        0.612815       -4.878643
    378.15       14.927507        0.688088        0.610823       -5.034014
   -----------------------------------------------------------------------
   S and Cp in cal/mol*K; H and G in kcal/mol
   G(total) is the ensemble free energy (H-T*S) and S(total) = S(conf,extrapol.) + δSrrho

 ----------------------------------------------------
 |      FINAL MOLECULAR ENTROPY AT T= 298.15 K      |
 ----------------------------------------------------
     Sconf   =         12.660141
   + δSrrho  =          2.088002
 -----------------------------------------------------
 = S(total)  =         14.748142  (cal mol⁻¹ K⁻¹)

   H(T)-H(0) =          0.611545
   G         =         -4.397159   (-T*S)
 -----------------------------------------------------
 = G(total)  =         -3.785614  (H-T*S) (kcal mol⁻¹)

   Cp(total) =          0.907900  (cal mol⁻¹ K⁻¹)


 -----------------
 Wall Time Summary
 -----------------
 CREST runtime (total)               0 d,  1 h, 46 min, 58.041 sec
 ------------------------------------------------------------------
 Trial metadynamics (MTD)   ...        0 min, 14.477 sec (  0.226%)
 Metadynamics (MTD)         ...       13 min,  0.915 sec ( 12.168%)
 Geometry optimization      ...       79 min, 49.031 sec ( 74.618%)
 Static metadynamics (sMTD) ...       10 min,  2.476 sec (  9.387%)
 Conf. entropy evaluation   ...        3 min, 39.854 sec (  3.426%)
 I/O and setup              ...        0 min, 11.287 sec (  0.176%)
 ------------------------------------------------------------------
 * wall-time:     0 d,  1 h, 46 min, 58.041 sec
 *  cpu-time:     1 d,  2 h, 47 min, 38.250 sec
 * ratio c/w:    15.029 speedup
 ------------------------------------------------------------------
 * Total number of energy+grad calls: 1354470

 CREST terminated normally.
