
       ╔════════════════════════════════════════════╗
       ║            ___ ___ ___ ___ _____           ║
       ║           / __| _ \ __/ __|_   _|          ║
       ║          | (__|   / _|\__ \ | |            ║
       ║           \___|_|_\___|___/ |_|            ║
       ║                                            ║
       ║  Conformer-Rotamer Ensemble Sampling Tool  ║
       ║          based on the xTB methods          ║
       ║                                            ║
       ╚════════════════════════════════════════════╝
       Version 3.0.2, Fri, 14 February 10:17:28, 02/14/2025
       commit (53290da) compiled by 'usr@fv-az1781-845'

   Cite work conducted with this code as

   • P.Pracht, F.Bohle, S.Grimme, PCCP, 2020, 22, 7169-7192.
   • S.Grimme, JCTC, 2019, 15, 2847-2862.
   • P.Pracht, S.Grimme, C.Bannwarth, F.Bohle, S.Ehlert,
     G.Feldmann, J.Gorges, M.Müller, T.Neudecker, C.Plett,
     S.Spicher, P.Steinbach, P.Wesołowski, F.Zeller,
     J. Chem. Phys., 2024, 160, 114110.

   for works involving QCG cite

   • S.Spicher, C.Plett, P.Pracht, A.Hansen, S.Grimme,
     JCTC, 2022, 18 (5), 3174-3189.
   • C.Plett, S. Grimme,
     Angew. Chem. Int. Ed. 2023, 62, e202214477.

   for works involving MECP screening cite

   • P.Pracht, C.Bannwarth, JCTC, 2022, 18 (10), 6370-6385.

   Original code
     P.Pracht, S.Grimme, Universität Bonn, MCTC
   with help from (alphabetical order):
     C.Bannwarth, F.Bohle, S.Ehlert, G.Feldmann, J.Gorges,
     S.Grimme, C.Plett, P.Pracht, S.Spicher, P.Steinbach,
     P.Wesolowski, F.Zeller

   Online documentation is available at
   https://crest-lab.github.io/crest-docs/

   This program is distributed in the hope that it will be useful,
   but WITHOUT ANY WARRANTY; without even the implied warranty of
   MERCHANTABILITY or FITNESS FOR A PARTICULAR PURPOSE. See the
   GNU Lesser General Public License (LGPL) for more details.

 Command line input:
 $ ./crest m1_00_EG-BTBPmol.xyz --T 16 --noreftopo --entropy --gfn1

  --T 16 (CPUs/Threads selected)
  --entropy : enhanced ensemble entropy calculation
  --gfn1               : Use of GFN1-xTB requested.

> Setting up backup calculator ... done.
 ----------------
 Calculation info
 ----------------
> User-defined calculation level:
 : xTB calculation via tblite lib
 : GFN1-xTB level
 :   Molecular charge    : 0
 :   Fermi temperature   : 300.00000
 :   Accuracy            : 1.00000
 :   max SCC cycles      : 500


 -----------------------------
 Initial Geometry Optimization
 -----------------------------
 Geometry successfully optimized.

          ┍━━━━━━━━━━━━━━━━━━━━━━━━━━━━━━━━━━━━━━━━━━━━━━━━━┑
          │              CREST ENTROPY SAMPLING             │
          ┕━━━━━━━━━━━━━━━━━━━━━━━━━━━━━━━━━━━━━━━━━━━━━━━━━┙

 please cite:
 • P.Pracht, S.Grimme, Chem. Sci., 2021, 12, 6551-6568.
 • J.Gorges, S.Grimme, A.Hansen, P.Pracht, PCCP, 2022,24, 12249-12259.

 Input structure:
  30

 C         -0.7375664940       -3.2856839805        0.2203354925
 H         -1.3675689376       -2.9690504278       -0.6175970619
 H         -1.0280487924       -4.2970832194        0.5233103798
 C          0.7405314604       -3.2848717464       -0.2195852180
 H          1.3699958989       -2.9665780837        0.6181160147
 H          1.0325152819       -4.2961154180       -0.5216318262
 O          0.9476039896       -2.4679170019       -1.3699262838
 O         -0.9457542975       -2.4681837807        1.3700920647
 C          1.2058095121       -1.1345792351       -1.2299306126
 C          0.2951353255       -0.2150201073       -1.7576665327
 C          2.3835484822       -0.6507389444       -0.6578665912
 C          0.5073784257        1.1486495232       -1.6444105870
 C          2.5973504561        0.7133224424       -0.5295335828
 C          1.6495960546        1.6067371985       -1.0043898341
 H         -0.2146571098        1.8471130338       -2.0443050020
 H          3.5061795664        1.0751862573       -0.0687879102
 C         -1.2049312141       -1.1350989738        1.2297066190
 C         -0.2950553666       -0.2147652573        1.7574895741
 C         -2.3830049916       -0.6522378908        0.6575001355
 C         -0.5084832304        1.1487243776        1.6443231851
 C         -2.5980071763        0.7116493302        0.5292873862
 C         -1.6511021524        1.6058612260        1.0043382711
 H          0.2129150572        1.8477907457        2.0443126915
 H         -3.5071310638        1.0727585217        0.0685304149
 Br         1.2437818779       -0.8612187309        2.6758270072
 Br        -3.7560733269       -1.8539459326        0.0989257358
 Br        -1.9330561547        3.4788792858        0.7949083790
 Br         3.7577907415       -1.8512664704       -0.0996324748
 Br        -1.2431498220       -0.8627838561       -2.6759940748
 Br         1.9298037434        3.4799721432       -0.7945736631

 ------------------------------------------------
 Generating MTD length from a flexibility measure
 ------------------------------------------------
 Calculating GFN0-xTB WBOs   ... done.
 Calculating NCI flexibility ... done.
     covalent flexibility measure :   0.425
 non-covalent flexibility measure :   0.485
 flexibility measure :   0.370
 t(MTD) / ps    :    12.0
 Σ(t(MTD)) / ps :   288.0 (24 MTDs)

 -----------------------------------
 Starting trial MTD to test settings
 -----------------------------------
 Trial MTD 1 runtime (1.0 ps) ...        0 min,  9.153 sec
 Estimated runtime for one MTD (12.0 ps) on a single thread: 1 min 50 sec
 Estimated runtime for a batch of 24 MTDs on 16 threads: 3 min 40 sec

******************************************************************************************
**                         N E W   I T E R A T I O N  C Y C L E                         **
******************************************************************************************

 ------------------------------
 Meta-Dynamics Iteration 1
 ------------------------------
 list of applied metadynamics Vbias parameters:
$metadyn    0.22500   1.618
$metadyn    0.11250   1.618
$metadyn    0.05625   1.618
$metadyn    0.02812   1.618
$metadyn    0.22500   1.000
$metadyn    0.11250   1.000
$metadyn    0.05625   1.000
$metadyn    0.02812   1.000
$metadyn    0.22500   0.618
$metadyn    0.11250   0.618
$metadyn    0.05625   0.618
$metadyn    0.02812   0.618
$metadyn    0.22500   0.382
$metadyn    0.11250   0.382
$metadyn    0.05625   0.382
$metadyn    0.02812   0.382
$metadyn    0.22500   0.236
$metadyn    0.11250   0.236
$metadyn    0.05625   0.236
$metadyn    0.02812   0.236
$metadyn    0.22500   0.146
$metadyn    0.11250   0.146
$metadyn    0.05625   0.146
$metadyn    0.02812   0.146

  ::::::::::::: starting MTD    5 :::::::::::::
  |   MD simulation time   :    12.0 ps       |
  |   target T             :   300.0 K        |
  |   timestep dt          :     5.0 fs       |
  |   dump interval(trj)   :   100.0 fs       |
  |   SHAKE algorithm      : true (all bonds) |
  |   dump interval(Vbias) :    1.00 ps       |
  |   Vbias prefactor (k)  :  0.2250 Eh       |
  |   Vbias exponent (α)   :  1.0000 bohr⁻²   |
  ::::::::::::: starting MTD    3 :::::::::::::
  |   MD simulation time   :    12.0 ps       |
  |   target T             :   300.0 K        |
  |   timestep dt          :     5.0 fs       |
  |   dump interval(trj)   :   100.0 fs       |
  |   SHAKE algorithm      : true (all bonds) |
  |   dump interval(Vbias) :    1.00 ps       |
  |   Vbias prefactor (k)  :  0.0562 Eh       |
  |   Vbias exponent (α)   :  1.6180 bohr⁻²   |
  ::::::::::::: starting MTD   15 :::::::::::::
  |   MD simulation time   :    12.0 ps       |
  |   target T             :   300.0 K        |
  |   timestep dt          :     5.0 fs       |
  |   dump interval(trj)   :   100.0 fs       |
  |   SHAKE algorithm      : true (all bonds) |
  |   dump interval(Vbias) :    1.00 ps       |
  |   Vbias prefactor (k)  :  0.0562 Eh       |
  |   Vbias exponent (α)   :  0.3820 bohr⁻²   |
  ::::::::::::: starting MTD   19 :::::::::::::
  |   MD simulation time   :    12.0 ps       |
  |   target T             :   300.0 K        |
  |   timestep dt          :     5.0 fs       |
  |   dump interval(trj)   :   100.0 fs       |
  |   SHAKE algorithm      : true (all bonds) |
  |   dump interval(Vbias) :    1.00 ps       |
  |   Vbias prefactor (k)  :  0.0562 Eh       |
  |   Vbias exponent (α)   :  0.2361 bohr⁻²   |
  ::::::::::::: starting MTD   13 :::::::::::::
  |   MD simulation time   :    12.0 ps       |
  |   target T             :   300.0 K        |
  |   timestep dt          :     5.0 fs       |
  |   dump interval(trj)   :   100.0 fs       |
  |   SHAKE algorithm      : true (all bonds) |
  |   dump interval(Vbias) :    1.00 ps       |
  |   Vbias prefactor (k)  :  0.2250 Eh       |
  |   Vbias exponent (α)   :  0.3820 bohr⁻²   |
  ::::::::::::: starting MTD   23 :::::::::::::
  |   MD simulation time   :    12.0 ps       |
  |   target T             :   300.0 K        |
  |   timestep dt          :     5.0 fs       |
  |   dump interval(trj)   :   100.0 fs       |
  |   SHAKE algorithm      : true (all bonds) |
  |   dump interval(Vbias) :    1.00 ps       |
  |   Vbias prefactor (k)  :  0.0562 Eh       |
  |   Vbias exponent (α)   :  0.1459 bohr⁻²   |
  ::::::::::::: starting MTD   24 :::::::::::::
  |   MD simulation time   :    12.0 ps       |
  |   target T             :   300.0 K        |
  |   timestep dt          :     5.0 fs       |
  |   dump interval(trj)   :   100.0 fs       |
  |   SHAKE algorithm      : true (all bonds) |
  |   dump interval(Vbias) :    1.00 ps       |
  |   Vbias prefactor (k)  :  0.0281 Eh       |
  |   Vbias exponent (α)   :  0.1459 bohr⁻²   |
  ::::::::::::: starting MTD    9 :::::::::::::
  |   MD simulation time   :    12.0 ps       |
  |   target T             :   300.0 K        |
  |   timestep dt          :     5.0 fs       |
  |   dump interval(trj)   :   100.0 fs       |
  |   SHAKE algorithm      : true (all bonds) |
  |   dump interval(Vbias) :    1.00 ps       |
  |   Vbias prefactor (k)  :  0.2250 Eh       |
  |   Vbias exponent (α)   :  0.6180 bohr⁻²   |
  ::::::::::::: starting MTD    7 :::::::::::::
  |   MD simulation time   :    12.0 ps       |
  |   target T             :   300.0 K        |
  |   timestep dt          :     5.0 fs       |
  |   dump interval(trj)   :   100.0 fs       |
  |   SHAKE algorithm      : true (all bonds) |
  |   dump interval(Vbias) :    1.00 ps       |
  |   Vbias prefactor (k)  :  0.0562 Eh       |
  |   Vbias exponent (α)   :  1.0000 bohr⁻²   |
  ::::::::::::: starting MTD   21 :::::::::::::
  |   MD simulation time   :    12.0 ps       |
  |   target T             :   300.0 K        |
  |   timestep dt          :     5.0 fs       |
  |   dump interval(trj)   :   100.0 fs       |
  |   SHAKE algorithm      : true (all bonds) |
  |   dump interval(Vbias) :    1.00 ps       |
  |   Vbias prefactor (k)  :  0.2250 Eh       |
  |   Vbias exponent (α)   :  0.1459 bohr⁻²   |
  ::::::::::::: starting MTD   20 :::::::::::::
  |   MD simulation time   :    12.0 ps       |
  |   target T             :   300.0 K        |
  |   timestep dt          :     5.0 fs       |
  |   dump interval(trj)   :   100.0 fs       |
  |   SHAKE algorithm      : true (all bonds) |
  |   dump interval(Vbias) :    1.00 ps       |
  |   Vbias prefactor (k)  :  0.0281 Eh       |
  |   Vbias exponent (α)   :  0.2361 bohr⁻²   |
  ::::::::::::: starting MTD   22 :::::::::::::
  |   MD simulation time   :    12.0 ps       |
  |   target T             :   300.0 K        |
  |   timestep dt          :     5.0 fs       |
  |   dump interval(trj)   :   100.0 fs       |
  |   SHAKE algorithm      : true (all bonds) |
  |   dump interval(Vbias) :    1.00 ps       |
  |   Vbias prefactor (k)  :  0.1125 Eh       |
  |   Vbias exponent (α)   :  0.1459 bohr⁻²   |
  ::::::::::::: starting MTD    1 :::::::::::::
  |   MD simulation time   :    12.0 ps       |
  |   target T             :   300.0 K        |
  |   timestep dt          :     5.0 fs       |
  |   dump interval(trj)   :   100.0 fs       |
  |   SHAKE algorithm      : true (all bonds) |
  |   dump interval(Vbias) :    1.00 ps       |
  |   Vbias prefactor (k)  :  0.2250 Eh       |
  |   Vbias exponent (α)   :  1.6180 bohr⁻²   |
  ::::::::::::: starting MTD   17 :::::::::::::
  |   MD simulation time   :    12.0 ps       |
  |   target T             :   300.0 K        |
  |   timestep dt          :     5.0 fs       |
  |   dump interval(trj)   :   100.0 fs       |
  |   SHAKE algorithm      : true (all bonds) |
  |   dump interval(Vbias) :    1.00 ps       |
  |   Vbias prefactor (k)  :  0.2250 Eh       |
  |   Vbias exponent (α)   :  0.2361 bohr⁻²   |
  ::::::::::::: starting MTD   11 :::::::::::::
  |   MD simulation time   :    12.0 ps       |
  |   target T             :   300.0 K        |
  |   timestep dt          :     5.0 fs       |
  |   dump interval(trj)   :   100.0 fs       |
  |   SHAKE algorithm      : true (all bonds) |
  |   dump interval(Vbias) :    1.00 ps       |
  |   Vbias prefactor (k)  :  0.0562 Eh       |
  |   Vbias exponent (α)   :  0.6180 bohr⁻²   |
  ::::::::::::: starting MTD   18 :::::::::::::
  |   MD simulation time   :    12.0 ps       |
  |   target T             :   300.0 K        |
  |   timestep dt          :     5.0 fs       |
  |   dump interval(trj)   :   100.0 fs       |
  |   SHAKE algorithm      : true (all bonds) |
  |   dump interval(Vbias) :    1.00 ps       |
  |   Vbias prefactor (k)  :  0.1125 Eh       |
  |   Vbias exponent (α)   :  0.2361 bohr⁻²   |
*MTD  15 completed successfully ...        2 min,  8.511 sec
  ::::::::::::: starting MTD   16 :::::::::::::
  |   MD simulation time   :    12.0 ps       |
  |   target T             :   300.0 K        |
  |   timestep dt          :     5.0 fs       |
  |   dump interval(trj)   :   100.0 fs       |
  |   SHAKE algorithm      : true (all bonds) |
  |   dump interval(Vbias) :    1.00 ps       |
  |   Vbias prefactor (k)  :  0.0281 Eh       |
  |   Vbias exponent (α)   :  0.3820 bohr⁻²   |
*MTD   5 completed successfully ...        2 min,  9.701 sec
  ::::::::::::: starting MTD    6 :::::::::::::
  |   MD simulation time   :    12.0 ps       |
  |   target T             :   300.0 K        |
  |   timestep dt          :     5.0 fs       |
  |   dump interval(trj)   :   100.0 fs       |
  |   SHAKE algorithm      : true (all bonds) |
  |   dump interval(Vbias) :    1.00 ps       |
  |   Vbias prefactor (k)  :  0.1125 Eh       |
  |   Vbias exponent (α)   :  1.0000 bohr⁻²   |
*MTD   3 completed successfully ...        2 min,  9.967 sec
  ::::::::::::: starting MTD    4 :::::::::::::
  |   MD simulation time   :    12.0 ps       |
  |   target T             :   300.0 K        |
  |   timestep dt          :     5.0 fs       |
  |   dump interval(trj)   :   100.0 fs       |
  |   SHAKE algorithm      : true (all bonds) |
  |   dump interval(Vbias) :    1.00 ps       |
  |   Vbias prefactor (k)  :  0.0281 Eh       |
  |   Vbias exponent (α)   :  1.6180 bohr⁻²   |
*MTD  11 completed successfully ...        2 min, 10.015 sec
  ::::::::::::: starting MTD   12 :::::::::::::
  |   MD simulation time   :    12.0 ps       |
  |   target T             :   300.0 K        |
  |   timestep dt          :     5.0 fs       |
  |   dump interval(trj)   :   100.0 fs       |
  |   SHAKE algorithm      : true (all bonds) |
  |   dump interval(Vbias) :    1.00 ps       |
  |   Vbias prefactor (k)  :  0.0281 Eh       |
  |   Vbias exponent (α)   :  0.6180 bohr⁻²   |
*MTD  20 completed successfully ...        2 min, 10.139 sec
*MTD  24 completed successfully ...        2 min, 10.402 sec
*MTD  23 completed successfully ...        2 min, 10.834 sec
*MTD  19 completed successfully ...        2 min, 11.308 sec
*MTD  18 completed successfully ...        2 min, 11.732 sec
*MTD   7 completed successfully ...        2 min, 11.925 sec
  ::::::::::::: starting MTD    8 :::::::::::::
  |   MD simulation time   :    12.0 ps       |
  |   target T             :   300.0 K        |
  |   timestep dt          :     5.0 fs       |
  |   dump interval(trj)   :   100.0 fs       |
  |   SHAKE algorithm      : true (all bonds) |
  |   dump interval(Vbias) :    1.00 ps       |
  |   Vbias prefactor (k)  :  0.0281 Eh       |
  |   Vbias exponent (α)   :  1.0000 bohr⁻²   |
*MTD   1 completed successfully ...        2 min, 12.068 sec
  ::::::::::::: starting MTD    2 :::::::::::::
  |   MD simulation time   :    12.0 ps       |
  |   target T             :   300.0 K        |
  |   timestep dt          :     5.0 fs       |
  |   dump interval(trj)   :   100.0 fs       |
  |   SHAKE algorithm      : true (all bonds) |
  |   dump interval(Vbias) :    1.00 ps       |
  |   Vbias prefactor (k)  :  0.1125 Eh       |
  |   Vbias exponent (α)   :  1.6180 bohr⁻²   |
*MTD  13 completed successfully ...        2 min, 12.542 sec
  ::::::::::::: starting MTD   14 :::::::::::::
  |   MD simulation time   :    12.0 ps       |
  |   target T             :   300.0 K        |
  |   timestep dt          :     5.0 fs       |
  |   dump interval(trj)   :   100.0 fs       |
  |   SHAKE algorithm      : true (all bonds) |
  |   dump interval(Vbias) :    1.00 ps       |
  |   Vbias prefactor (k)  :  0.1125 Eh       |
  |   Vbias exponent (α)   :  0.3820 bohr⁻²   |
*MTD  22 completed successfully ...        2 min, 12.863 sec
*MTD   9 completed successfully ...        2 min, 13.061 sec
  ::::::::::::: starting MTD   10 :::::::::::::
  |   MD simulation time   :    12.0 ps       |
  |   target T             :   300.0 K        |
  |   timestep dt          :     5.0 fs       |
  |   dump interval(trj)   :   100.0 fs       |
  |   SHAKE algorithm      : true (all bonds) |
  |   dump interval(Vbias) :    1.00 ps       |
  |   Vbias prefactor (k)  :  0.1125 Eh       |
  |   Vbias exponent (α)   :  0.6180 bohr⁻²   |
*MTD  21 completed successfully ...        2 min, 13.437 sec
*MTD  17 completed successfully ...        2 min, 14.257 sec
*MTD   4 completed successfully ...        1 min, 53.708 sec
*MTD   6 completed successfully ...        1 min, 54.042 sec
*MTD  16 completed successfully ...        1 min, 56.388 sec
*MTD   2 completed successfully ...        1 min, 52.945 sec
*MTD  12 completed successfully ...        1 min, 55.443 sec
*MTD   8 completed successfully ...        1 min, 54.449 sec
*MTD  14 completed successfully ...        1 min, 53.849 sec
*MTD  10 completed successfully ...        1 min, 56.126 sec

 ======================================
 |  Multilevel Ensemble Optimization  |
 ======================================
 Optimizing all 2856 structures from file "crest_dynamics.trj" ...
 ----------------------
 crude pre-optimization
 ----------------------
 Optimization engine: ANCOPT
 Hessian update type: BFGS
 E/G convergence criteria:  0.500E-03 Eh, 0.100E-01 Eh/a0
 maximum optimization steps: 200
 |>0.0% |>7.5% |>15.0% |>22.5% |>30.0% |>37.5% |>45.0% |>52.5% |>60.0% |>67.5% |>75.0% |>82.5% |>90.0% |>97.5% |>100.0%
 done.
> 2856 of 2856 structures successfully optimized (100.0% success)
> Total runtime for 2856 optimizations:
 * wall-time:     0 d,  0 h,  1 min, 36.759 sec
 *  cpu-time:     0 d,  0 h, 25 min, 29.110 sec
 * ratio c/w:    15.803 speedup
> Corresponding to approximately 0.034 sec per processed structure

CREGEN> running RMSDs ... done.
CREGEN> E lowest :   -66.57752
 2461 structures remain within    12.00 kcal/mol window
 ----------------------------------
 optimization with tight thresholds
 ----------------------------------
 Optimization engine: ANCOPT
 Hessian update type: BFGS
 E/G convergence criteria:  0.100E-05 Eh, 0.800E-03 Eh/a0
 maximum optimization steps: 200
 |>0.0% |>7.5% |>15.0% |>22.5% |>30.0% |>37.5% |>45.0% |>52.5% |>60.0% |>67.5% |>75.0% |>82.5% |>90.0% |>97.5% |>100.0%
 done.
> 2156 of 2461 structures successfully optimized (87.6% success)
> Total runtime for 2461 optimizations:
 * wall-time:     0 d,  0 h, 11 min, 19.185 sec
 *  cpu-time:     0 d,  3 h,  0 min, 12.668 sec
 * ratio c/w:    15.920 speedup
> Corresponding to approximately 0.276 sec per processed structure

CREGEN> running RMSDs ... done.
CREGEN> E lowest :   -66.57765
 284 structures remain within     6.00 kcal/mol window

========================================
           MTD Simulations done         
========================================
 Collecting ensmbles.
CREGEN> running RMSDs ... done.
CREGEN> E lowest :   -66.57765
 284 structures remain within     6.00 kcal/mol window
     H(298.15K)-H(0) (conf)      0.403368
                   Cp(conf)      3.374616
                    S(conf)      6.154968

******************************************************************************************
**                          I T E R A T I O N    C Y C L E      1                       **
******************************************************************************************
 -------------------------------------------
 determining bias structures via PCA/k-Means
 -------------------------------------------

 4 structures were selected
 done.

 -----------------------------------------------
 determining MTD seed structures via PCA/k-Means
 -----------------------------------------------

 36 structures were selected
 done.


 ===========================================================
 Static MTDs (umbrella sampling) on 36 selected conformer(s)
 ===========================================================
> Using 4 constant RMSD bias potentials per MTD
  :::::::::: starting static MTD   1 ::::::::::
  |   MD simulation time   :     6.0 ps       |
  |   target T             :   400.0 K        |
  |   timestep dt          :     5.0 fs       |
  |   dump interval(trj)   :   100.0 fs       |
  |   SHAKE algorithm      : true (all bonds) |
  |   Vbias prefactor (k)  :  0.0025 Eh       |
  |   Vbias exponent (α)   :  1.0000 bohr⁻²   |
  :::::::::: starting static MTD   8 ::::::::::
  |   MD simulation time   :     6.0 ps       |
  |   target T             :   400.0 K        |
  |   timestep dt          :     5.0 fs       |
  |   dump interval(trj)   :   100.0 fs       |
  |   SHAKE algorithm      : true (all bonds) |
  |   Vbias prefactor (k)  :  0.0025 Eh       |
  |   Vbias exponent (α)   :  1.0000 bohr⁻²   |
  :::::::::: starting static MTD   3 ::::::::::
  |   MD simulation time   :     6.0 ps       |
  |   target T             :   400.0 K        |
  |   timestep dt          :     5.0 fs       |
  |   dump interval(trj)   :   100.0 fs       |
  |   SHAKE algorithm      : true (all bonds) |
  |   Vbias prefactor (k)  :  0.0025 Eh       |
  |   Vbias exponent (α)   :  1.0000 bohr⁻²   |
  :::::::::: starting static MTD   2 ::::::::::
  |   MD simulation time   :     6.0 ps       |
  |   target T             :   400.0 K        |
  |   timestep dt          :     5.0 fs       |
  |   dump interval(trj)   :   100.0 fs       |
  |   SHAKE algorithm      : true (all bonds) |
  |   Vbias prefactor (k)  :  0.0025 Eh       |
  |   Vbias exponent (α)   :  1.0000 bohr⁻²   |
  :::::::::: starting static MTD   4 ::::::::::
  |   MD simulation time   :     6.0 ps       |
  |   target T             :   400.0 K        |
  |   timestep dt          :     5.0 fs       |
  |   dump interval(trj)   :   100.0 fs       |
  |   SHAKE algorithm      : true (all bonds) |
  |   Vbias prefactor (k)  :  0.0025 Eh       |
  |   Vbias exponent (α)   :  1.0000 bohr⁻²   |
  :::::::::: starting static MTD   6 ::::::::::
  |   MD simulation time   :     6.0 ps       |
  |   target T             :   400.0 K        |
  |   timestep dt          :     5.0 fs       |
  |   dump interval(trj)   :   100.0 fs       |
  |   SHAKE algorithm      : true (all bonds) |
  |   Vbias prefactor (k)  :  0.0025 Eh       |
  |   Vbias exponent (α)   :  1.0000 bohr⁻²   |
  :::::::::: starting static MTD  36 ::::::::::
  |   MD simulation time   :     6.0 ps       |
  |   target T             :   400.0 K        |
  |   timestep dt          :     5.0 fs       |
  |   dump interval(trj)   :   100.0 fs       |
  |   SHAKE algorithm      : true (all bonds) |
  |   Vbias prefactor (k)  :  0.0025 Eh       |
  |   Vbias exponent (α)   :  1.0000 bohr⁻²   |
  :::::::::: starting static MTD  10 ::::::::::
  |   MD simulation time   :     6.0 ps       |
  |   target T             :   400.0 K        |
  |   timestep dt          :     5.0 fs       |
  |   dump interval(trj)   :   100.0 fs       |
  |   SHAKE algorithm      : true (all bonds) |
  |   Vbias prefactor (k)  :  0.0025 Eh       |
  |   Vbias exponent (α)   :  1.0000 bohr⁻²   |
  :::::::::: starting static MTD  13 ::::::::::
  |   MD simulation time   :     6.0 ps       |
  |   target T             :   400.0 K        |
  |   timestep dt          :     5.0 fs       |
  |   dump interval(trj)   :   100.0 fs       |
  |   SHAKE algorithm      : true (all bonds) |
  |   Vbias prefactor (k)  :  0.0025 Eh       |
  |   Vbias exponent (α)   :  1.0000 bohr⁻²   |
  :::::::::: starting static MTD  11 ::::::::::
  |   MD simulation time   :     6.0 ps       |
  |   target T             :   400.0 K        |
  |   timestep dt          :     5.0 fs       |
  |   dump interval(trj)   :   100.0 fs       |
  |   SHAKE algorithm      : true (all bonds) |
  |   Vbias prefactor (k)  :  0.0025 Eh       |
  |   Vbias exponent (α)   :  1.0000 bohr⁻²   |
  :::::::::: starting static MTD   7 ::::::::::
  |   MD simulation time   :     6.0 ps       |
  |   target T             :   400.0 K        |
  |   timestep dt          :     5.0 fs       |
  |   dump interval(trj)   :   100.0 fs       |
  |   SHAKE algorithm      : true (all bonds) |
  |   Vbias prefactor (k)  :  0.0025 Eh       |
  |   Vbias exponent (α)   :  1.0000 bohr⁻²   |
  :::::::::: starting static MTD  12 ::::::::::
  |   MD simulation time   :     6.0 ps       |
  |   target T             :   400.0 K        |
  |   timestep dt          :     5.0 fs       |
  |   dump interval(trj)   :   100.0 fs       |
  |   SHAKE algorithm      : true (all bonds) |
  |   Vbias prefactor (k)  :  0.0025 Eh       |
  |   Vbias exponent (α)   :  1.0000 bohr⁻²   |
  :::::::::: starting static MTD  14 ::::::::::
  |   MD simulation time   :     6.0 ps       |
  |   target T             :   400.0 K        |
  |   timestep dt          :     5.0 fs       |
  |   dump interval(trj)   :   100.0 fs       |
  |   SHAKE algorithm      : true (all bonds) |
  |   Vbias prefactor (k)  :  0.0025 Eh       |
  |   Vbias exponent (α)   :  1.0000 bohr⁻²   |
  :::::::::: starting static MTD  15 ::::::::::
  |   MD simulation time   :     6.0 ps       |
  |   target T             :   400.0 K        |
  |   timestep dt          :     5.0 fs       |
  |   dump interval(trj)   :   100.0 fs       |
  |   SHAKE algorithm      : true (all bonds) |
  |   Vbias prefactor (k)  :  0.0025 Eh       |
  |   Vbias exponent (α)   :  1.0000 bohr⁻²   |
  :::::::::: starting static MTD   5 ::::::::::
  |   MD simulation time   :     6.0 ps       |
  |   target T             :   400.0 K        |
  |   timestep dt          :     5.0 fs       |
  |   dump interval(trj)   :   100.0 fs       |
  |   SHAKE algorithm      : true (all bonds) |
  |   Vbias prefactor (k)  :  0.0025 Eh       |
  |   Vbias exponent (α)   :  1.0000 bohr⁻²   |
  :::::::::: starting static MTD   9 ::::::::::
  |   MD simulation time   :     6.0 ps       |
  |   target T             :   400.0 K        |
  |   timestep dt          :     5.0 fs       |
  |   dump interval(trj)   :   100.0 fs       |
  |   SHAKE algorithm      : true (all bonds) |
  |   Vbias prefactor (k)  :  0.0025 Eh       |
  |   Vbias exponent (α)   :  1.0000 bohr⁻²   |
*sMTD   4 completed successfully ...        1 min,  7.065 sec
  :::::::::: starting static MTD  16 ::::::::::
  |   MD simulation time   :     6.0 ps       |
  |   target T             :   400.0 K        |
  |   timestep dt          :     5.0 fs       |
  |   dump interval(trj)   :   100.0 fs       |
  |   SHAKE algorithm      : true (all bonds) |
  |   Vbias prefactor (k)  :  0.0025 Eh       |
  |   Vbias exponent (α)   :  1.0000 bohr⁻²   |
*sMTD   2 completed successfully ...        1 min,  7.740 sec
  :::::::::: starting static MTD  17 ::::::::::
  |   MD simulation time   :     6.0 ps       |
  |   target T             :   400.0 K        |
  |   timestep dt          :     5.0 fs       |
  |   dump interval(trj)   :   100.0 fs       |
  |   SHAKE algorithm      : true (all bonds) |
  |   Vbias prefactor (k)  :  0.0025 Eh       |
  |   Vbias exponent (α)   :  1.0000 bohr⁻²   |
*sMTD  11 completed successfully ...        1 min,  7.777 sec
  :::::::::: starting static MTD  18 ::::::::::
  |   MD simulation time   :     6.0 ps       |
  |   target T             :   400.0 K        |
  |   timestep dt          :     5.0 fs       |
  |   dump interval(trj)   :   100.0 fs       |
  |   SHAKE algorithm      : true (all bonds) |
  |   Vbias prefactor (k)  :  0.0025 Eh       |
  |   Vbias exponent (α)   :  1.0000 bohr⁻²   |
*sMTD   7 completed successfully ...        1 min,  7.911 sec
  :::::::::: starting static MTD  19 ::::::::::
  |   MD simulation time   :     6.0 ps       |
  |   target T             :   400.0 K        |
  |   timestep dt          :     5.0 fs       |
  |   dump interval(trj)   :   100.0 fs       |
  |   SHAKE algorithm      : true (all bonds) |
  |   Vbias prefactor (k)  :  0.0025 Eh       |
  |   Vbias exponent (α)   :  1.0000 bohr⁻²   |
*sMTD  15 completed successfully ...        1 min,  8.029 sec
  :::::::::: starting static MTD  20 ::::::::::
  |   MD simulation time   :     6.0 ps       |
  |   target T             :   400.0 K        |
  |   timestep dt          :     5.0 fs       |
  |   dump interval(trj)   :   100.0 fs       |
  |   SHAKE algorithm      : true (all bonds) |
  |   Vbias prefactor (k)  :  0.0025 Eh       |
  |   Vbias exponent (α)   :  1.0000 bohr⁻²   |
*sMTD  12 completed successfully ...        1 min,  8.866 sec
  :::::::::: starting static MTD  21 ::::::::::
  |   MD simulation time   :     6.0 ps       |
  |   target T             :   400.0 K        |
  |   timestep dt          :     5.0 fs       |
  |   dump interval(trj)   :   100.0 fs       |
  |   SHAKE algorithm      : true (all bonds) |
  |   Vbias prefactor (k)  :  0.0025 Eh       |
  |   Vbias exponent (α)   :  1.0000 bohr⁻²   |
*sMTD  36 completed successfully ...        1 min,  9.048 sec
  :::::::::: starting static MTD  35 ::::::::::
  |   MD simulation time   :     6.0 ps       |
  |   target T             :   400.0 K        |
  |   timestep dt          :     5.0 fs       |
  |   dump interval(trj)   :   100.0 fs       |
  |   SHAKE algorithm      : true (all bonds) |
  |   Vbias prefactor (k)  :  0.0025 Eh       |
  |   Vbias exponent (α)   :  1.0000 bohr⁻²   |
*sMTD   9 completed successfully ...        1 min,  9.842 sec
  :::::::::: starting static MTD  22 ::::::::::
  |   MD simulation time   :     6.0 ps       |
  |   target T             :   400.0 K        |
  |   timestep dt          :     5.0 fs       |
  |   dump interval(trj)   :   100.0 fs       |
  |   SHAKE algorithm      : true (all bonds) |
  |   Vbias prefactor (k)  :  0.0025 Eh       |
  |   Vbias exponent (α)   :  1.0000 bohr⁻²   |
*sMTD  14 completed successfully ...        1 min,  9.892 sec
  :::::::::: starting static MTD  23 ::::::::::
  |   MD simulation time   :     6.0 ps       |
  |   target T             :   400.0 K        |
  |   timestep dt          :     5.0 fs       |
  |   dump interval(trj)   :   100.0 fs       |
  |   SHAKE algorithm      : true (all bonds) |
  |   Vbias prefactor (k)  :  0.0025 Eh       |
  |   Vbias exponent (α)   :  1.0000 bohr⁻²   |
*sMTD  13 completed successfully ...        1 min, 10.322 sec
  :::::::::: starting static MTD  24 ::::::::::
  |   MD simulation time   :     6.0 ps       |
  |   target T             :   400.0 K        |
  |   timestep dt          :     5.0 fs       |
  |   dump interval(trj)   :   100.0 fs       |
  |   SHAKE algorithm      : true (all bonds) |
  |   Vbias prefactor (k)  :  0.0025 Eh       |
  |   Vbias exponent (α)   :  1.0000 bohr⁻²   |
*sMTD  10 completed successfully ...        1 min, 10.699 sec
  :::::::::: starting static MTD  25 ::::::::::
  |   MD simulation time   :     6.0 ps       |
  |   target T             :   400.0 K        |
  |   timestep dt          :     5.0 fs       |
  |   dump interval(trj)   :   100.0 fs       |
  |   SHAKE algorithm      : true (all bonds) |
  |   Vbias prefactor (k)  :  0.0025 Eh       |
  |   Vbias exponent (α)   :  1.0000 bohr⁻²   |
*sMTD   5 completed successfully ...        1 min, 10.729 sec
  :::::::::: starting static MTD  26 ::::::::::
  |   MD simulation time   :     6.0 ps       |
  |   target T             :   400.0 K        |
  |   timestep dt          :     5.0 fs       |
  |   dump interval(trj)   :   100.0 fs       |
  |   SHAKE algorithm      : true (all bonds) |
  |   Vbias prefactor (k)  :  0.0025 Eh       |
  |   Vbias exponent (α)   :  1.0000 bohr⁻²   |
*sMTD   6 completed successfully ...        1 min, 11.083 sec
  :::::::::: starting static MTD  27 ::::::::::
  |   MD simulation time   :     6.0 ps       |
  |   target T             :   400.0 K        |
  |   timestep dt          :     5.0 fs       |
  |   dump interval(trj)   :   100.0 fs       |
  |   SHAKE algorithm      : true (all bonds) |
  |   Vbias prefactor (k)  :  0.0025 Eh       |
  |   Vbias exponent (α)   :  1.0000 bohr⁻²   |
*sMTD   8 completed successfully ...        1 min, 12.268 sec
  :::::::::: starting static MTD  28 ::::::::::
  |   MD simulation time   :     6.0 ps       |
  |   target T             :   400.0 K        |
  |   timestep dt          :     5.0 fs       |
  |   dump interval(trj)   :   100.0 fs       |
  |   SHAKE algorithm      : true (all bonds) |
  |   Vbias prefactor (k)  :  0.0025 Eh       |
  |   Vbias exponent (α)   :  1.0000 bohr⁻²   |
*sMTD   1 completed successfully ...        1 min, 12.405 sec
  :::::::::: starting static MTD  29 ::::::::::
  |   MD simulation time   :     6.0 ps       |
  |   target T             :   400.0 K        |
  |   timestep dt          :     5.0 fs       |
  |   dump interval(trj)   :   100.0 fs       |
  |   SHAKE algorithm      : true (all bonds) |
  |   Vbias prefactor (k)  :  0.0025 Eh       |
  |   Vbias exponent (α)   :  1.0000 bohr⁻²   |
*sMTD   3 completed successfully ...        1 min, 12.801 sec
  :::::::::: starting static MTD  30 ::::::::::
  |   MD simulation time   :     6.0 ps       |
  |   target T             :   400.0 K        |
  |   timestep dt          :     5.0 fs       |
  |   dump interval(trj)   :   100.0 fs       |
  |   SHAKE algorithm      : true (all bonds) |
  |   Vbias prefactor (k)  :  0.0025 Eh       |
  |   Vbias exponent (α)   :  1.0000 bohr⁻²   |
*sMTD  17 completed successfully ...        1 min,  6.971 sec
  :::::::::: starting static MTD  31 ::::::::::
  |   MD simulation time   :     6.0 ps       |
  |   target T             :   400.0 K        |
  |   timestep dt          :     5.0 fs       |
  |   dump interval(trj)   :   100.0 fs       |
  |   SHAKE algorithm      : true (all bonds) |
  |   Vbias prefactor (k)  :  0.0025 Eh       |
  |   Vbias exponent (α)   :  1.0000 bohr⁻²   |
*sMTD  19 completed successfully ...        1 min,  7.099 sec
  :::::::::: starting static MTD  32 ::::::::::
  |   MD simulation time   :     6.0 ps       |
  |   target T             :   400.0 K        |
  |   timestep dt          :     5.0 fs       |
  |   dump interval(trj)   :   100.0 fs       |
  |   SHAKE algorithm      : true (all bonds) |
  |   Vbias prefactor (k)  :  0.0025 Eh       |
  |   Vbias exponent (α)   :  1.0000 bohr⁻²   |
*sMTD  21 completed successfully ...        1 min,  7.412 sec
  :::::::::: starting static MTD  33 ::::::::::
  |   MD simulation time   :     6.0 ps       |
  |   target T             :   400.0 K        |
  |   timestep dt          :     5.0 fs       |
  |   dump interval(trj)   :   100.0 fs       |
  |   SHAKE algorithm      : true (all bonds) |
  |   Vbias prefactor (k)  :  0.0025 Eh       |
  |   Vbias exponent (α)   :  1.0000 bohr⁻²   |
*sMTD  16 completed successfully ...        1 min,  9.352 sec
  :::::::::: starting static MTD  34 ::::::::::
  |   MD simulation time   :     6.0 ps       |
  |   target T             :   400.0 K        |
  |   timestep dt          :     5.0 fs       |
  |   dump interval(trj)   :   100.0 fs       |
  |   SHAKE algorithm      : true (all bonds) |
  |   Vbias prefactor (k)  :  0.0025 Eh       |
  |   Vbias exponent (α)   :  1.0000 bohr⁻²   |
*sMTD  26 completed successfully ...        1 min,  6.148 sec
*sMTD  27 completed successfully ...        1 min,  6.435 sec
*sMTD  23 completed successfully ...        1 min,  7.706 sec
*sMTD  28 completed successfully ...        1 min,  5.335 sec
*sMTD  20 completed successfully ...        1 min,  9.759 sec
*sMTD  35 completed successfully ...        1 min,  8.759 sec
*sMTD  24 completed successfully ...        1 min,  8.234 sec
*sMTD  22 completed successfully ...        1 min,  8.840 sec
*sMTD  18 completed successfully ...        1 min, 11.592 sec
*sMTD  25 completed successfully ...        1 min,  9.179 sec
*sMTD  29 completed successfully ...        1 min,  8.902 sec
*sMTD  30 completed successfully ...        1 min,  9.230 sec
*sMTD  33 completed successfully ...        0 min, 55.580 sec
*sMTD  32 completed successfully ...        0 min, 56.983 sec
*sMTD  34 completed successfully ...        0 min, 55.718 sec
*sMTD  31 completed successfully ...        0 min, 59.694 sec

 ======================================
 |  Multilevel Ensemble Optimization  |
 ======================================
 Optimizing all 2124 structures from file "crest_rotamers_0.xyz" ...
 ----------------------
 crude pre-optimization
 ----------------------
 Optimization engine: ANCOPT
 Hessian update type: BFGS
 E/G convergence criteria:  0.500E-03 Eh, 0.100E-01 Eh/a0
 maximum optimization steps: 200
 |>0.0% |>7.5% |>15.0% |>22.5% |>30.0% |>37.5% |>45.0% |>52.5% |>60.0% |>67.5% |>75.0% |>82.5% |>90.0% |>97.5% |>100.0%
 done.
> 2124 of 2124 structures successfully optimized (100.0% success)
> Total runtime for 2124 optimizations:
 * wall-time:     0 d,  0 h,  0 min, 52.841 sec
 *  cpu-time:     0 d,  0 h, 13 min, 55.006 sec
 * ratio c/w:    15.802 speedup
> Corresponding to approximately 0.025 sec per processed structure

CREGEN> running RMSDs ... done.
CREGEN> E lowest :   -66.57749
 1679 structures remain within    12.00 kcal/mol window
 ---------------------------------------
 optimization with very tight thresholds
 ---------------------------------------
 Optimization engine: ANCOPT
 Hessian update type: BFGS
 E/G convergence criteria:  0.100E-06 Eh, 0.200E-03 Eh/a0
 maximum optimization steps: 200
 |>0.1% |>7.5% |>15.0% |>22.5% |>30.0% |>37.5% |>45.0% |>52.5% |>60.0% |>67.5% |>75.0% |>82.5% |>90.1% |>97.6% |>100.0%
 done.
> 1360 of 1679 structures successfully optimized (81.0% success)
> Total runtime for 1679 optimizations:
 * wall-time:     0 d,  0 h,  9 min,  4.859 sec
 *  cpu-time:     0 d,  2 h, 24 min,  9.696 sec
 * ratio c/w:    15.875 speedup
> Corresponding to approximately 0.325 sec per processed structure

CREGEN> running RMSDs ... done.
CREGEN> E lowest :   -66.57765
 99 structures remain within     6.00 kcal/mol window
CREGEN> running RMSDs ... done.
CREGEN> E lowest :   -66.57765

 Static MTD simulation iteration 1 finished
 A total of 118 conformers (+-5.08%) in crest_conformers.xyz
 S(approx.) =    4.424827 cal/molK (dS = 8.08%)
 Convergence w.r.t. conformers: F
 Convergence w.r.t. entropy   : F

 Warning: Nconf DECREASED, which is unphysical.
 Rewind ensemble and exit iterations ...
CREGEN> running RMSDs ... done.
CREGEN> E lowest :   -66.57765


 --------------------------
 Final Ensemble Information
 --------------------------
 input  file name : crest_rotamers_2.xyz
 output file name : crest_rotamers_3.xyz
 number of atoms                :   30
 number of points on xyz files  :   284
 RMSD threshold                 :   0.1250
 Bconst threshold               :   0.0100
 population threshold           :   0.0500
 # fragment in coord            :     1
 # bonds in reference structure :    31
 number of reliable points      :   284
 sorting energy window (EWIN)   :    6.0000 / kcal*mol⁻¹
 reference state Etot           :  -66.577651470000006
 number of doubles removed by rot/RMSD         :           0
 total number unique points considered further :         284
       Erel/kcal        Etot weight/tot  conformer     set   degen     origin
       1   0.000   -66.57765    0.05543    0.44193       1       8
       2   0.172   -66.57738    0.04145    0.33036       2       8
       3   0.483   -66.57688    0.02454    0.07325       3       3
       4   0.487   -66.57688    0.02439    0.02439       4       1
       5   1.923   -66.57459    0.00216    0.01298       5       6
       6   1.924   -66.57458    0.00216    0.01080       6       5
       7   1.926   -66.57458    0.00216    0.00216       7       1
       8   1.928   -66.57458    0.00215    0.00643       8       3
       9   1.931   -66.57457    0.00213    0.00213       9       1
      10   1.938   -66.57456    0.00211    0.00211      10       1
      11   2.011   -66.57445    0.00187    0.02795      11      15
      12   2.013   -66.57444    0.00186    0.00186      12       1
      13   2.184   -66.57417    0.00139    0.00275      13       2
      14   2.206   -66.57414    0.00134    0.00134      14       1
      15   2.225   -66.57411    0.00130    0.00130      15       1
      16   2.258   -66.57405    0.00123    0.00123      16       1
      17   2.267   -66.57404    0.00121    0.00121      17       1
      18   2.299   -66.57399    0.00115    0.00115      18       1
      19   2.314   -66.57396    0.00112    0.00112      19       1
      20   2.326   -66.57395    0.00110    0.01425      20      13
      21   2.327   -66.57394    0.00110    0.00536      21       5
      22   2.327   -66.57394    0.00110    0.00110      22       1
      23   2.353   -66.57390    0.00105    0.00214      23       2
      24   2.353   -66.57390    0.00105    0.00311      24       3
      25   2.366   -66.57388    0.00103    0.00409      25       4
      26   2.409   -66.57381    0.00095    0.00282      26       3
      27   2.881   -66.57306    0.00043    0.00043      27       1
      28   2.966   -66.57292    0.00037    0.00402      28      11
      29   3.022   -66.57284    0.00034    0.00034      29       1
      30   3.141   -66.57265    0.00028    0.00028      30       1
      31   3.189   -66.57257    0.00026    0.00230      31       9
      32   3.190   -66.57257    0.00026    0.00077      32       3
      33   3.193   -66.57256    0.00025    0.00051      33       2
      34   3.195   -66.57256    0.00025    0.00025      34       1
      35   3.196   -66.57256    0.00025    0.00025      35       1
      36   3.277   -66.57243    0.00022    0.00022      36       1
      37   3.280   -66.57243    0.00022    0.00022      37       1
      38   3.283   -66.57242    0.00022    0.00043      38       2
      39   3.294   -66.57240    0.00021    0.00021      39       1
      40   3.299   -66.57239    0.00021    0.00021      40       1
      41   3.316   -66.57237    0.00021    0.00021      41       1
      42   3.321   -66.57236    0.00020    0.00102      42       5
      43   3.332   -66.57234    0.00020    0.00020      43       1
      44   3.339   -66.57233    0.00020    0.00039      44       2
      45   3.346   -66.57232    0.00020    0.00020      45       1
      46   3.358   -66.57230    0.00019    0.00019      46       1
      47   3.368   -66.57228    0.00019    0.00019      47       1
      48   3.373   -66.57228    0.00019    0.00055      48       3
      49   3.398   -66.57224    0.00018    0.00054      49       3
      50   3.414   -66.57221    0.00018    0.00018      50       1
      51   3.421   -66.57220    0.00017    0.00036      51       2
      52   3.421   -66.57220    0.00017    0.00051      52       3
      53   3.423   -66.57220    0.00017    0.00017      53       1
      54   3.446   -66.57216    0.00017    0.00017      54       1
      55   3.473   -66.57212    0.00016    0.00047      55       3
      56   3.507   -66.57206    0.00015    0.00030      56       2
      57   3.524   -66.57204    0.00015    0.00029      57       2
      58   3.530   -66.57203    0.00014    0.00014      58       1
      59   3.523   -66.57204    0.00015    0.00015      59       1
      60   3.541   -66.57201    0.00014    0.00028      60       2
      61   3.549   -66.57200    0.00014    0.00028      61       2
      62   3.555   -66.57199    0.00014    0.00014      62       1
      63   3.630   -66.57187    0.00012    0.00012      63       1
      64   3.639   -66.57185    0.00012    0.00024      64       2
      65   3.653   -66.57183    0.00012    0.00012      65       1
      66   3.713   -66.57174    0.00011    0.00052      66       5
      67   3.725   -66.57172    0.00010    0.00010      67       1
      68   4.249   -66.57088    0.00004    0.00013      68       3
      69   4.258   -66.57087    0.00004    0.00008      69       2
      70   4.264   -66.57086    0.00004    0.00004      70       1
      71   4.274   -66.57084    0.00004    0.00004      71       1
      72   4.275   -66.57084    0.00004    0.00004      72       1
      73   4.276   -66.57084    0.00004    0.00016      73       4
      74   4.288   -66.57082    0.00004    0.00012      74       3
      75   4.292   -66.57081    0.00004    0.00012      75       3
      76   4.292   -66.57081    0.00004    0.00008      76       2
      77   4.291   -66.57081    0.00004    0.00008      77       2
      78   4.297   -66.57080    0.00004    0.00008      78       2
      79   4.308   -66.57079    0.00004    0.00004      79       1
      80   4.320   -66.57077    0.00004    0.00004      80       1
      81   4.321   -66.57077    0.00004    0.00004      81       1
      82   4.321   -66.57077    0.00004    0.00004      82       1
      83   4.325   -66.57076    0.00004    0.00007      83       2
      84   4.381   -66.57067    0.00003    0.00017      84       5
      85   4.383   -66.57067    0.00003    0.00014      85       4
      86   4.391   -66.57065    0.00003    0.00003      86       1
      87   4.398   -66.57064    0.00003    0.00013      87       4
      88   4.406   -66.57063    0.00003    0.00003      88       1
      89   4.412   -66.57062    0.00003    0.00003      89       1
      90   4.499   -66.57048    0.00003    0.00003      90       1
      91   4.549   -66.57040    0.00003    0.00003      91       1
      92   5.038   -66.56962    0.00001    0.00005      92       4
      93   5.042   -66.56962    0.00001    0.00001      93       1
      94   5.122   -66.56949    0.00001    0.00001      94       1
      95   5.162   -66.56942    0.00001    0.00004      95       4
      96   5.185   -66.56939    0.00001    0.00001      96       1
      97   5.191   -66.56938    0.00001    0.00003      97       3
      98   5.200   -66.56936    0.00001    0.00001      98       1
      99   5.210   -66.56935    0.00001    0.00002      99       2
     100   5.219   -66.56933    0.00001    0.00002     100       2
     101   5.228   -66.56932    0.00001    0.00002     101       2
     102   5.237   -66.56931    0.00001    0.00001     102       1
     103   5.220   -66.56933    0.00001    0.00001     103       1
     104   5.237   -66.56931    0.00001    0.00002     104       2
     105   5.246   -66.56929    0.00001    0.00002     105       2
     106   5.252   -66.56928    0.00001    0.00001     106       1
     107   5.256   -66.56928    0.00001    0.00002     107       2
     108   5.260   -66.56927    0.00001    0.00002     108       2
     109   5.263   -66.56926    0.00001    0.00002     109       2
     110   5.267   -66.56926    0.00001    0.00001     110       1
     111   5.269   -66.56925    0.00001    0.00001     111       1
     112   5.270   -66.56925    0.00001    0.00001     112       1
     113   5.603   -66.56872    0.00000    0.00002     113       5
     114   5.605   -66.56872    0.00000    0.00001     114       2
     115   5.613   -66.56871    0.00000    0.00000     115       1
     116   5.619   -66.56870    0.00000    0.00001     116       3
     117   5.645   -66.56866    0.00000    0.00000     117       1
     118   5.646   -66.56865    0.00000    0.00001     118       2
     119   5.660   -66.56863    0.00000    0.00000     119       1
     120   5.764   -66.56847    0.00000    0.00000     120       1
     121   5.775   -66.56845    0.00000    0.00000     121       1
     122   5.922   -66.56821    0.00000    0.00000     122       1
     123   5.924   -66.56821    0.00000    0.00000     123       1
     124   5.927   -66.56821    0.00000    0.00001     124       2
T /K                                  :   298.15
E lowest                              :   -66.57765
ensemble average energy (kcal)        :    0.406
ensemble entropy (J/mol K, cal/mol K) :   29.748    7.110
ensemble free energy (kcal/mol)       :   -2.120
population of lowest in %             :   44.193
 number of unique conformers for further calc          124
 list of relative energies saved as "crest.energies"
 compare nuclear equivalencies ...
::::::::::: conformer group all :::::::::::
 chemical equivalencies (mag.active nuclei):
reference atom   2 # : 4
reference atom  15 # : 4
 magnetic equivalencies:

******************************************************************************************
**                           ENSEMBLE ENTROPY CALCULATION                               **
******************************************************************************************
======================================================
 Containing 124 conformers :
     H(298.15K)-H(0) (conf)      0.403368
                   Cp(conf)      3.374616
                    S(conf)      6.154968
======================================================

 --------------------------------------
 FINAL CALCULATION OF MOLECULAR ENTROPY
 --------------------------------------

WARNING: Not enough blocks for extrapolation.
         Taking full ensemble entropy instead.

FINAL ENTROPY (max conf.)  :      6.15497

 ----------------------------------
 Frequency Calculation and Averages
 ----------------------------------
 Nconf on file      : 124
 Taken for Hessians : 6 (= 91.24% total population)
 T range  /K    :   278.15   378.15
 scaling factor :          1.000000     
 rotor cutoff   :         25.000000 cm⁻¹
 imag. cutoff   :        -50.000000 cm⁻¹

 Running 6 calculations ...
 |>16.7% |>33.3% |>50.0% |>66.7% |>83.3% |>100.0%
 done.
 calculating averages for G and S ...    done.
 calculating Boltzmann weights ...       done.
 calculating reference S (bhess) ... > bhess not implemented for calculator routines
    done.
 calculating δSrrho ...                  done.

 Coordinates for the bhess reference structure (Ångström):
 -----------------------------------------------------------
  30

 C         -0.7220795481       -3.2965185272        0.2391627076
 H         -1.3884410299       -3.0291412437       -0.5790571421
 H         -0.9808619417       -4.2969858511        0.5836061848
 C          0.7248911910       -3.2961695017       -0.2387417285
 H          1.3910956506       -3.0283617940        0.5794727526
 H          0.9842020822       -4.2965238662       -0.5831049909
 O          0.9605846743       -2.4679717216       -1.3953262668
 O         -0.9581726719       -2.4683048172        1.3956566315
 C          1.2027423403       -1.1446957613       -1.2336970762
 C          0.3017042780       -0.2042013137       -1.7532866620
 C          2.3815600830       -0.6486034703       -0.6644392290
 C          0.5101527916        1.1611192984       -1.6311767527
 C          2.6042836996        0.7126661209       -0.5118280576
 C          1.6530267434        1.6033515612       -0.9823521344
 H         -0.2133522199        1.8607104592       -2.0201905727
 H          3.5103573464        1.0647593601       -0.0433244596
 C         -1.2016469636       -1.1452916293        1.2338571057
 C         -0.3015074932       -0.2038685106        1.7533303206
 C         -2.3809317608       -0.6503824380        0.6645321358
 C         -0.5112707770        1.1612403252        1.6310776806
 C         -2.6049141374        0.7106536839        0.5116909796
 C         -1.6545211641        1.6023093828        0.9821296926
 H          0.2114959286        1.8615405045        2.0201903862
 H         -3.5113042715        1.0618230227        0.0431044576
 Br         1.2391610725       -0.8039369613        2.6930638158
 Br        -3.7667544526       -1.8454373328        0.1369440510
 Br        -1.9311642846        3.4712851587        0.7373317428
 Br         3.7683767519       -1.8423356363       -0.1365013424
 Br        -1.2383129882       -0.8058445822       -2.6930931397
 Br         1.9279468140        3.4726211091       -0.7378589942
 -----------------------------------------------------------
 as read from <coord>
 Heavy-atom RMSD between lowest conformer and this reference :
 RMSD(heavy) =        0.103963 Å

 msRRHO(bhess) reference entropies:
      278.15        166.074772
      288.15        168.777633
      298.15        171.448206
      308.15        174.087913
      318.15        176.697999
      328.15        179.279556
      338.15        181.833540
      348.15        184.360793
      358.15        186.862053
      368.15        189.337975
      378.15        191.789138

       T/K  |S(T)|/cal/molK       |G(T)|/Eh     G_lowest/Eh    (conf)
   -----------------------------------------------------------------
    278.15    0.164344E+03    0.129031E+00      -66.448070         1
    288.15    0.167105E+03    0.126429E+00      -66.450658         1
    298.15    0.169830E+03    0.123784E+00      -66.453289         1
    308.15    0.172520E+03    0.121096E+00      -66.455962         1
    318.15    0.175176E+03    0.118367E+00      -66.458678         1
    328.15    0.177800E+03    0.115597E+00      -66.461435         1
    338.15    0.180392E+03    0.112785E+00      -66.464233         1
    348.15    0.182955E+03    0.109933E+00      -66.467072         1
    358.15    0.185488E+03    0.107042E+00      -66.469951         1
    368.15    0.187993E+03    0.104110E+00      -66.472870         1
    378.15    0.190470E+03    0.101140E+00      -66.475828         1
   -----------------------------------------------------------------
   NOTE: if |G(T)| is the averaged contributrion to the free energy.
   |G(T)| used only for the higher-energetic structures (n > 6).
   All other structures use G(T) from the respective Hessian calculations.

 Quantities calculated on free energies:
       T/K          δSrrho           Cp(T)     [H(T)-H(0)]
   -------------------------------------------------------
    278.15   -0.173034E+01    0.293180E+01        0.508011
    288.15   -0.167220E+01    0.290851E+01        0.538266
    298.15   -0.161814E+01    0.287897E+01        0.567700
    308.15   -0.156813E+01    0.284491E+01        0.596261
    318.15   -0.152210E+01    0.280775E+01        0.623921
    328.15   -0.147989E+01    0.276856E+01        0.650673
    338.15   -0.144133E+01    0.272818E+01        0.676524
    348.15   -0.140622E+01    0.268722E+01        0.701492
    358.15   -0.137433E+01    0.264613E+01        0.725603
    368.15   -0.134546E+01    0.260522E+01        0.748887
    378.15   -0.131937E+01    0.256471E+01        0.771380
   -------------------------------------------------------
   NOTE: δSrrho(T) = |S(T)| - Sref(T)

 ----------------------
 TEMPERATURE DEPENDENCE
 ----------------------

 Final CONFORMATIONAL quantities at given T:
       T/K        S(total)           Cp(T)     [H(T)-H(0)]        G(total)
   -----------------------------------------------------------------------
    278.15        4.058576        2.931802        0.508011       -0.620882
    288.15        4.300319        2.908511        0.538266       -0.700871
    298.15        4.536832        2.878965        0.567700       -0.784956
    308.15        4.767131        2.844912        0.596261       -0.872731
    318.15        4.990431        2.807747        0.623921       -0.963785
    328.15        5.206132        2.768558        0.650673       -1.057719
    338.15        5.413800        2.728176        0.676524       -1.154153
    348.15        5.613148        2.687216        0.701492       -1.252726
    358.15        5.804019        2.646127        0.725603       -1.353107
    368.15        5.986364        2.605222        0.748887       -1.454993
    378.15        6.160228        2.564714        0.771380       -1.558111
   -----------------------------------------------------------------------
   S and Cp in cal/mol*K; H and G in kcal/mol
   G(total) is the ensemble free energy (H-T*S) and S(total) = S(conf,extrapol.) + δSrrho

 ----------------------------------------------------
 |      FINAL MOLECULAR ENTROPY AT T= 298.15 K      |
 ----------------------------------------------------
     Sconf   =          6.154968
   + δSrrho  =         -1.618136
 -----------------------------------------------------
 = S(total)  =          4.536832  (cal mol⁻¹ K⁻¹)

   H(T)-H(0) =          0.567700
   G         =         -1.352656   (-T*S)
 -----------------------------------------------------
 = G(total)  =         -0.784956  (H-T*S) (kcal mol⁻¹)

   Cp(total) =          2.878965  (cal mol⁻¹ K⁻¹)


 -----------------
 Wall Time Summary
 -----------------
 CREST runtime (total)               0 d,  0 h, 30 min, 46.704 sec
 ------------------------------------------------------------------
 Trial metadynamics (MTD)   ...        0 min,  9.154 sec (  0.496%)
 Metadynamics (MTD)         ...        4 min,  9.825 sec ( 13.528%)
 Geometry optimization      ...       22 min, 58.612 sec ( 74.653%)
 Static metadynamics (sMTD) ...        3 min, 14.486 sec ( 10.532%)
 Conf. entropy evaluation   ...        0 min, 13.706 sec (  0.742%)
 I/O and setup              ...        0 min,  0.920 sec (  0.050%)
 ------------------------------------------------------------------
 * wall-time:     0 d,  0 h, 30 min, 46.704 sec
 *  cpu-time:     0 d,  7 h, 35 min, 59.314 sec
 * ratio c/w:    14.815 speedup
 ------------------------------------------------------------------
 * Total number of energy+grad calls: 577392

 CREST terminated normally.
