
       ╔════════════════════════════════════════════╗
       ║            ___ ___ ___ ___ _____           ║
       ║           / __| _ \ __/ __|_   _|          ║
       ║          | (__|   / _|\__ \ | |            ║
       ║           \___|_|_\___|___/ |_|            ║
       ║                                            ║
       ║  Conformer-Rotamer Ensemble Sampling Tool  ║
       ║          based on the xTB methods          ║
       ║                                            ║
       ╚════════════════════════════════════════════╝
       Version 3.0.2, Fri, 14 February 10:17:28, 02/14/2025
       commit (53290da) compiled by 'usr@fv-az1781-845'

   Cite work conducted with this code as

   • P.Pracht, F.Bohle, S.Grimme, PCCP, 2020, 22, 7169-7192.
   • S.Grimme, JCTC, 2019, 15, 2847-2862.
   • P.Pracht, S.Grimme, C.Bannwarth, F.Bohle, S.Ehlert,
     G.Feldmann, J.Gorges, M.Müller, T.Neudecker, C.Plett,
     S.Spicher, P.Steinbach, P.Wesołowski, F.Zeller,
     J. Chem. Phys., 2024, 160, 114110.

   for works involving QCG cite

   • S.Spicher, C.Plett, P.Pracht, A.Hansen, S.Grimme,
     JCTC, 2022, 18 (5), 3174-3189.
   • C.Plett, S. Grimme,
     Angew. Chem. Int. Ed. 2023, 62, e202214477.

   for works involving MECP screening cite

   • P.Pracht, C.Bannwarth, JCTC, 2022, 18 (10), 6370-6385.

   Original code
     P.Pracht, S.Grimme, Universität Bonn, MCTC
   with help from (alphabetical order):
     C.Bannwarth, F.Bohle, S.Ehlert, G.Feldmann, J.Gorges,
     S.Grimme, C.Plett, P.Pracht, S.Spicher, P.Steinbach,
     P.Wesolowski, F.Zeller

   Online documentation is available at
   https://crest-lab.github.io/crest-docs/

   This program is distributed in the hope that it will be useful,
   but WITHOUT ANY WARRANTY; without even the implied warranty of
   MERCHANTABILITY or FITNESS FOR A PARTICULAR PURPOSE. See the
   GNU Lesser General Public License (LGPL) for more details.

 Command line input:
 $ ./crest m1_00_PentaBrEBmol.xyz --T 16 --noreftopo --entropy --gfn1

  --T 16 (CPUs/Threads selected)
  --entropy : enhanced ensemble entropy calculation
  --gfn1               : Use of GFN1-xTB requested.

> Setting up backup calculator ... done.
 ----------------
 Calculation info
 ----------------
> User-defined calculation level:
 : xTB calculation via tblite lib
 : GFN1-xTB level
 :   Molecular charge    : 0
 :   Fermi temperature   : 300.00000
 :   Accuracy            : 1.00000
 :   max SCC cycles      : 500


 -----------------------------
 Initial Geometry Optimization
 -----------------------------
 Geometry successfully optimized.

          ┍━━━━━━━━━━━━━━━━━━━━━━━━━━━━━━━━━━━━━━━━━━━━━━━━━┑
          │              CREST ENTROPY SAMPLING             │
          ┕━━━━━━━━━━━━━━━━━━━━━━━━━━━━━━━━━━━━━━━━━━━━━━━━━┙

 please cite:
 • P.Pracht, S.Grimme, Chem. Sci., 2021, 12, 6551-6568.
 • J.Gorges, S.Grimme, A.Hansen, P.Pracht, PCCP, 2022,24, 12249-12259.

 Input structure:
  18

 Br         2.8513774510        1.2989677809       -0.0246785219
 C          1.2031211406        0.3490212701        0.0308321395
 C         -0.0000365424        1.0451147650        0.0050815676
 C          1.1972420844       -1.0400846629        0.0967869591
 Br        -0.0016443474        2.9469263129       -0.0724250605
 C         -1.2031158439        0.3490529836        0.0309864795
 Br         2.8624687541       -1.9762912762        0.1050836122
 C         -0.0000289624       -1.7542635339        0.1489790856
 Br        -2.8497462163        1.3018383921       -0.0245177990
 C         -1.1973115957       -1.0401541948        0.0968492270
 C         -0.0002768731       -3.2586675243        0.2273010699
 Br        -2.8612911682       -1.9785928742        0.1053010053
 C         -0.0001207810       -3.8838195716       -1.1710471721
 H         -0.8833796552       -3.5975495205        0.7740836509
 H          0.8824554824       -3.5979267015        0.7744210872
 H         -0.0001772904       -4.9705743438       -1.0885894834
 H         -0.8859313907       -3.5735111969       -1.7256098308
 H          0.8858583231       -3.5735976348       -1.7253984377

 ------------------------------------------------
 Generating MTD length from a flexibility measure
 ------------------------------------------------
 Calculating GFN0-xTB WBOs   ... done.
 Calculating NCI flexibility ... done.
     covalent flexibility measure :   0.223
 non-covalent flexibility measure :   0.629
 flexibility measure :   0.260
 t(MTD) / ps    :     6.0
 Σ(t(MTD)) / ps :   144.0 (24 MTDs)

 -----------------------------------
 Starting trial MTD to test settings
 -----------------------------------
 Trial MTD 1 runtime (1.0 ps) ...        0 min,  4.277 sec
 Estimated runtime for one MTD (6.0 ps) on a single thread: 26 sec
 Estimated runtime for a batch of 24 MTDs on 16 threads: 51 sec

******************************************************************************************
**                         N E W   I T E R A T I O N  C Y C L E                         **
******************************************************************************************

 ------------------------------
 Meta-Dynamics Iteration 1
 ------------------------------
 list of applied metadynamics Vbias parameters:
$metadyn    0.13500   1.618
$metadyn    0.06750   1.618
$metadyn    0.03375   1.618
$metadyn    0.01688   1.618
$metadyn    0.13500   1.000
$metadyn    0.06750   1.000
$metadyn    0.03375   1.000
$metadyn    0.01688   1.000
$metadyn    0.13500   0.618
$metadyn    0.06750   0.618
$metadyn    0.03375   0.618
$metadyn    0.01688   0.618
$metadyn    0.13500   0.382
$metadyn    0.06750   0.382
$metadyn    0.03375   0.382
$metadyn    0.01688   0.382
$metadyn    0.13500   0.236
$metadyn    0.06750   0.236
$metadyn    0.03375   0.236
$metadyn    0.01688   0.236
$metadyn    0.13500   0.146
$metadyn    0.06750   0.146
$metadyn    0.03375   0.146
$metadyn    0.01688   0.146

  ::::::::::::: starting MTD   23 :::::::::::::
  |   MD simulation time   :     6.0 ps       |
  |   target T             :   300.0 K        |
  |   timestep dt          :     5.0 fs       |
  |   dump interval(trj)   :   100.0 fs       |
  |   SHAKE algorithm      : true (all bonds) |
  |   dump interval(Vbias) :    1.00 ps       |
  |   Vbias prefactor (k)  :  0.0338 Eh       |
  |   Vbias exponent (α)   :  0.1459 bohr⁻²   |
  ::::::::::::: starting MTD   11 :::::::::::::
  |   MD simulation time   :     6.0 ps       |
  |   target T             :   300.0 K        |
  |   timestep dt          :     5.0 fs       |
  |   dump interval(trj)   :   100.0 fs       |
  |   SHAKE algorithm      : true (all bonds) |
  |   dump interval(Vbias) :    1.00 ps       |
  |   Vbias prefactor (k)  :  0.0338 Eh       |
  |   Vbias exponent (α)   :  0.6180 bohr⁻²   |
  ::::::::::::: starting MTD   21 :::::::::::::
  |   MD simulation time   :     6.0 ps       |
  |   target T             :   300.0 K        |
  |   timestep dt          :     5.0 fs       |
  |   dump interval(trj)   :   100.0 fs       |
  |   SHAKE algorithm      : true (all bonds) |
  |   dump interval(Vbias) :    1.00 ps       |
  |   Vbias prefactor (k)  :  0.1350 Eh       |
  |   Vbias exponent (α)   :  0.1459 bohr⁻²   |
  ::::::::::::: starting MTD   15 :::::::::::::
  |   MD simulation time   :     6.0 ps       |
  |   target T             :   300.0 K        |
  |   timestep dt          :     5.0 fs       |
  |   dump interval(trj)   :   100.0 fs       |
  |   SHAKE algorithm      : true (all bonds) |
  |   dump interval(Vbias) :    1.00 ps       |
  |   Vbias prefactor (k)  :  0.0338 Eh       |
  |   Vbias exponent (α)   :  0.3820 bohr⁻²   |
  ::::::::::::: starting MTD   24 :::::::::::::
  |   MD simulation time   :     6.0 ps       |
  |   target T             :   300.0 K        |
  |   timestep dt          :     5.0 fs       |
  |   dump interval(trj)   :   100.0 fs       |
  |   SHAKE algorithm      : true (all bonds) |
  |   dump interval(Vbias) :    1.00 ps       |
  |   Vbias prefactor (k)  :  0.0169 Eh       |
  |   Vbias exponent (α)   :  0.1459 bohr⁻²   |
  ::::::::::::: starting MTD   22 :::::::::::::
  |   MD simulation time   :     6.0 ps       |
  |   target T             :   300.0 K        |
  |   timestep dt          :     5.0 fs       |
  |   dump interval(trj)   :   100.0 fs       |
  |   SHAKE algorithm      : true (all bonds) |
  |   dump interval(Vbias) :    1.00 ps       |
  |   Vbias prefactor (k)  :  0.0675 Eh       |
  |   Vbias exponent (α)   :  0.1459 bohr⁻²   |
  ::::::::::::: starting MTD   20 :::::::::::::
  |   MD simulation time   :     6.0 ps       |
  |   target T             :   300.0 K        |
  |   timestep dt          :     5.0 fs       |
  |   dump interval(trj)   :   100.0 fs       |
  |   SHAKE algorithm      : true (all bonds) |
  |   dump interval(Vbias) :    1.00 ps       |
  |   Vbias prefactor (k)  :  0.0169 Eh       |
  |   Vbias exponent (α)   :  0.2361 bohr⁻²   |
  ::::::::::::: starting MTD   17 :::::::::::::
  |   MD simulation time   :     6.0 ps       |
  |   target T             :   300.0 K        |
  |   timestep dt          :     5.0 fs       |
  |   dump interval(trj)   :   100.0 fs       |
  |   SHAKE algorithm      : true (all bonds) |
  |   dump interval(Vbias) :    1.00 ps       |
  |   Vbias prefactor (k)  :  0.1350 Eh       |
  |   Vbias exponent (α)   :  0.2361 bohr⁻²   |
  ::::::::::::: starting MTD    1 :::::::::::::
  |   MD simulation time   :     6.0 ps       |
  |   target T             :   300.0 K        |
  |   timestep dt          :     5.0 fs       |
  |   dump interval(trj)   :   100.0 fs       |
  |   SHAKE algorithm      : true (all bonds) |
  |   dump interval(Vbias) :    1.00 ps       |
  |   Vbias prefactor (k)  :  0.1350 Eh       |
  |   Vbias exponent (α)   :  1.6180 bohr⁻²   |
  ::::::::::::: starting MTD   19 :::::::::::::
  |   MD simulation time   :     6.0 ps       |
  |   target T             :   300.0 K        |
  |   timestep dt          :     5.0 fs       |
  |   dump interval(trj)   :   100.0 fs       |
  |   SHAKE algorithm      : true (all bonds) |
  |   dump interval(Vbias) :    1.00 ps       |
  |   Vbias prefactor (k)  :  0.0338 Eh       |
  |   Vbias exponent (α)   :  0.2361 bohr⁻²   |
  ::::::::::::: starting MTD    5 :::::::::::::
  |   MD simulation time   :     6.0 ps       |
  |   target T             :   300.0 K        |
  |   timestep dt          :     5.0 fs       |
  |   dump interval(trj)   :   100.0 fs       |
  |   SHAKE algorithm      : true (all bonds) |
  |   dump interval(Vbias) :    1.00 ps       |
  |   Vbias prefactor (k)  :  0.1350 Eh       |
  |   Vbias exponent (α)   :  1.0000 bohr⁻²   |
  ::::::::::::: starting MTD   18 :::::::::::::
  |   MD simulation time   :     6.0 ps       |
  |   target T             :   300.0 K        |
  |   timestep dt          :     5.0 fs       |
  |   dump interval(trj)   :   100.0 fs       |
  |   SHAKE algorithm      : true (all bonds) |
  |   dump interval(Vbias) :    1.00 ps       |
  |   Vbias prefactor (k)  :  0.0675 Eh       |
  |   Vbias exponent (α)   :  0.2361 bohr⁻²   |
  ::::::::::::: starting MTD    9 :::::::::::::
  |   MD simulation time   :     6.0 ps       |
  |   target T             :   300.0 K        |
  |   timestep dt          :     5.0 fs       |
  |   dump interval(trj)   :   100.0 fs       |
  |   SHAKE algorithm      : true (all bonds) |
  |   dump interval(Vbias) :    1.00 ps       |
  |   Vbias prefactor (k)  :  0.1350 Eh       |
  |   Vbias exponent (α)   :  0.6180 bohr⁻²   |
  ::::::::::::: starting MTD    7 :::::::::::::
  |   MD simulation time   :     6.0 ps       |
  |   target T             :   300.0 K        |
  |   timestep dt          :     5.0 fs       |
  |   dump interval(trj)   :   100.0 fs       |
  |   SHAKE algorithm      : true (all bonds) |
  |   dump interval(Vbias) :    1.00 ps       |
  |   Vbias prefactor (k)  :  0.0338 Eh       |
  |   Vbias exponent (α)   :  1.0000 bohr⁻²   |
  ::::::::::::: starting MTD    3 :::::::::::::
  |   MD simulation time   :     6.0 ps       |
  |   target T             :   300.0 K        |
  |   timestep dt          :     5.0 fs       |
  |   dump interval(trj)   :   100.0 fs       |
  |   SHAKE algorithm      : true (all bonds) |
  |   dump interval(Vbias) :    1.00 ps       |
  |   Vbias prefactor (k)  :  0.0338 Eh       |
  |   Vbias exponent (α)   :  1.6180 bohr⁻²   |
  ::::::::::::: starting MTD   13 :::::::::::::
  |   MD simulation time   :     6.0 ps       |
  |   target T             :   300.0 K        |
  |   timestep dt          :     5.0 fs       |
  |   dump interval(trj)   :   100.0 fs       |
  |   SHAKE algorithm      : true (all bonds) |
  |   dump interval(Vbias) :    1.00 ps       |
  |   Vbias prefactor (k)  :  0.1350 Eh       |
  |   Vbias exponent (α)   :  0.3820 bohr⁻²   |
*MTD  20 completed successfully ...        0 min, 32.636 sec
*MTD   5 completed successfully ...        0 min, 32.738 sec
  ::::::::::::: starting MTD    6 :::::::::::::
  |   MD simulation time   :     6.0 ps       |
  |   target T             :   300.0 K        |
  |   timestep dt          :     5.0 fs       |
  |   dump interval(trj)   :   100.0 fs       |
  |   SHAKE algorithm      : true (all bonds) |
  |   dump interval(Vbias) :    1.00 ps       |
  |   Vbias prefactor (k)  :  0.0675 Eh       |
  |   Vbias exponent (α)   :  1.0000 bohr⁻²   |
*MTD  15 completed successfully ...        0 min, 32.865 sec
  ::::::::::::: starting MTD   16 :::::::::::::
  |   MD simulation time   :     6.0 ps       |
  |   target T             :   300.0 K        |
  |   timestep dt          :     5.0 fs       |
  |   dump interval(trj)   :   100.0 fs       |
  |   SHAKE algorithm      : true (all bonds) |
  |   dump interval(Vbias) :    1.00 ps       |
  |   Vbias prefactor (k)  :  0.0169 Eh       |
  |   Vbias exponent (α)   :  0.3820 bohr⁻²   |
*MTD  18 completed successfully ...        0 min, 32.915 sec
*MTD  23 completed successfully ...        0 min, 32.981 sec
*MTD  11 completed successfully ...        0 min, 33.032 sec
  ::::::::::::: starting MTD   12 :::::::::::::
  |   MD simulation time   :     6.0 ps       |
  |   target T             :   300.0 K        |
  |   timestep dt          :     5.0 fs       |
  |   dump interval(trj)   :   100.0 fs       |
  |   SHAKE algorithm      : true (all bonds) |
  |   dump interval(Vbias) :    1.00 ps       |
  |   Vbias prefactor (k)  :  0.0169 Eh       |
  |   Vbias exponent (α)   :  0.6180 bohr⁻²   |
*MTD   3 completed successfully ...        0 min, 33.054 sec
  ::::::::::::: starting MTD    4 :::::::::::::
  |   MD simulation time   :     6.0 ps       |
  |   target T             :   300.0 K        |
  |   timestep dt          :     5.0 fs       |
  |   dump interval(trj)   :   100.0 fs       |
  |   SHAKE algorithm      : true (all bonds) |
  |   dump interval(Vbias) :    1.00 ps       |
  |   Vbias prefactor (k)  :  0.0169 Eh       |
  |   Vbias exponent (α)   :  1.6180 bohr⁻²   |
*MTD   7 completed successfully ...        0 min, 33.134 sec
  ::::::::::::: starting MTD    8 :::::::::::::
  |   MD simulation time   :     6.0 ps       |
  |   target T             :   300.0 K        |
  |   timestep dt          :     5.0 fs       |
  |   dump interval(trj)   :   100.0 fs       |
  |   SHAKE algorithm      : true (all bonds) |
  |   dump interval(Vbias) :    1.00 ps       |
  |   Vbias prefactor (k)  :  0.0169 Eh       |
  |   Vbias exponent (α)   :  1.0000 bohr⁻²   |
*MTD  19 completed successfully ...        0 min, 33.184 sec
*MTD   1 completed successfully ...        0 min, 33.209 sec
  ::::::::::::: starting MTD    2 :::::::::::::
  |   MD simulation time   :     6.0 ps       |
  |   target T             :   300.0 K        |
  |   timestep dt          :     5.0 fs       |
  |   dump interval(trj)   :   100.0 fs       |
  |   SHAKE algorithm      : true (all bonds) |
  |   dump interval(Vbias) :    1.00 ps       |
  |   Vbias prefactor (k)  :  0.0675 Eh       |
  |   Vbias exponent (α)   :  1.6180 bohr⁻²   |
*MTD  22 completed successfully ...        0 min, 33.225 sec
*MTD  24 completed successfully ...        0 min, 33.291 sec
*MTD  17 completed successfully ...        0 min, 33.321 sec
*MTD   9 completed successfully ...        0 min, 33.394 sec
  ::::::::::::: starting MTD   10 :::::::::::::
  |   MD simulation time   :     6.0 ps       |
  |   target T             :   300.0 K        |
  |   timestep dt          :     5.0 fs       |
  |   dump interval(trj)   :   100.0 fs       |
  |   SHAKE algorithm      : true (all bonds) |
  |   dump interval(Vbias) :    1.00 ps       |
  |   Vbias prefactor (k)  :  0.0675 Eh       |
  |   Vbias exponent (α)   :  0.6180 bohr⁻²   |
*MTD  21 completed successfully ...        0 min, 33.444 sec
*MTD  13 completed successfully ...        0 min, 33.485 sec
  ::::::::::::: starting MTD   14 :::::::::::::
  |   MD simulation time   :     6.0 ps       |
  |   target T             :   300.0 K        |
  |   timestep dt          :     5.0 fs       |
  |   dump interval(trj)   :   100.0 fs       |
  |   SHAKE algorithm      : true (all bonds) |
  |   dump interval(Vbias) :    1.00 ps       |
  |   Vbias prefactor (k)  :  0.0675 Eh       |
  |   Vbias exponent (α)   :  0.3820 bohr⁻²   |
*MTD   6 completed successfully ...        0 min, 27.881 sec
*MTD  12 completed successfully ...        0 min, 28.006 sec
*MTD  16 completed successfully ...        0 min, 28.189 sec
*MTD   8 completed successfully ...        0 min, 27.929 sec
*MTD   4 completed successfully ...        0 min, 28.016 sec
*MTD   2 completed successfully ...        0 min, 27.882 sec
*MTD  10 completed successfully ...        0 min, 27.993 sec
*MTD  14 completed successfully ...        0 min, 27.950 sec

 ======================================
 |  Multilevel Ensemble Optimization  |
 ======================================
 Optimizing all 1416 structures from file "crest_dynamics.trj" ...
 ----------------------
 crude pre-optimization
 ----------------------
 Optimization engine: ANCOPT
 Hessian update type: BFGS
 E/G convergence criteria:  0.500E-03 Eh, 0.100E-01 Eh/a0
 maximum optimization steps: 200
 |>0.1% |>7.6% |>15.0% |>22.5% |>30.0% |>37.5% |>45.1% |>52.5% |>60.0% |>67.5% |>75.0% |>82.6% |>90.0% |>97.5% |>100.0%
 done.
> 1416 of 1416 structures successfully optimized (100.0% success)
> Total runtime for 1416 optimizations:
 * wall-time:     0 d,  0 h,  0 min, 28.112 sec
 *  cpu-time:     0 d,  0 h,  7 min, 19.623 sec
 * ratio c/w:    15.638 speedup
> Corresponding to approximately 0.020 sec per processed structure

CREGEN> number of topology-based structure removals: 427
CREGEN> running RMSDs ... done.
CREGEN> E lowest :   -39.00725
 107 structures remain within    12.00 kcal/mol window
 ----------------------------------
 optimization with tight thresholds
 ----------------------------------
 Optimization engine: ANCOPT
 Hessian update type: BFGS
 E/G convergence criteria:  0.100E-05 Eh, 0.800E-03 Eh/a0
 maximum optimization steps: 200
 |>0.9% |>10.3% |>20.6% |>30.8% |>40.2% |>50.5% |>60.7% |>70.1% |>80.4% |>90.7% |>100.0%
 done.
> 107 of 107 structures successfully optimized (100.0% success)
> Total runtime for 107 optimizations:
 * wall-time:     0 d,  0 h,  0 min,  5.174 sec
 *  cpu-time:     0 d,  0 h,  1 min, 15.645 sec
 * ratio c/w:    14.619 speedup
> Corresponding to approximately 0.048 sec per processed structure

CREGEN> number of topology-based structure removals: 1
CREGEN> running RMSDs ... done.
CREGEN> E lowest :   -39.00727
 6 structures remain within     6.00 kcal/mol window

========================================
           MTD Simulations done         
========================================
 Collecting ensmbles.
CREGEN> running RMSDs ... done.
CREGEN> E lowest :   -39.00727
 6 structures remain within     6.00 kcal/mol window
     H(298.15K)-H(0) (conf)      0.000000
                   Cp(conf)      0.000000
                    S(conf)      1.377425

******************************************************************************************
**                          I T E R A T I O N    C Y C L E      1                       **
******************************************************************************************
 -------------------------------------------
 determining bias structures via PCA/k-Means
 -------------------------------------------
 1 structures were selected
 done.

 -----------------------------------------------
 determining MTD seed structures via PCA/k-Means
 -----------------------------------------------
 1 structures were selected
 done.


 ==========================================================
 Static MTDs (umbrella sampling) on 1 selected conformer(s)
 ==========================================================
> Using 1 constant RMSD bias potentials per MTD
  :::::::::: starting static MTD   1 ::::::::::
  |   MD simulation time   :     3.0 ps       |
  |   target T             :   400.0 K        |
  |   timestep dt          :     5.0 fs       |
  |   dump interval(trj)   :   100.0 fs       |
  |   SHAKE algorithm      : true (all bonds) |
  |   Vbias prefactor (k)  :  0.0014 Eh       |
  |   Vbias exponent (α)   :  1.0000 bohr⁻²   |
*sMTD   1 completed successfully ...        0 min, 28.142 sec

 ======================================
 |  Multilevel Ensemble Optimization  |
 ======================================
 Optimizing all 29 structures from file "crest_rotamers_0.xyz" ...
 ----------------------
 crude pre-optimization
 ----------------------
 Optimization engine: ANCOPT
 Hessian update type: BFGS
 E/G convergence criteria:  0.500E-03 Eh, 0.100E-01 Eh/a0
 maximum optimization steps: 200
 |>3.4% |>10.3% |>20.7% |>31.0% |>41.4% |>51.7% |>62.1% |>72.4% |>82.8% |>93.1% |>100.0%
 done.
> 29 of 29 structures successfully optimized (100.0% success)
> Total runtime for 29 optimizations:
 * wall-time:     0 d,  0 h,  0 min,  0.698 sec
 *  cpu-time:     0 d,  0 h,  0 min,  7.981 sec
 * ratio c/w:    11.427 speedup
> Corresponding to approximately 0.024 sec per processed structure

CREGEN> number of topology-based structure removals: 9
CREGEN> running RMSDs ... done.
CREGEN> E lowest :   -39.00690
 14 structures remain within    12.00 kcal/mol window
 ---------------------------------------
 optimization with very tight thresholds
 ---------------------------------------
 Optimization engine: ANCOPT
 Hessian update type: BFGS
 E/G convergence criteria:  0.100E-06 Eh, 0.200E-03 Eh/a0
 maximum optimization steps: 200
 |>7.1% |>14.3% |>21.4% |>35.7% |>42.9% |>50.0% |>64.3% |>71.4% |>85.7% |>92.9% |>100.0%
 done.
> 14 of 14 structures successfully optimized (100.0% success)
> Total runtime for 14 optimizations:
 * wall-time:     0 d,  0 h,  0 min,  1.275 sec
 *  cpu-time:     0 d,  0 h,  0 min, 12.622 sec
 * ratio c/w:     9.899 speedup
> Corresponding to approximately 0.091 sec per processed structure

CREGEN> running RMSDs ... done.
CREGEN> E lowest :   -39.00727
 3 structures remain within     6.00 kcal/mol window
CREGEN> running RMSDs ... done.
CREGEN> E lowest :   -39.00727

 Static MTD simulation iteration 1 finished
 A total of 1 conformers (+ 0.00%) in crest_conformers.xyz
 S(approx.) =   -0.000000 cal/molK (dS = 0.00%)
 Convergence w.r.t. conformers: T
 Convergence w.r.t. entropy   : T

     H(298.15K)-H(0) (conf)      0.000000
                   Cp(conf)      0.000000
                    S(conf)      1.377425


 --------------------------
 Final Ensemble Information
 --------------------------
 input  file name : crest_rotamers_2.xyz
 output file name : crest_rotamers_3.xyz
 number of atoms                :   18
 number of points on xyz files  :   9
 RMSD threshold                 :   0.1250
 Bconst threshold               :   0.0100
 population threshold           :   0.0500
 # fragment in coord            :     1
 # bonds in reference structure :    18
 number of reliable points      :     9
 sorting energy window (EWIN)   :    6.0000 / kcal*mol⁻¹
 reference state Etot           :  -39.007268189999998
 number of doubles removed by rot/RMSD         :           3
 total number unique points considered further :           6
       Erel/kcal        Etot weight/tot  conformer     set   degen     origin
       1   0.000   -39.00727    0.16668    1.00000       1       6
T /K                                  :   298.15
E lowest                              :   -39.00727
ensemble average energy (kcal)        :    0.000
ensemble entropy (J/mol K, cal/mol K) :   14.898    3.561
ensemble free energy (kcal/mol)       :   -1.062
population of lowest in %             :  100.000
 number of unique conformers for further calc            1
 list of relative energies saved as "crest.energies"
 compare nuclear equivalencies ...
::::::::::: conformer group all :::::::::::
 chemical equivalencies (mag.active nuclei):
reference atom  14 # : 2
reference atom  16 # : 3
 magnetic equivalencies:
reference atom  16 # : 3

******************************************************************************************
**                           ENSEMBLE ENTROPY CALCULATION                               **
******************************************************************************************
======================================================
 Containing 1 conformers :
     H(298.15K)-H(0) (conf)      0.000000
                   Cp(conf)      0.000000
                    S(conf)      1.377425
======================================================
 Containing 1 conformers :
     H(298.15K)-H(0) (conf)      0.000000
                   Cp(conf)      0.000000
                    S(conf)      1.377425
======================================================

 --------------------------------------
 FINAL CALCULATION OF MOLECULAR ENTROPY
 --------------------------------------

WARNING: Not enough blocks for extrapolation.
         Taking full ensemble entropy instead.

FINAL ENTROPY (max conf.)  :      1.37743

 ----------------------------------
 Frequency Calculation and Averages
 ----------------------------------
 Nconf on file      : 1
 Taken for Hessians : 1 (=100.00% total population)
 T range  /K    :   278.15   378.15
 scaling factor :          1.000000     
 rotor cutoff   :         25.000000 cm⁻¹
 imag. cutoff   :        -50.000000 cm⁻¹

 Running 1 calculations ...
 |>100.0%
 done.
 calculating averages for G and S ...    done.
 calculating Boltzmann weights ...       done.
 calculating reference S (bhess) ... > bhess not implemented for calculator routines
    done.
 calculating δSrrho ...                  done.

 Coordinates for the bhess reference structure (Ångström):
 -----------------------------------------------------------
  18

 Br         2.8548481758        1.3101985681       -0.0141030811
 C          1.2106261173        0.3688677174        0.0356750439
 C          0.0000123739        1.0708224952        0.0079695014
 C          1.1954652202       -1.0277375095        0.1012309216
 Br         0.0000312713        2.9649001418       -0.0710847199
 C         -1.2106151678        0.3688934917        0.0356916188
 Br         2.8499398463       -1.9808842868        0.1083430630
 C         -0.0000145239       -1.7563557920        0.1505244245
 Br        -2.8548152873        1.3102714608       -0.0137367374
 C         -1.1954782032       -1.0277179343        0.1011397172
 C         -0.0000314444       -3.2629450522        0.2160902432
 Br        -2.8499771268       -1.9808488470        0.1079864200
 C         -0.0001078782       -3.9069191973       -1.1753587057
 H         -0.8753357796       -3.5929134436        0.7715345832
 H          0.8752969890       -3.5929498365        0.7714667490
 H         -0.0001091665       -4.9944896729       -1.0869453124
 H         -0.8844004087       -3.6121415619       -1.7414392967
 H          0.8841275614       -3.6121622718       -1.7415448539
 -----------------------------------------------------------
 as read from <coord>
 Heavy-atom RMSD between lowest conformer and this reference :
 RMSD(heavy) =        0.017673 Å

 msRRHO(bhess) reference entropies:
      278.15        129.010779
      288.15        130.766958
      298.15        132.494936
      308.15        134.196191
      318.15        135.872049
      328.15        137.523703
      338.15        139.152225
      348.15        140.758584
      358.15        142.343651
      368.15        143.908217
      378.15        145.452999

       T/K  |S(T)|/cal/molK       |G(T)|/Eh     G_lowest/Eh    (conf)
   -----------------------------------------------------------------
    278.15    0.128655E+03    0.612238E-01      -38.946044         1
    288.15    0.130410E+03    0.591664E-01      -38.948102         1
    298.15    0.132136E+03    0.570813E-01      -38.950187         1
    308.15    0.133836E+03    0.549689E-01      -38.952299         1
    318.15    0.135510E+03    0.528296E-01      -38.954439         1
    328.15    0.137159E+03    0.506638E-01      -38.956604         1
    338.15    0.138785E+03    0.484720E-01      -38.958796         1
    348.15    0.140389E+03    0.462544E-01      -38.961014         1
    358.15    0.141971E+03    0.440114E-01      -38.963257         1
    368.15    0.143533E+03    0.417434E-01      -38.965525         1
    378.15    0.145075E+03    0.394506E-01      -38.967818         1
   -----------------------------------------------------------------
   NOTE: if |G(T)| is the averaged contributrion to the free energy.
   |G(T)| used only for the higher-energetic structures (n > 1).
   All other structures use G(T) from the respective Hessian calculations.

 Quantities calculated on free energies:
       T/K          δSrrho           Cp(T)     [H(T)-H(0)]
   -------------------------------------------------------
    278.15   -0.355673E+00    0.000000E+00        0.000000
    288.15   -0.357058E+00    0.000000E+00        0.000000
    298.15   -0.358676E+00    0.000000E+00        0.000000
    308.15   -0.360512E+00    0.000000E+00        0.000000
    318.15   -0.362549E+00    0.000000E+00        0.000000
    328.15   -0.364770E+00    0.000000E+00        0.000000
    338.15   -0.367156E+00    0.000000E+00        0.000000
    348.15   -0.369689E+00    0.000000E+00        0.000000
    358.15   -0.372350E+00    0.000000E+00        0.000000
    368.15   -0.375121E+00    0.000000E+00        0.000000
    378.15   -0.377986E+00    0.000000E+00        0.000000
   -------------------------------------------------------
   NOTE: δSrrho(T) = |S(T)| - Sref(T)

 ----------------------
 TEMPERATURE DEPENDENCE
 ----------------------

 Final CONFORMATIONAL quantities at given T:
       T/K        S(total)           Cp(T)     [H(T)-H(0)]        G(total)
   -----------------------------------------------------------------------
    278.15        1.021752        0.000000        0.000000       -0.284200
    288.15        1.020367        0.000000        0.000000       -0.294019
    298.15        1.018749        0.000000        0.000000       -0.303740
    308.15        1.016913        0.000000        0.000000       -0.313362
    318.15        1.014876        0.000000        0.000000       -0.322883
    328.15        1.012655        0.000000        0.000000       -0.332303
    338.15        1.010269        0.000000        0.000000       -0.341622
    348.15        1.007736        0.000000        0.000000       -0.350843
    358.15        1.005075        0.000000        0.000000       -0.359968
    368.15        1.002304        0.000000        0.000000       -0.368998
    378.15        0.999439        0.000000        0.000000       -0.377938
   -----------------------------------------------------------------------
   S and Cp in cal/mol*K; H and G in kcal/mol
   G(total) is the ensemble free energy (H-T*S) and S(total) = S(conf,extrapol.) + δSrrho

 ----------------------------------------------------
 |      FINAL MOLECULAR ENTROPY AT T= 298.15 K      |
 ----------------------------------------------------
     Sconf   =          1.377425
   + δSrrho  =         -0.358676
 -----------------------------------------------------
 = S(total)  =          1.018749  (cal mol⁻¹ K⁻¹)

   H(T)-H(0) =          0.000000
   G         =         -0.303740   (-T*S)
 -----------------------------------------------------
 = G(total)  =         -0.303740  (H-T*S) (kcal mol⁻¹)

   Cp(total) =          0.000000  (cal mol⁻¹ K⁻¹)


 -----------------
 Wall Time Summary
 -----------------
 CREST runtime (total)               0 d,  0 h,  2 min, 14.262 sec
 ------------------------------------------------------------------
 Trial metadynamics (MTD)   ...        0 min,  4.278 sec (  3.186%)
 Metadynamics (MTD)         ...        1 min,  1.709 sec ( 45.962%)
 Geometry optimization      ...        0 min, 35.789 sec ( 26.656%)
 Static metadynamics (sMTD) ...        0 min, 28.150 sec ( 20.967%)
 Conf. entropy evaluation   ...        0 min,  4.119 sec (  3.068%)
 I/O and setup              ...        0 min,  0.217 sec (  0.161%)
 ------------------------------------------------------------------
 * wall-time:     0 d,  0 h,  2 min, 14.262 sec
 *  cpu-time:     0 d,  0 h, 23 min,  4.258 sec
 * ratio c/w:    10.310 speedup
 ------------------------------------------------------------------
 * Total number of energy+grad calls: 50590

 CREST terminated normally.
