
       ╔════════════════════════════════════════════╗
       ║            ___ ___ ___ ___ _____           ║
       ║           / __| _ \ __/ __|_   _|          ║
       ║          | (__|   / _|\__ \ | |            ║
       ║           \___|_|_\___|___/ |_|            ║
       ║                                            ║
       ║  Conformer-Rotamer Ensemble Sampling Tool  ║
       ║          based on the xTB methods          ║
       ║                                            ║
       ╚════════════════════════════════════════════╝
       Version 3.0.2, Fri, 14 February 10:17:28, 02/14/2025
       commit (53290da) compiled by 'usr@fv-az1781-845'

   Cite work conducted with this code as

   • P.Pracht, F.Bohle, S.Grimme, PCCP, 2020, 22, 7169-7192.
   • S.Grimme, JCTC, 2019, 15, 2847-2862.
   • P.Pracht, S.Grimme, C.Bannwarth, F.Bohle, S.Ehlert,
     G.Feldmann, J.Gorges, M.Müller, T.Neudecker, C.Plett,
     S.Spicher, P.Steinbach, P.Wesołowski, F.Zeller,
     J. Chem. Phys., 2024, 160, 114110.

   for works involving QCG cite

   • S.Spicher, C.Plett, P.Pracht, A.Hansen, S.Grimme,
     JCTC, 2022, 18 (5), 3174-3189.
   • C.Plett, S. Grimme,
     Angew. Chem. Int. Ed. 2023, 62, e202214477.

   for works involving MECP screening cite

   • P.Pracht, C.Bannwarth, JCTC, 2022, 18 (10), 6370-6385.

   Original code
     P.Pracht, S.Grimme, Universität Bonn, MCTC
   with help from (alphabetical order):
     C.Bannwarth, F.Bohle, S.Ehlert, G.Feldmann, J.Gorges,
     S.Grimme, C.Plett, P.Pracht, S.Spicher, P.Steinbach,
     P.Wesolowski, F.Zeller

   Online documentation is available at
   https://crest-lab.github.io/crest-docs/

   This program is distributed in the hope that it will be useful,
   but WITHOUT ANY WARRANTY; without even the implied warranty of
   MERCHANTABILITY or FITNESS FOR A PARTICULAR PURPOSE. See the
   GNU Lesser General Public License (LGPL) for more details.

 Command line input:
 $ ./crest m1_00_DecaBDEmol.xyz --T 16 --noreftopo --entropy --gfn2

  --T 16 (CPUs/Threads selected)
  --entropy : enhanced ensemble entropy calculation
  --gfn2               : Use of GFN2-xTB requested.

> Setting up backup calculator ... done.
 ----------------
 Calculation info
 ----------------
> User-defined calculation level:
 : xTB calculation via tblite lib
 : GFN2-xTB level
 :   Molecular charge    : 0
 :   Fermi temperature   : 300.00000
 :   Accuracy            : 1.00000
 :   max SCC cycles      : 500


 -----------------------------
 Initial Geometry Optimization
 -----------------------------
 Geometry successfully optimized.

 *WARNING* Change in topology detected!
 Topology change compared to the input affects atoms:
 10(Br) 12(Br) 15(Br) 18(Br) 22(Br) 23(Br)
 Taking new topology as reference and continue ...

          ┍━━━━━━━━━━━━━━━━━━━━━━━━━━━━━━━━━━━━━━━━━━━━━━━━━┑
          │              CREST ENTROPY SAMPLING             │
          ┕━━━━━━━━━━━━━━━━━━━━━━━━━━━━━━━━━━━━━━━━━━━━━━━━━┙

 please cite:
 • P.Pracht, S.Grimme, Chem. Sci., 2021, 12, 6551-6568.
 • J.Gorges, S.Grimme, A.Hansen, P.Pracht, PCCP, 2022,24, 12249-12259.

 Input structure:
  23

 Br        -1.9054046197        2.6469393180       -1.7932816314
 C         -2.2572087474        1.2366901992       -0.6064037262
 C         -1.1852832356        0.7252898267        0.1299522519
 C         -3.5321004707        0.7012490807       -0.4784593311
 O          0.0000397635        1.3777951108       -0.0019386817
 C         -1.4125620929       -0.3225195607        1.0208594575
 Br        -4.9439995392        1.3984110948       -1.4934888573
 C         -3.7470124809       -0.3622856890        0.3968308704
 C          1.1853136022        0.7248210793       -0.1319566464
 Br        -0.0050828071       -1.0015623537        2.0830025912
 C         -2.6885033423       -0.8702576437        1.1462242838
 Br        -5.4638078981       -1.1003258757        0.5688567736
 C          2.2572835123        1.2382492083        0.6029193602
 C          1.4124949221       -0.3256121341       -1.0198025484
 Br        -2.9809770820       -2.2871333353        2.3420647396
 Br         1.9055810410        2.6518685184        1.7858125527
 C          3.5321720383        0.7024625239        0.4763784653
 Br         0.0049958890       -1.0075977712       -2.0800181906
 C          2.6884237990       -0.8737229690       -1.1436866170
 Br         4.9440955541        1.4023833089        1.4894748447
 C          3.7470594880       -0.3634308618       -0.3960406105
 Br         2.9807318977       -2.2943996930       -2.3350510654
 Br         5.4636532653       -1.1025027612       -0.5655495347

 ------------------------------------------------
 Generating MTD length from a flexibility measure
 ------------------------------------------------
 Calculating GFN0-xTB WBOs   ... done.
 Calculating NCI flexibility ... done.
     covalent flexibility measure :   0.227
 non-covalent flexibility measure :   0.439
 flexibility measure :   0.218
 t(MTD) / ps    :     6.0
 Σ(t(MTD)) / ps :   144.0 (24 MTDs)

 -----------------------------------
 Starting trial MTD to test settings
 -----------------------------------
 Trial MTD 1 runtime (1.0 ps) ...        0 min,  9.684 sec
 Estimated runtime for one MTD (6.0 ps) on a single thread: 58 sec
 Estimated runtime for a batch of 24 MTDs on 16 threads: 1 min 56 sec

******************************************************************************************
**                         N E W   I T E R A T I O N  C Y C L E                         **
******************************************************************************************

 ------------------------------
 Meta-Dynamics Iteration 1
 ------------------------------
 list of applied metadynamics Vbias parameters:
$metadyn    0.17250   1.618
$metadyn    0.08625   1.618
$metadyn    0.04312   1.618
$metadyn    0.02156   1.618
$metadyn    0.17250   1.000
$metadyn    0.08625   1.000
$metadyn    0.04312   1.000
$metadyn    0.02156   1.000
$metadyn    0.17250   0.618
$metadyn    0.08625   0.618
$metadyn    0.04312   0.618
$metadyn    0.02156   0.618
$metadyn    0.17250   0.382
$metadyn    0.08625   0.382
$metadyn    0.04312   0.382
$metadyn    0.02156   0.382
$metadyn    0.17250   0.236
$metadyn    0.08625   0.236
$metadyn    0.04312   0.236
$metadyn    0.02156   0.236
$metadyn    0.17250   0.146
$metadyn    0.08625   0.146
$metadyn    0.04312   0.146
$metadyn    0.02156   0.146

  ::::::::::::: starting MTD   20 :::::::::::::
  |   MD simulation time   :     6.0 ps       |
  |   target T             :   300.0 K        |
  |   timestep dt          :     5.0 fs       |
  |   dump interval(trj)   :   100.0 fs       |
  |   SHAKE algorithm      : true (all bonds) |
  |   dump interval(Vbias) :    1.00 ps       |
  |   Vbias prefactor (k)  :  0.0216 Eh       |
  |   Vbias exponent (α)   :  0.2361 bohr⁻²   |
  ::::::::::::: starting MTD   13 :::::::::::::
  |   MD simulation time   :     6.0 ps       |
  |   target T             :   300.0 K        |
  |   timestep dt          :     5.0 fs       |
  |   dump interval(trj)   :   100.0 fs       |
  |   SHAKE algorithm      : true (all bonds) |
  |   dump interval(Vbias) :    1.00 ps       |
  |   Vbias prefactor (k)  :  0.1725 Eh       |
  |   Vbias exponent (α)   :  0.3820 bohr⁻²   |
  ::::::::::::: starting MTD   24 :::::::::::::
  |   MD simulation time   :     6.0 ps       |
  |   target T             :   300.0 K        |
  |   timestep dt          :     5.0 fs       |
  |   dump interval(trj)   :   100.0 fs       |
  |   SHAKE algorithm      : true (all bonds) |
  |   dump interval(Vbias) :    1.00 ps       |
  |   Vbias prefactor (k)  :  0.0216 Eh       |
  |   Vbias exponent (α)   :  0.1459 bohr⁻²   |
  ::::::::::::: starting MTD   11 :::::::::::::
  |   MD simulation time   :     6.0 ps       |
  |   target T             :   300.0 K        |
  |   timestep dt          :     5.0 fs       |
  |   dump interval(trj)   :   100.0 fs       |
  |   SHAKE algorithm      : true (all bonds) |
  |   dump interval(Vbias) :    1.00 ps       |
  |   Vbias prefactor (k)  :  0.0431 Eh       |
  |   Vbias exponent (α)   :  0.6180 bohr⁻²   |
  ::::::::::::: starting MTD    3 :::::::::::::
  |   MD simulation time   :     6.0 ps       |
  |   target T             :   300.0 K        |
  |   timestep dt          :     5.0 fs       |
  |   dump interval(trj)   :   100.0 fs       |
  |   SHAKE algorithm      : true (all bonds) |
  |   dump interval(Vbias) :    1.00 ps       |
  |   Vbias prefactor (k)  :  0.0431 Eh       |
  |   Vbias exponent (α)   :  1.6180 bohr⁻²   |
  ::::::::::::: starting MTD    1 :::::::::::::
  |   MD simulation time   :     6.0 ps       |
  |   target T             :   300.0 K        |
  |   timestep dt          :     5.0 fs       |
  |   dump interval(trj)   :   100.0 fs       |
  |   SHAKE algorithm      : true (all bonds) |
  |   dump interval(Vbias) :    1.00 ps       |
  |   Vbias prefactor (k)  :  0.1725 Eh       |
  |   Vbias exponent (α)   :  1.6180 bohr⁻²   |
  ::::::::::::: starting MTD   22 :::::::::::::
  |   MD simulation time   :     6.0 ps       |
  |   target T             :   300.0 K        |
  |   timestep dt          :     5.0 fs       |
  |   dump interval(trj)   :   100.0 fs       |
  |   SHAKE algorithm      : true (all bonds) |
  |   dump interval(Vbias) :    1.00 ps       |
  |   Vbias prefactor (k)  :  0.0862 Eh       |
  |   Vbias exponent (α)   :  0.1459 bohr⁻²   |
  ::::::::::::: starting MTD   17 :::::::::::::
  |   MD simulation time   :     6.0 ps       |
  |   target T             :   300.0 K        |
  |   timestep dt          :     5.0 fs       |
  |   dump interval(trj)   :   100.0 fs       |
  |   SHAKE algorithm      : true (all bonds) |
  |   dump interval(Vbias) :    1.00 ps       |
  |   Vbias prefactor (k)  :  0.1725 Eh       |
  |   Vbias exponent (α)   :  0.2361 bohr⁻²   |
  ::::::::::::: starting MTD   15 :::::::::::::
  |   MD simulation time   :     6.0 ps       |
  |   target T             :   300.0 K        |
  |   timestep dt          :     5.0 fs       |
  |   dump interval(trj)   :   100.0 fs       |
  |   SHAKE algorithm      : true (all bonds) |
  |   dump interval(Vbias) :    1.00 ps       |
  |   Vbias prefactor (k)  :  0.0431 Eh       |
  |   Vbias exponent (α)   :  0.3820 bohr⁻²   |
  ::::::::::::: starting MTD   21 :::::::::::::
  |   MD simulation time   :     6.0 ps       |
  |   target T             :   300.0 K        |
  |   timestep dt          :     5.0 fs       |
  |   dump interval(trj)   :   100.0 fs       |
  |   SHAKE algorithm      : true (all bonds) |
  |   dump interval(Vbias) :    1.00 ps       |
  |   Vbias prefactor (k)  :  0.1725 Eh       |
  |   Vbias exponent (α)   :  0.1459 bohr⁻²   |
  ::::::::::::: starting MTD   19 :::::::::::::
  |   MD simulation time   :     6.0 ps       |
  |   target T             :   300.0 K        |
  |   timestep dt          :     5.0 fs       |
  |   dump interval(trj)   :   100.0 fs       |
  |   SHAKE algorithm      : true (all bonds) |
  |   dump interval(Vbias) :    1.00 ps       |
  |   Vbias prefactor (k)  :  0.0431 Eh       |
  |   Vbias exponent (α)   :  0.2361 bohr⁻²   |
  ::::::::::::: starting MTD    5 :::::::::::::
  |   MD simulation time   :     6.0 ps       |
  |   target T             :   300.0 K        |
  |   timestep dt          :     5.0 fs       |
  |   dump interval(trj)   :   100.0 fs       |
  |   SHAKE algorithm      : true (all bonds) |
  |   dump interval(Vbias) :    1.00 ps       |
  |   Vbias prefactor (k)  :  0.1725 Eh       |
  |   Vbias exponent (α)   :  1.0000 bohr⁻²   |
  ::::::::::::: starting MTD    9 :::::::::::::
  |   MD simulation time   :     6.0 ps       |
  |   target T             :   300.0 K        |
  |   timestep dt          :     5.0 fs       |
  |   dump interval(trj)   :   100.0 fs       |
  |   SHAKE algorithm      : true (all bonds) |
  |   dump interval(Vbias) :    1.00 ps       |
  |   Vbias prefactor (k)  :  0.1725 Eh       |
  |   Vbias exponent (α)   :  0.6180 bohr⁻²   |
  ::::::::::::: starting MTD   23 :::::::::::::
  |   MD simulation time   :     6.0 ps       |
  |   target T             :   300.0 K        |
  |   timestep dt          :     5.0 fs       |
  |   dump interval(trj)   :   100.0 fs       |
  |   SHAKE algorithm      : true (all bonds) |
  |   dump interval(Vbias) :    1.00 ps       |
  |   Vbias prefactor (k)  :  0.0431 Eh       |
  |   Vbias exponent (α)   :  0.1459 bohr⁻²   |
  ::::::::::::: starting MTD   18 :::::::::::::
  |   MD simulation time   :     6.0 ps       |
  |   target T             :   300.0 K        |
  |   timestep dt          :     5.0 fs       |
  |   dump interval(trj)   :   100.0 fs       |
  |   SHAKE algorithm      : true (all bonds) |
  |   dump interval(Vbias) :    1.00 ps       |
  |   Vbias prefactor (k)  :  0.0862 Eh       |
  |   Vbias exponent (α)   :  0.2361 bohr⁻²   |
  ::::::::::::: starting MTD    7 :::::::::::::
  |   MD simulation time   :     6.0 ps       |
  |   target T             :   300.0 K        |
  |   timestep dt          :     5.0 fs       |
  |   dump interval(trj)   :   100.0 fs       |
  |   SHAKE algorithm      : true (all bonds) |
  |   dump interval(Vbias) :    1.00 ps       |
  |   Vbias prefactor (k)  :  0.0431 Eh       |
  |   Vbias exponent (α)   :  1.0000 bohr⁻²   |
*MTD   5 completed successfully ...        1 min, 28.335 sec
  ::::::::::::: starting MTD    6 :::::::::::::
  |   MD simulation time   :     6.0 ps       |
  |   target T             :   300.0 K        |
  |   timestep dt          :     5.0 fs       |
  |   dump interval(trj)   :   100.0 fs       |
  |   SHAKE algorithm      : true (all bonds) |
  |   dump interval(Vbias) :    1.00 ps       |
  |   Vbias prefactor (k)  :  0.0862 Eh       |
  |   Vbias exponent (α)   :  1.0000 bohr⁻²   |
*MTD   7 completed successfully ...        1 min, 28.808 sec
  ::::::::::::: starting MTD    8 :::::::::::::
  |   MD simulation time   :     6.0 ps       |
  |   target T             :   300.0 K        |
  |   timestep dt          :     5.0 fs       |
  |   dump interval(trj)   :   100.0 fs       |
  |   SHAKE algorithm      : true (all bonds) |
  |   dump interval(Vbias) :    1.00 ps       |
  |   Vbias prefactor (k)  :  0.0216 Eh       |
  |   Vbias exponent (α)   :  1.0000 bohr⁻²   |
*MTD   3 completed successfully ...        1 min, 28.871 sec
  ::::::::::::: starting MTD    4 :::::::::::::
  |   MD simulation time   :     6.0 ps       |
  |   target T             :   300.0 K        |
  |   timestep dt          :     5.0 fs       |
  |   dump interval(trj)   :   100.0 fs       |
  |   SHAKE algorithm      : true (all bonds) |
  |   dump interval(Vbias) :    1.00 ps       |
  |   Vbias prefactor (k)  :  0.0216 Eh       |
  |   Vbias exponent (α)   :  1.6180 bohr⁻²   |
*MTD  11 completed successfully ...        1 min, 28.961 sec
  ::::::::::::: starting MTD   12 :::::::::::::
  |   MD simulation time   :     6.0 ps       |
  |   target T             :   300.0 K        |
  |   timestep dt          :     5.0 fs       |
  |   dump interval(trj)   :   100.0 fs       |
  |   SHAKE algorithm      : true (all bonds) |
  |   dump interval(Vbias) :    1.00 ps       |
  |   Vbias prefactor (k)  :  0.0216 Eh       |
  |   Vbias exponent (α)   :  0.6180 bohr⁻²   |
*MTD  15 completed successfully ...        1 min, 29.071 sec
  ::::::::::::: starting MTD   16 :::::::::::::
  |   MD simulation time   :     6.0 ps       |
  |   target T             :   300.0 K        |
  |   timestep dt          :     5.0 fs       |
  |   dump interval(trj)   :   100.0 fs       |
  |   SHAKE algorithm      : true (all bonds) |
  |   dump interval(Vbias) :    1.00 ps       |
  |   Vbias prefactor (k)  :  0.0216 Eh       |
  |   Vbias exponent (α)   :  0.3820 bohr⁻²   |
*MTD  19 completed successfully ...        1 min, 29.190 sec
*MTD  23 completed successfully ...        1 min, 29.294 sec
*MTD  20 completed successfully ...        1 min, 29.703 sec
*MTD  18 completed successfully ...        1 min, 29.862 sec
*MTD  22 completed successfully ...        1 min, 30.105 sec
*MTD   9 completed successfully ...        1 min, 30.222 sec
  ::::::::::::: starting MTD   10 :::::::::::::
  |   MD simulation time   :     6.0 ps       |
  |   target T             :   300.0 K        |
  |   timestep dt          :     5.0 fs       |
  |   dump interval(trj)   :   100.0 fs       |
  |   SHAKE algorithm      : true (all bonds) |
  |   dump interval(Vbias) :    1.00 ps       |
  |   Vbias prefactor (k)  :  0.0862 Eh       |
  |   Vbias exponent (α)   :  0.6180 bohr⁻²   |
*MTD  21 completed successfully ...        1 min, 30.382 sec
*MTD   1 completed successfully ...        1 min, 30.394 sec
  ::::::::::::: starting MTD    2 :::::::::::::
  |   MD simulation time   :     6.0 ps       |
  |   target T             :   300.0 K        |
  |   timestep dt          :     5.0 fs       |
  |   dump interval(trj)   :   100.0 fs       |
  |   SHAKE algorithm      : true (all bonds) |
  |   dump interval(Vbias) :    1.00 ps       |
  |   Vbias prefactor (k)  :  0.0862 Eh       |
  |   Vbias exponent (α)   :  1.6180 bohr⁻²   |
*MTD  24 completed successfully ...        1 min, 30.643 sec
*MTD  17 completed successfully ...        1 min, 30.777 sec
*MTD  13 completed successfully ...        1 min, 30.992 sec
  ::::::::::::: starting MTD   14 :::::::::::::
  |   MD simulation time   :     6.0 ps       |
  |   target T             :   300.0 K        |
  |   timestep dt          :     5.0 fs       |
  |   dump interval(trj)   :   100.0 fs       |
  |   SHAKE algorithm      : true (all bonds) |
  |   dump interval(Vbias) :    1.00 ps       |
  |   Vbias prefactor (k)  :  0.0862 Eh       |
  |   Vbias exponent (α)   :  0.3820 bohr⁻²   |
*MTD   8 completed successfully ...        1 min,  5.414 sec
*MTD   6 completed successfully ...        1 min,  6.500 sec
*MTD   4 completed successfully ...        1 min,  6.015 sec
*MTD  12 completed successfully ...        1 min,  6.245 sec
*MTD  16 completed successfully ...        1 min,  6.288 sec
*MTD   2 completed successfully ...        1 min,  5.700 sec
*MTD  10 completed successfully ...        1 min,  6.250 sec
*MTD  14 completed successfully ...        1 min,  5.909 sec

 ======================================
 |  Multilevel Ensemble Optimization  |
 ======================================
 Optimizing all 1416 structures from file "crest_dynamics.trj" ...
 ----------------------
 crude pre-optimization
 ----------------------
 Optimization engine: ANCOPT
 Hessian update type: BFGS
 E/G convergence criteria:  0.500E-03 Eh, 0.100E-01 Eh/a0
 maximum optimization steps: 200
 |>0.1% |>7.6% |>15.0% |>22.5% |>30.0% |>37.5% |>45.1% |>52.5% |>60.0% |>67.5% |>75.0% |>82.6% |>90.0% |>97.5% |>100.0%
 done.
> 1416 of 1416 structures successfully optimized (100.0% success)
> Total runtime for 1416 optimizations:
 * wall-time:     0 d,  0 h,  1 min, 35.405 sec
 *  cpu-time:     0 d,  0 h, 24 min, 20.533 sec
 * ratio c/w:    15.309 speedup
> Corresponding to approximately 0.067 sec per processed structure

CREGEN> number of topology-based structure removals: 1398
CREGEN> running RMSDs ... done.
CREGEN> E lowest :   -70.57447
 10 structures remain within    12.00 kcal/mol window
 ----------------------------------
 optimization with tight thresholds
 ----------------------------------
 Optimization engine: ANCOPT
 Hessian update type: BFGS
 E/G convergence criteria:  0.100E-05 Eh, 0.800E-03 Eh/a0
 maximum optimization steps: 200
 |>10.0% |>20.0% |>30.0% |>40.0% |>50.0% |>60.0% |>70.0% |>80.0% |>90.0% |>100.0%
 done.
> 10 of 10 structures successfully optimized (100.0% success)
> Total runtime for 10 optimizations:
 * wall-time:     0 d,  0 h,  0 min,  1.783 sec
 *  cpu-time:     0 d,  0 h,  0 min, 13.079 sec
 * ratio c/w:     7.335 speedup
> Corresponding to approximately 0.178 sec per processed structure

CREGEN> number of topology-based structure removals: 10
CREGEN> running RMSDs ... done.
CREGEN> E lowest :   -70.57447
 1 structures remain within     6.00 kcal/mol window

========================================
           MTD Simulations done         
========================================
 Collecting ensmbles.
CREGEN> running RMSDs ... done.
CREGEN> E lowest :   -70.57447
 1 structures remain within     6.00 kcal/mol window
     H(298.15K)-H(0) (conf)      0.000000
                   Cp(conf)      0.000000
                    S(conf)      0.000000

******************************************************************************************
**                          I T E R A T I O N    C Y C L E      1                       **
******************************************************************************************
 -------------------------------------------
 determining bias structures via PCA/k-Means
 -------------------------------------------
 1 structures were selected
 done.

 -----------------------------------------------
 determining MTD seed structures via PCA/k-Means
 -----------------------------------------------
 1 structures were selected
 done.


 ==========================================================
 Static MTDs (umbrella sampling) on 1 selected conformer(s)
 ==========================================================
> Using 1 constant RMSD bias potentials per MTD
  :::::::::: starting static MTD   1 ::::::::::
  |   MD simulation time   :     3.0 ps       |
  |   target T             :   400.0 K        |
  |   timestep dt          :     5.0 fs       |
  |   dump interval(trj)   :   100.0 fs       |
  |   SHAKE algorithm      : true (all bonds) |
  |   Vbias prefactor (k)  :  0.0024 Eh       |
  |   Vbias exponent (α)   :  1.0000 bohr⁻²   |
*sMTD   1 completed successfully ...        1 min, 12.565 sec

 ======================================
 |  Multilevel Ensemble Optimization  |
 ======================================
 Optimizing all 29 structures from file "crest_rotamers_0.xyz" ...
 ----------------------
 crude pre-optimization
 ----------------------
 Optimization engine: ANCOPT
 Hessian update type: BFGS
 E/G convergence criteria:  0.500E-03 Eh, 0.100E-01 Eh/a0
 maximum optimization steps: 200
 |>3.4% |>10.3% |>20.7% |>31.0% |>41.4% |>51.7% |>62.1% |>72.4% |>82.8% |>93.1% |>100.0%
 done.
> 29 of 29 structures successfully optimized (100.0% success)
> Total runtime for 29 optimizations:
 * wall-time:     0 d,  0 h,  0 min,  1.260 sec
 *  cpu-time:     0 d,  0 h,  0 min, 17.149 sec
 * ratio c/w:    13.610 speedup
> Corresponding to approximately 0.043 sec per processed structure

CREGEN> number of topology-based structure removals: 28
CREGEN> running RMSDs ... done.
CREGEN> E lowest :   -70.57383
 1 structures remain within    12.00 kcal/mol window
 ---------------------------------------
 optimization with very tight thresholds
 ---------------------------------------
 Optimization engine: ANCOPT
 Hessian update type: BFGS
 E/G convergence criteria:  0.100E-06 Eh, 0.200E-03 Eh/a0
 maximum optimization steps: 200
 |>100.0%
 done.
> 1 of 1 structures successfully optimized (100.0% success)
> Total runtime for 1 optimizations:
 * wall-time:     0 d,  0 h,  0 min,  3.607 sec
 *  cpu-time:     0 d,  0 h,  0 min, 14.767 sec
 * ratio c/w:     4.094 speedup
> Corresponding to approximately 3.607 sec per processed structure

CREGEN> number of topology-based structure removals: 1
CREGEN> running RMSDs ... done.
CREGEN> E lowest :   -70.57383
 1 structures remain within     6.00 kcal/mol window
CREGEN> running RMSDs ... done.
CREGEN> E lowest :   -70.57447

 Static MTD simulation iteration 1 finished
 A total of 2 conformers (+50.00%) in crest_conformers.xyz
 S(approx.) =    1.272311 cal/molK (dS =*****%)
 Convergence w.r.t. conformers: F
 Convergence w.r.t. entropy   : F

     H(298.15K)-H(0) (conf)      0.134276
                   Cp(conf)      0.199294
                    S(conf)      1.272131

******************************************************************************************
**                          I T E R A T I O N    C Y C L E      2                       **
******************************************************************************************
 -------------------------------------------
 determining bias structures via PCA/k-Means
 -------------------------------------------

 2 structures were selected
 done.

 -----------------------------------------------
 determining MTD seed structures via PCA/k-Means
 -----------------------------------------------

 2 structures were selected
 done.


 ==========================================================
 Static MTDs (umbrella sampling) on 2 selected conformer(s)
 ==========================================================
> Using 2 constant RMSD bias potentials per MTD
  :::::::::: starting static MTD   1 ::::::::::
  |   MD simulation time   :     3.0 ps       |
  |   target T             :   400.0 K        |
  |   timestep dt          :     5.0 fs       |
  |   dump interval(trj)   :   100.0 fs       |
  |   SHAKE algorithm      : true (all bonds) |
  |   Vbias prefactor (k)  :  0.0024 Eh       |
  |   Vbias exponent (α)   :  1.0000 bohr⁻²   |
  :::::::::: starting static MTD   2 ::::::::::
  |   MD simulation time   :     3.0 ps       |
  |   target T             :   400.0 K        |
  |   timestep dt          :     5.0 fs       |
  |   dump interval(trj)   :   100.0 fs       |
  |   SHAKE algorithm      : true (all bonds) |
  |   Vbias prefactor (k)  :  0.0024 Eh       |
  |   Vbias exponent (α)   :  1.0000 bohr⁻²   |
*sMTD   2 completed successfully ...        0 min, 58.303 sec
*sMTD   1 completed successfully ...        0 min, 58.885 sec

 ======================================
 |  Multilevel Ensemble Optimization  |
 ======================================
 Optimizing all 58 structures from file "crest_rotamers_0.xyz" ...
 ----------------------
 crude pre-optimization
 ----------------------
 Optimization engine: ANCOPT
 Hessian update type: BFGS
 E/G convergence criteria:  0.500E-03 Eh, 0.100E-01 Eh/a0
 maximum optimization steps: 200
 |>1.7% |>10.3% |>20.7% |>31.0% |>41.4% |>50.0% |>60.3% |>70.7% |>81.0% |>91.4% |>100.0%
 done.
> 58 of 58 structures successfully optimized (100.0% success)
> Total runtime for 58 optimizations:
 * wall-time:     0 d,  0 h,  0 min,  2.485 sec
 *  cpu-time:     0 d,  0 h,  0 min, 35.690 sec
 * ratio c/w:    14.365 speedup
> Corresponding to approximately 0.043 sec per processed structure

CREGEN> number of topology-based structure removals: 51
CREGEN> running RMSDs ... done.
CREGEN> E lowest :   -70.57459
 5 structures remain within    12.00 kcal/mol window
 ---------------------------------------
 optimization with very tight thresholds
 ---------------------------------------
 Optimization engine: ANCOPT
 Hessian update type: BFGS
 E/G convergence criteria:  0.100E-06 Eh, 0.200E-03 Eh/a0
 maximum optimization steps: 200
 |>20.0% |>40.0% |>60.0% |>80.0% |>100.0%
 done.
> 5 of 5 structures successfully optimized (100.0% success)
> Total runtime for 5 optimizations:
 * wall-time:     0 d,  0 h,  0 min,  4.396 sec
 *  cpu-time:     0 d,  0 h,  0 min, 32.066 sec
 * ratio c/w:     7.295 speedup
> Corresponding to approximately 0.879 sec per processed structure

CREGEN> number of topology-based structure removals: 5
CREGEN> running RMSDs ... done.
CREGEN> E lowest :   -70.57459
 1 structures remain within     6.00 kcal/mol window
CREGEN> running RMSDs ... done.
CREGEN> E lowest :   -70.57459

 Static MTD simulation iteration 2 finished
 A total of 3 conformers (+33.33%) in crest_conformers.xyz
 S(approx.) =    2.083217 cal/molK (dS =38.93%)
 Convergence w.r.t. conformers: F
 Convergence w.r.t. entropy   : F

     H(298.15K)-H(0) (conf)      0.120923
                   Cp(conf)      0.176039
                    S(conf)      2.083052

******************************************************************************************
**                          I T E R A T I O N    C Y C L E      3                       **
******************************************************************************************
 -------------------------------------------
 determining bias structures via PCA/k-Means
 -------------------------------------------

 3 structures were selected
 done.

 -----------------------------------------------
 determining MTD seed structures via PCA/k-Means
 -----------------------------------------------

 3 structures were selected
 done.


 ==========================================================
 Static MTDs (umbrella sampling) on 3 selected conformer(s)
 ==========================================================
> Using 3 constant RMSD bias potentials per MTD
  :::::::::: starting static MTD   1 ::::::::::
  |   MD simulation time   :     3.0 ps       |
  |   target T             :   400.0 K        |
  |   timestep dt          :     5.0 fs       |
  |   dump interval(trj)   :   100.0 fs       |
  |   SHAKE algorithm      : true (all bonds) |
  |   Vbias prefactor (k)  :  0.0024 Eh       |
  |   Vbias exponent (α)   :  1.0000 bohr⁻²   |
  :::::::::: starting static MTD   3 ::::::::::
  |   MD simulation time   :     3.0 ps       |
  |   target T             :   400.0 K        |
  |   timestep dt          :     5.0 fs       |
  |   dump interval(trj)   :   100.0 fs       |
  |   SHAKE algorithm      : true (all bonds) |
  |   Vbias prefactor (k)  :  0.0024 Eh       |
  |   Vbias exponent (α)   :  1.0000 bohr⁻²   |
  :::::::::: starting static MTD   2 ::::::::::
  |   MD simulation time   :     3.0 ps       |
  |   target T             :   400.0 K        |
  |   timestep dt          :     5.0 fs       |
  |   dump interval(trj)   :   100.0 fs       |
  |   SHAKE algorithm      : true (all bonds) |
  |   Vbias prefactor (k)  :  0.0024 Eh       |
  |   Vbias exponent (α)   :  1.0000 bohr⁻²   |
*sMTD   2 completed successfully ...        0 min, 52.218 sec
*sMTD   1 completed successfully ...        0 min, 52.474 sec
*sMTD   3 completed successfully ...        0 min, 52.834 sec

 ======================================
 |  Multilevel Ensemble Optimization  |
 ======================================
 Optimizing all 87 structures from file "crest_rotamers_0.xyz" ...
 ----------------------
 crude pre-optimization
 ----------------------
 Optimization engine: ANCOPT
 Hessian update type: BFGS
 E/G convergence criteria:  0.500E-03 Eh, 0.100E-01 Eh/a0
 maximum optimization steps: 200
 |>1.1% |>10.3% |>20.7% |>31.0% |>40.2% |>50.6% |>60.9% |>70.1% |>80.5% |>90.8% |>100.0%
 done.
> 87 of 87 structures successfully optimized (100.0% success)
> Total runtime for 87 optimizations:
 * wall-time:     0 d,  0 h,  0 min,  3.685 sec
 *  cpu-time:     0 d,  0 h,  0 min, 53.019 sec
 * ratio c/w:    14.388 speedup
> Corresponding to approximately 0.042 sec per processed structure

CREGEN> number of topology-based structure removals: 85
CREGEN> running RMSDs ... done.
CREGEN> E lowest :   -70.57377
 2 structures remain within    12.00 kcal/mol window
 ---------------------------------------
 optimization with very tight thresholds
 ---------------------------------------
 Optimization engine: ANCOPT
 Hessian update type: BFGS
 E/G convergence criteria:  0.100E-06 Eh, 0.200E-03 Eh/a0
 maximum optimization steps: 200
 |>50.0% |>100.0%
 done.
> 2 of 2 structures successfully optimized (100.0% success)
> Total runtime for 2 optimizations:
 * wall-time:     0 d,  0 h,  0 min,  5.224 sec
 *  cpu-time:     0 d,  0 h,  0 min, 27.957 sec
 * ratio c/w:     5.352 speedup
> Corresponding to approximately 2.612 sec per processed structure

CREGEN> number of topology-based structure removals: 2
CREGEN> running RMSDs ... done.
CREGEN> E lowest :   -70.57377
 1 structures remain within     6.00 kcal/mol window
CREGEN> running RMSDs ... done.
CREGEN> E lowest :   -70.57459

 Static MTD simulation iteration 3 finished
 A total of 3 conformers (+ 0.00%) in crest_conformers.xyz
 S(approx.) =    2.083217 cal/molK (dS = 0.00%)
 Convergence w.r.t. conformers: T
 Convergence w.r.t. entropy   : T

     H(298.15K)-H(0) (conf)      0.120923
                   Cp(conf)      0.176039
                    S(conf)      2.083052


 --------------------------
 Final Ensemble Information
 --------------------------
 input  file name : crest_rotamers_2.xyz
 output file name : crest_rotamers_3.xyz
 number of atoms                :   23
 number of points on xyz files  :   4
 RMSD threshold                 :   0.1250
 Bconst threshold               :   0.0100
 population threshold           :   0.0500
 # fragment in coord            :     1
 # bonds in reference structure :    26
 number of reliable points      :     4
 sorting energy window (EWIN)   :    6.0000 / kcal*mol⁻¹
 reference state Etot           :  -70.574589739999993
 number of doubles removed by rot/RMSD         :           1
 total number unique points considered further :           3
       Erel/kcal        Etot weight/tot  conformer     set   degen     origin
       1   0.000   -70.57459    0.42985    0.42985       1       1
       2   0.078   -70.57447    0.37697    0.37697       2       1
       3   0.474   -70.57383    0.19318    0.19318       3       1
T /K                                  :   298.15
E lowest                              :   -70.57459
ensemble average energy (kcal)        :    0.121
ensemble entropy (J/mol K, cal/mol K) :    8.716    2.083
ensemble free energy (kcal/mol)       :   -0.621
population of lowest in %             :   42.985
 number of unique conformers for further calc            3
 list of relative energies saved as "crest.energies"
 compare nuclear equivalencies ...
::::::::::: conformer group all :::::::::::
 chemical equivalencies (mag.active nuclei):
 magnetic equivalencies:

******************************************************************************************
**                           ENSEMBLE ENTROPY CALCULATION                               **
******************************************************************************************
======================================================
 Containing 1 conformers :
     H(298.15K)-H(0) (conf)      0.000000
                   Cp(conf)      0.000000
                    S(conf)      0.000000
======================================================
 Containing 2 conformers :
     H(298.15K)-H(0) (conf)      0.134276
                   Cp(conf)      0.199294
                    S(conf)      1.272131
======================================================
 Containing 3 conformers :
     H(298.15K)-H(0) (conf)      0.120923
                   Cp(conf)      0.176039
                    S(conf)      2.083052
======================================================
 Containing 3 conformers :
     H(298.15K)-H(0) (conf)      0.120923
                   Cp(conf)      0.176039
                    S(conf)      2.083052
======================================================

 --------------------------------------
 FINAL CALCULATION OF MOLECULAR ENTROPY
 --------------------------------------

   block      Siter   Siter (fit) 
        1    1.272    1.813
        2    2.083    1.813
        3    2.083    1.813
R²       :    0.912479
WARNING: large fit error expected

FINAL ENTROPY (max conf.)  :      2.08305

 ----------------------------------
 Frequency Calculation and Averages
 ----------------------------------
 Nconf on file      : 3
 Taken for Hessians : 3 (=100.00% total population)
 T range  /K    :   278.15   378.15
 scaling factor :          1.000000     
 rotor cutoff   :         25.000000 cm⁻¹
 imag. cutoff   :        -50.000000 cm⁻¹

 Running 3 calculations ...
 |>33.3% |>66.7% |>100.0%
 done.
 calculating averages for G and S ...    done.
 calculating Boltzmann weights ...       done.
 calculating reference S (bhess) ... > bhess not implemented for calculator routines
    done.
 calculating δSrrho ...                  done.

 Coordinates for the bhess reference structure (Ångström):
 -----------------------------------------------------------
  23

 Br        -1.8717413412        2.6320597046       -1.8057098740
 C         -2.2631770157        1.2288176127       -0.5993467577
 C         -1.2060871153        0.7086731342        0.1537185958
 C         -3.5452869218        0.6966755126       -0.4735674202
 O          0.0000533304        1.3296143670       -0.0017077982
 C         -1.4404449905       -0.3140204478        1.0732561233
 Br        -4.9598358429        1.4058259992       -1.5109189310
 C         -3.7732467744       -0.3693615929        0.4083210096
 C          1.2061008795        0.7080602687       -0.1554192921
 Br        -0.0241674971       -0.9157115052        2.1803685950
 C         -2.7207157542       -0.8698812669        1.1831449419
 Br        -5.5059850087       -1.1212229344        0.5566463407
 C          2.2633434109        1.2303535658        0.5959415345
 C          1.4402473506       -0.3173672519       -1.0719693588
 Br        -3.0215916262       -2.2929775902        2.3952790727
 Br         1.8722723746        2.6372681199        1.7981335649
 C          3.5454146054        0.6977987959        0.4714948074
 Br         0.0237545302       -0.9223348986       -2.1770214896
 C          2.7204975704       -0.8735432399       -1.1805048512
 Br         4.9601830745        1.4099238302        1.5065121967
 C          3.7731897580       -0.3707836223       -0.4073471320
 Br         3.0212160151       -2.3000430912       -2.3886717254
 Br         5.5059094447       -1.1230148490       -0.5539334021
 -----------------------------------------------------------
 as read from <coord>
 Heavy-atom RMSD between lowest conformer and this reference :
 RMSD(heavy) =        0.000000 Å

 msRRHO(bhess) reference entropies:
      278.15        185.021879
      288.15        187.954250
      298.15        190.830293
      308.15        193.652487
      318.15        196.423118
      328.15        199.144297
      338.15        201.817981
      348.15        204.445984
      358.15        207.029992
      368.15        209.571576
      378.15        212.072203

       T/K  |S(T)|/cal/molK       |G(T)|/Eh     G_lowest/Eh    (conf)
   -----------------------------------------------------------------
    278.15    0.185022E+03    0.192049E-01      -70.555385         1
    288.15    0.187954E+03    0.162686E-01      -70.558321         1
    298.15    0.190830E+03    0.132861E-01      -70.561304         1
    308.15    0.193652E+03    0.102581E-01      -70.564332         1
    318.15    0.196423E+03    0.718566E-02      -70.567404         1
    328.15    0.199144E+03    0.406942E-02      -70.570520         1
    338.15    0.201818E+03    0.910199E-03      -70.573680         1
    348.15    0.204446E+03   -0.229125E-02      -70.576881         1
    358.15    0.207030E+03   -0.553423E-02      -70.580124         1
    368.15    0.209572E+03   -0.881803E-02      -70.583408         1
    378.15    0.212072E+03   -0.121420E-01      -70.586732         1
   -----------------------------------------------------------------
   NOTE: if |G(T)| is the averaged contributrion to the free energy.
   |G(T)| used only for the higher-energetic structures (n > 3).
   All other structures use G(T) from the respective Hessian calculations.

 Quantities calculated on free energies:
       T/K          δSrrho           Cp(T)     [H(T)-H(0)]
   -------------------------------------------------------
    278.15   -0.209980E-09    0.196175E+00        0.117206
    288.15   -0.219558E-09    0.185727E+00        0.119115
    298.15   -0.230216E-09    0.176039E+00        0.120923
    308.15   -0.241641E-09    0.167044E+00        0.122638
    318.15   -0.254090E-09    0.158683E+00        0.124266
    328.15   -0.267391E-09    0.150904E+00        0.125813
    338.15   -0.281432E-09    0.143656E+00        0.127286
    348.15   -0.296239E-09    0.136896E+00        0.128688
    358.15   -0.311815E-09    0.130582E+00        0.130025
    368.15   -0.327930E-09    0.124679E+00        0.131301
    378.15   -0.344698E-09    0.119154E+00        0.132520
   -------------------------------------------------------
   NOTE: δSrrho(T) = |S(T)| - Sref(T)

 ----------------------
 TEMPERATURE DEPENDENCE
 ----------------------

 Final CONFORMATIONAL quantities at given T:
       T/K        S(total)           Cp(T)     [H(T)-H(0)]        G(total)
   -----------------------------------------------------------------------
    278.15        2.070139        0.196175        0.117206       -0.458603
    288.15        2.076882        0.185727        0.119115       -0.479339
    298.15        2.083052        0.176039        0.120923       -0.500139
    308.15        2.088710        0.167044        0.122638       -0.520998
    318.15        2.093911        0.158683        0.124266       -0.541912
    328.15        2.098700        0.150904        0.125813       -0.562875
    338.15        2.103121        0.143656        0.127286       -0.583884
    348.15        2.107208        0.136896        0.128688       -0.604936
    358.15        2.110995        0.130582        0.130025       -0.626028
    368.15        2.114509        0.124679        0.131301       -0.647155
    378.15        2.117776        0.119154        0.132520       -0.668317
   -----------------------------------------------------------------------
   S and Cp in cal/mol*K; H and G in kcal/mol
   G(total) is the ensemble free energy (H-T*S) and S(total) = S(conf,extrapol.) + δSrrho

 ----------------------------------------------------
 |      FINAL MOLECULAR ENTROPY AT T= 298.15 K      |
 ----------------------------------------------------
     Sconf   =          2.083052
   + δSrrho  =         -0.000000
 -----------------------------------------------------
 = S(total)  =          2.083052  (cal mol⁻¹ K⁻¹)

   H(T)-H(0) =          0.120923
   G         =         -0.621062   (-T*S)
 -----------------------------------------------------
 = G(total)  =         -0.500139  (H-T*S) (kcal mol⁻¹)

   Cp(total) =          0.176039  (cal mol⁻¹ K⁻¹)


 -----------------
 Wall Time Summary
 -----------------
 CREST runtime (total)               0 d,  0 h,  8 min,  4.799 sec
 ------------------------------------------------------------------
 Trial metadynamics (MTD)   ...        0 min,  9.685 sec (  1.998%)
 Metadynamics (MTD)         ...        2 min, 38.037 sec ( 32.599%)
 Geometry optimization      ...        1 min, 58.501 sec ( 24.443%)
 Static metadynamics (sMTD) ...        3 min,  4.312 sec ( 38.018%)
 Conf. entropy evaluation   ...        0 min, 13.686 sec (  2.823%)
 I/O and setup              ...        0 min,  0.577 sec (  0.119%)
 ------------------------------------------------------------------
 * wall-time:     0 d,  0 h,  8 min,  4.799 sec
 *  cpu-time:     0 d,  1 h, 18 min, 24.294 sec
 * ratio c/w:     9.704 speedup
 ------------------------------------------------------------------
 * Total number of energy+grad calls: 54491

 CREST terminated normally.
