
       ╔════════════════════════════════════════════╗
       ║            ___ ___ ___ ___ _____           ║
       ║           / __| _ \ __/ __|_   _|          ║
       ║          | (__|   / _|\__ \ | |            ║
       ║           \___|_|_\___|___/ |_|            ║
       ║                                            ║
       ║  Conformer-Rotamer Ensemble Sampling Tool  ║
       ║          based on the xTB methods          ║
       ║                                            ║
       ╚════════════════════════════════════════════╝
       Version 3.0.2, Fri, 14 February 10:17:28, 02/14/2025
       commit (53290da) compiled by 'usr@fv-az1781-845'

   Cite work conducted with this code as

   • P.Pracht, F.Bohle, S.Grimme, PCCP, 2020, 22, 7169-7192.
   • S.Grimme, JCTC, 2019, 15, 2847-2862.
   • P.Pracht, S.Grimme, C.Bannwarth, F.Bohle, S.Ehlert,
     G.Feldmann, J.Gorges, M.Müller, T.Neudecker, C.Plett,
     S.Spicher, P.Steinbach, P.Wesołowski, F.Zeller,
     J. Chem. Phys., 2024, 160, 114110.

   for works involving QCG cite

   • S.Spicher, C.Plett, P.Pracht, A.Hansen, S.Grimme,
     JCTC, 2022, 18 (5), 3174-3189.
   • C.Plett, S. Grimme,
     Angew. Chem. Int. Ed. 2023, 62, e202214477.

   for works involving MECP screening cite

   • P.Pracht, C.Bannwarth, JCTC, 2022, 18 (10), 6370-6385.

   Original code
     P.Pracht, S.Grimme, Universität Bonn, MCTC
   with help from (alphabetical order):
     C.Bannwarth, F.Bohle, S.Ehlert, G.Feldmann, J.Gorges,
     S.Grimme, C.Plett, P.Pracht, S.Spicher, P.Steinbach,
     P.Wesolowski, F.Zeller

   Online documentation is available at
   https://crest-lab.github.io/crest-docs/

   This program is distributed in the hope that it will be useful,
   but WITHOUT ANY WARRANTY; without even the implied warranty of
   MERCHANTABILITY or FITNESS FOR A PARTICULAR PURPOSE. See the
   GNU Lesser General Public License (LGPL) for more details.

 Command line input:
 $ ./crest m1_00_TBBPAmol.xyz --T 16 --noreftopo --entropy --gfn2

  --T 16 (CPUs/Threads selected)
  --entropy : enhanced ensemble entropy calculation
  --gfn2               : Use of GFN2-xTB requested.

> Setting up backup calculator ... done.
 ----------------
 Calculation info
 ----------------
> User-defined calculation level:
 : xTB calculation via tblite lib
 : GFN2-xTB level
 :   Molecular charge    : 0
 :   Fermi temperature   : 300.00000
 :   Accuracy            : 1.00000
 :   max SCC cycles      : 500


 -----------------------------
 Initial Geometry Optimization
 -----------------------------
 Geometry successfully optimized.

          ┍━━━━━━━━━━━━━━━━━━━━━━━━━━━━━━━━━━━━━━━━━━━━━━━━━┑
          │              CREST ENTROPY SAMPLING             │
          ┕━━━━━━━━━━━━━━━━━━━━━━━━━━━━━━━━━━━━━━━━━━━━━━━━━┙

 please cite:
 • P.Pracht, S.Grimme, Chem. Sci., 2021, 12, 6551-6568.
 • J.Gorges, S.Grimme, A.Hansen, P.Pracht, PCCP, 2022,24, 12249-12259.

 Input structure:
  33

 C          0.0536161920       -1.2448066969        3.0966521124
 C          0.0001098027       -0.0006339975        2.1990626233
 C          1.2234536846        0.1433194697        1.3080566003
 C         -1.2233939674       -0.1443281592        1.3082469943
 C         -0.0531836907        1.2434393931        3.0968416085
 C          2.3873278164       -0.5915195935        1.4838750229
 C          1.1893020292        1.0899895975        0.2894136023
 C         -1.1894384101       -1.0906169727        0.2892409371
 C         -2.3871109165        0.5906921002        1.4843582014
 C          3.4813369663       -0.3805904324        0.6645335325
 C          3.4707765699        0.5679632689       -0.3588918863
 Br         5.0661238646       -1.3948959427        0.9142842023
 C          2.2892587975        1.2920556351       -0.5192376410
 O          4.5653804655        0.7300941810       -1.1140731487
 Br         2.2177615900        2.6075782348       -1.9124200257
 C         -2.2894523620       -1.2921636187       -0.5194617795
 C         -3.4708164466       -0.5678750566       -0.3588325742
 Br        -2.2182292648       -2.6071488558       -1.9131717981
 C         -3.4811434946        0.3803574588        0.6648954758
 O         -4.5654303310       -0.7294304432       -1.1141230357
 Br        -5.0656310707        1.3950759760        0.9148709574
 H          0.2017397900       -2.1487798231        2.5114504466
 H          0.8510722052       -1.1586027640        3.8301426838
 H         -0.8890116474       -1.3390395619        3.6318269117
 H         -0.2035494516        2.1472824393        2.5120281445
 H         -0.8491150201        1.1561947882        3.8318391977
 H          0.8903423665        1.3388106364        3.6301861859
 H          2.4657193317       -1.3383180696        2.2559765140
 H          0.2969875910        1.6731157005        0.1208020804
 H         -0.2972985062       -1.6739824425        0.1205112497
 H         -2.4653210246        1.3371870811        2.2567740147
 H          4.4261718726        1.4185998331       -1.7821812730
 H         -4.4263560010       -1.4176829504       -1.7825217603

 ------------------------------------------------
 Generating MTD length from a flexibility measure
 ------------------------------------------------
 Calculating GFN0-xTB WBOs   ... done.
 Calculating NCI flexibility ... done.
     covalent flexibility measure :   0.087
 non-covalent flexibility measure :   0.633
 flexibility measure :   0.137
 t(MTD) / ps    :     6.0
 Σ(t(MTD)) / ps :   144.0 (24 MTDs)

 -----------------------------------
 Starting trial MTD to test settings
 -----------------------------------
 Trial MTD 1 runtime (1.0 ps) ...        0 min,  6.714 sec
 Estimated runtime for one MTD (6.0 ps) on a single thread: 40 sec
 Estimated runtime for a batch of 24 MTDs on 16 threads: 1 min 21 sec

******************************************************************************************
**                         N E W   I T E R A T I O N  C Y C L E                         **
******************************************************************************************

 ------------------------------
 Meta-Dynamics Iteration 1
 ------------------------------
 list of applied metadynamics Vbias parameters:
$metadyn    0.24750   1.618
$metadyn    0.12375   1.618
$metadyn    0.06187   1.618
$metadyn    0.03094   1.618
$metadyn    0.24750   1.000
$metadyn    0.12375   1.000
$metadyn    0.06187   1.000
$metadyn    0.03094   1.000
$metadyn    0.24750   0.618
$metadyn    0.12375   0.618
$metadyn    0.06187   0.618
$metadyn    0.03094   0.618
$metadyn    0.24750   0.382
$metadyn    0.12375   0.382
$metadyn    0.06187   0.382
$metadyn    0.03094   0.382
$metadyn    0.24750   0.236
$metadyn    0.12375   0.236
$metadyn    0.06187   0.236
$metadyn    0.03094   0.236
$metadyn    0.24750   0.146
$metadyn    0.12375   0.146
$metadyn    0.06187   0.146
$metadyn    0.03094   0.146

  ::::::::::::: starting MTD   19 :::::::::::::
  |   MD simulation time   :     6.0 ps       |
  |   target T             :   300.0 K        |
  |   timestep dt          :     5.0 fs       |
  |   dump interval(trj)   :   100.0 fs       |
  |   SHAKE algorithm      : true (all bonds) |
  |   dump interval(Vbias) :    1.00 ps       |
  |   Vbias prefactor (k)  :  0.0619 Eh       |
  |   Vbias exponent (α)   :  0.2361 bohr⁻²   |
  ::::::::::::: starting MTD   23 :::::::::::::
  |   MD simulation time   :     6.0 ps       |
  |   target T             :   300.0 K        |
  |   timestep dt          :     5.0 fs       |
  |   dump interval(trj)   :   100.0 fs       |
  |   SHAKE algorithm      : true (all bonds) |
  |   dump interval(Vbias) :    1.00 ps       |
  |   Vbias prefactor (k)  :  0.0619 Eh       |
  |   Vbias exponent (α)   :  0.1459 bohr⁻²   |
  ::::::::::::: starting MTD   15 :::::::::::::
  |   MD simulation time   :     6.0 ps       |
  |   target T             :   300.0 K        |
  |   timestep dt          :     5.0 fs       |
  |   dump interval(trj)   :   100.0 fs       |
  |   SHAKE algorithm      : true (all bonds) |
  |   dump interval(Vbias) :    1.00 ps       |
  |   Vbias prefactor (k)  :  0.0619 Eh       |
  |   Vbias exponent (α)   :  0.3820 bohr⁻²   |
  ::::::::::::: starting MTD   17 :::::::::::::
  |   MD simulation time   :     6.0 ps       |
  |   target T             :   300.0 K        |
  |   timestep dt          :     5.0 fs       |
  |   dump interval(trj)   :   100.0 fs       |
  |   SHAKE algorithm      : true (all bonds) |
  |   dump interval(Vbias) :    1.00 ps       |
  |   Vbias prefactor (k)  :  0.2475 Eh       |
  |   Vbias exponent (α)   :  0.2361 bohr⁻²   |
  ::::::::::::: starting MTD   20 :::::::::::::
  |   MD simulation time   :     6.0 ps       |
  |   target T             :   300.0 K        |
  |   timestep dt          :     5.0 fs       |
  |   dump interval(trj)   :   100.0 fs       |
  |   SHAKE algorithm      : true (all bonds) |
  |   dump interval(Vbias) :    1.00 ps       |
  |   Vbias prefactor (k)  :  0.0309 Eh       |
  |   Vbias exponent (α)   :  0.2361 bohr⁻²   |
  ::::::::::::: starting MTD    5 :::::::::::::
  |   MD simulation time   :     6.0 ps       |
  |   target T             :   300.0 K        |
  |   timestep dt          :     5.0 fs       |
  |   dump interval(trj)   :   100.0 fs       |
  |   SHAKE algorithm      : true (all bonds) |
  |   dump interval(Vbias) :    1.00 ps       |
  |   Vbias prefactor (k)  :  0.2475 Eh       |
  |   Vbias exponent (α)   :  1.0000 bohr⁻²   |
  ::::::::::::: starting MTD    7 :::::::::::::
  |   MD simulation time   :     6.0 ps       |
  |   target T             :   300.0 K        |
  |   timestep dt          :     5.0 fs       |
  |   dump interval(trj)   :   100.0 fs       |
  |   SHAKE algorithm      : true (all bonds) |
  |   dump interval(Vbias) :    1.00 ps       |
  |   Vbias prefactor (k)  :  0.0619 Eh       |
  |   Vbias exponent (α)   :  1.0000 bohr⁻²   |
  ::::::::::::: starting MTD   21 :::::::::::::
  |   MD simulation time   :     6.0 ps       |
  |   target T             :   300.0 K        |
  |   timestep dt          :     5.0 fs       |
  |   dump interval(trj)   :   100.0 fs       |
  |   SHAKE algorithm      : true (all bonds) |
  |   dump interval(Vbias) :    1.00 ps       |
  |   Vbias prefactor (k)  :  0.2475 Eh       |
  |   Vbias exponent (α)   :  0.1459 bohr⁻²   |
  ::::::::::::: starting MTD    9 :::::::::::::
  |   MD simulation time   :     6.0 ps       |
  |   target T             :   300.0 K        |
  |   timestep dt          :     5.0 fs       |
  |   dump interval(trj)   :   100.0 fs       |
  |   SHAKE algorithm      : true (all bonds) |
  |   dump interval(Vbias) :    1.00 ps       |
  |   Vbias prefactor (k)  :  0.2475 Eh       |
  |   Vbias exponent (α)   :  0.6180 bohr⁻²   |
  ::::::::::::: starting MTD   13 :::::::::::::
  |   MD simulation time   :     6.0 ps       |
  |   target T             :   300.0 K        |
  |   timestep dt          :     5.0 fs       |
  |   dump interval(trj)   :   100.0 fs       |
  |   SHAKE algorithm      : true (all bonds) |
  |   dump interval(Vbias) :    1.00 ps       |
  |   Vbias prefactor (k)  :  0.2475 Eh       |
  |   Vbias exponent (α)   :  0.3820 bohr⁻²   |
  ::::::::::::: starting MTD   11 :::::::::::::
  |   MD simulation time   :     6.0 ps       |
  |   target T             :   300.0 K        |
  |   timestep dt          :     5.0 fs       |
  |   dump interval(trj)   :   100.0 fs       |
  |   SHAKE algorithm      : true (all bonds) |
  |   dump interval(Vbias) :    1.00 ps       |
  |   Vbias prefactor (k)  :  0.0619 Eh       |
  |   Vbias exponent (α)   :  0.6180 bohr⁻²   |
  ::::::::::::: starting MTD    3 :::::::::::::
  |   MD simulation time   :     6.0 ps       |
  |   target T             :   300.0 K        |
  |   timestep dt          :     5.0 fs       |
  |   dump interval(trj)   :   100.0 fs       |
  |   SHAKE algorithm      : true (all bonds) |
  |   dump interval(Vbias) :    1.00 ps       |
  |   Vbias prefactor (k)  :  0.0619 Eh       |
  |   Vbias exponent (α)   :  1.6180 bohr⁻²   |
  ::::::::::::: starting MTD   24 :::::::::::::
  |   MD simulation time   :     6.0 ps       |
  |   target T             :   300.0 K        |
  |   timestep dt          :     5.0 fs       |
  |   dump interval(trj)   :   100.0 fs       |
  |   SHAKE algorithm      : true (all bonds) |
  |   dump interval(Vbias) :    1.00 ps       |
  |   Vbias prefactor (k)  :  0.0309 Eh       |
  |   Vbias exponent (α)   :  0.1459 bohr⁻²   |
  ::::::::::::: starting MTD    1 :::::::::::::
  |   MD simulation time   :     6.0 ps       |
  |   target T             :   300.0 K        |
  |   timestep dt          :     5.0 fs       |
  |   dump interval(trj)   :   100.0 fs       |
  |   SHAKE algorithm      : true (all bonds) |
  |   dump interval(Vbias) :    1.00 ps       |
  |   Vbias prefactor (k)  :  0.2475 Eh       |
  |   Vbias exponent (α)   :  1.6180 bohr⁻²   |
  ::::::::::::: starting MTD   18 :::::::::::::
  |   MD simulation time   :     6.0 ps       |
  |   target T             :   300.0 K        |
  |   timestep dt          :     5.0 fs       |
  |   dump interval(trj)   :   100.0 fs       |
  |   SHAKE algorithm      : true (all bonds) |
  |   dump interval(Vbias) :    1.00 ps       |
  |   Vbias prefactor (k)  :  0.1237 Eh       |
  |   Vbias exponent (α)   :  0.2361 bohr⁻²   |
  ::::::::::::: starting MTD   22 :::::::::::::
  |   MD simulation time   :     6.0 ps       |
  |   target T             :   300.0 K        |
  |   timestep dt          :     5.0 fs       |
  |   dump interval(trj)   :   100.0 fs       |
  |   SHAKE algorithm      : true (all bonds) |
  |   dump interval(Vbias) :    1.00 ps       |
  |   Vbias prefactor (k)  :  0.1237 Eh       |
  |   Vbias exponent (α)   :  0.1459 bohr⁻²   |
*MTD  19 completed successfully ...        1 min, 10.634 sec
*MTD  11 completed successfully ...        1 min, 11.533 sec
  ::::::::::::: starting MTD   12 :::::::::::::
  |   MD simulation time   :     6.0 ps       |
  |   target T             :   300.0 K        |
  |   timestep dt          :     5.0 fs       |
  |   dump interval(trj)   :   100.0 fs       |
  |   SHAKE algorithm      : true (all bonds) |
  |   dump interval(Vbias) :    1.00 ps       |
  |   Vbias prefactor (k)  :  0.0309 Eh       |
  |   Vbias exponent (α)   :  0.6180 bohr⁻²   |
*MTD  20 completed successfully ...        1 min, 11.537 sec
*MTD  24 completed successfully ...        1 min, 11.623 sec
*MTD   3 completed successfully ...        1 min, 11.675 sec
  ::::::::::::: starting MTD    4 :::::::::::::
  |   MD simulation time   :     6.0 ps       |
  |   target T             :   300.0 K        |
  |   timestep dt          :     5.0 fs       |
  |   dump interval(trj)   :   100.0 fs       |
  |   SHAKE algorithm      : true (all bonds) |
  |   dump interval(Vbias) :    1.00 ps       |
  |   Vbias prefactor (k)  :  0.0309 Eh       |
  |   Vbias exponent (α)   :  1.6180 bohr⁻²   |
*MTD  22 completed successfully ...        1 min, 11.749 sec
*MTD   7 completed successfully ...        1 min, 11.831 sec
  ::::::::::::: starting MTD    8 :::::::::::::
  |   MD simulation time   :     6.0 ps       |
  |   target T             :   300.0 K        |
  |   timestep dt          :     5.0 fs       |
  |   dump interval(trj)   :   100.0 fs       |
  |   SHAKE algorithm      : true (all bonds) |
  |   dump interval(Vbias) :    1.00 ps       |
  |   Vbias prefactor (k)  :  0.0309 Eh       |
  |   Vbias exponent (α)   :  1.0000 bohr⁻²   |
*MTD  23 completed successfully ...        1 min, 12.033 sec
*MTD   9 completed successfully ...        1 min, 12.233 sec
  ::::::::::::: starting MTD   10 :::::::::::::
  |   MD simulation time   :     6.0 ps       |
  |   target T             :   300.0 K        |
  |   timestep dt          :     5.0 fs       |
  |   dump interval(trj)   :   100.0 fs       |
  |   SHAKE algorithm      : true (all bonds) |
  |   dump interval(Vbias) :    1.00 ps       |
  |   Vbias prefactor (k)  :  0.1237 Eh       |
  |   Vbias exponent (α)   :  0.6180 bohr⁻²   |
*MTD   1 completed successfully ...        1 min, 12.389 sec
  ::::::::::::: starting MTD    2 :::::::::::::
  |   MD simulation time   :     6.0 ps       |
  |   target T             :   300.0 K        |
  |   timestep dt          :     5.0 fs       |
  |   dump interval(trj)   :   100.0 fs       |
  |   SHAKE algorithm      : true (all bonds) |
  |   dump interval(Vbias) :    1.00 ps       |
  |   Vbias prefactor (k)  :  0.1237 Eh       |
  |   Vbias exponent (α)   :  1.6180 bohr⁻²   |
*MTD  15 completed successfully ...        1 min, 12.393 sec
  ::::::::::::: starting MTD   16 :::::::::::::
  |   MD simulation time   :     6.0 ps       |
  |   target T             :   300.0 K        |
  |   timestep dt          :     5.0 fs       |
  |   dump interval(trj)   :   100.0 fs       |
  |   SHAKE algorithm      : true (all bonds) |
  |   dump interval(Vbias) :    1.00 ps       |
  |   Vbias prefactor (k)  :  0.0309 Eh       |
  |   Vbias exponent (α)   :  0.3820 bohr⁻²   |
*MTD  17 completed successfully ...        1 min, 12.729 sec
*MTD  18 completed successfully ...        1 min, 12.809 sec
*MTD  13 completed successfully ...        1 min, 12.840 sec
  ::::::::::::: starting MTD   14 :::::::::::::
  |   MD simulation time   :     6.0 ps       |
  |   target T             :   300.0 K        |
  |   timestep dt          :     5.0 fs       |
  |   dump interval(trj)   :   100.0 fs       |
  |   SHAKE algorithm      : true (all bonds) |
  |   dump interval(Vbias) :    1.00 ps       |
  |   Vbias prefactor (k)  :  0.1237 Eh       |
  |   Vbias exponent (α)   :  0.3820 bohr⁻²   |
*MTD   5 completed successfully ...        1 min, 12.959 sec
  ::::::::::::: starting MTD    6 :::::::::::::
  |   MD simulation time   :     6.0 ps       |
  |   target T             :   300.0 K        |
  |   timestep dt          :     5.0 fs       |
  |   dump interval(trj)   :   100.0 fs       |
  |   SHAKE algorithm      : true (all bonds) |
  |   dump interval(Vbias) :    1.00 ps       |
  |   Vbias prefactor (k)  :  0.1237 Eh       |
  |   Vbias exponent (α)   :  1.0000 bohr⁻²   |
*MTD  21 completed successfully ...        1 min, 13.357 sec
*MTD  12 completed successfully ...        0 min, 46.727 sec
*MTD  16 completed successfully ...        0 min, 46.101 sec
*MTD   4 completed successfully ...        0 min, 46.833 sec
*MTD   8 completed successfully ...        0 min, 46.705 sec
*MTD   2 completed successfully ...        0 min, 46.882 sec
*MTD  10 completed successfully ...        0 min, 47.139 sec
*MTD   6 completed successfully ...        0 min, 46.459 sec
*MTD  14 completed successfully ...        0 min, 46.634 sec

 ======================================
 |  Multilevel Ensemble Optimization  |
 ======================================
 Optimizing all 1416 structures from file "crest_dynamics.trj" ...
 ----------------------
 crude pre-optimization
 ----------------------
 Optimization engine: ANCOPT
 Hessian update type: BFGS
 E/G convergence criteria:  0.500E-03 Eh, 0.100E-01 Eh/a0
 maximum optimization steps: 200
 |>0.1% |>7.6% |>15.0% |>22.5% |>30.0% |>37.5% |>45.1% |>52.5% |>60.0% |>67.5% |>75.0% |>82.6% |>90.0% |>97.5% |>100.0%
 done.
> 1416 of 1416 structures successfully optimized (100.0% success)
> Total runtime for 1416 optimizations:
 * wall-time:     0 d,  0 h,  1 min,  4.282 sec
 *  cpu-time:     0 d,  0 h, 16 min, 15.004 sec
 * ratio c/w:    15.168 speedup
> Corresponding to approximately 0.045 sec per processed structure

CREGEN> running RMSDs ... done.
CREGEN> E lowest :   -62.72489
 910 structures remain within    12.00 kcal/mol window
 ----------------------------------
 optimization with tight thresholds
 ----------------------------------
 Optimization engine: ANCOPT
 Hessian update type: BFGS
 E/G convergence criteria:  0.100E-05 Eh, 0.800E-03 Eh/a0
 maximum optimization steps: 200
 |>0.1% |>10.0% |>20.0% |>30.0% |>40.0% |>50.0% |>60.0% |>70.1% |>80.0% |>90.1% |>100.0%
 done.
> 910 of 910 structures successfully optimized (100.0% success)
> Total runtime for 910 optimizations:
 * wall-time:     0 d,  0 h,  1 min, 21.480 sec
 *  cpu-time:     0 d,  0 h, 20 min, 41.628 sec
 * ratio c/w:    15.238 speedup
> Corresponding to approximately 0.090 sec per processed structure

CREGEN> running RMSDs ... done.
CREGEN> E lowest :   -62.72496
 80 structures remain within     6.00 kcal/mol window

========================================
           MTD Simulations done         
========================================
 Collecting ensmbles.
CREGEN> running RMSDs ... done.
CREGEN> E lowest :   -62.72496
 80 structures remain within     6.00 kcal/mol window
     H(298.15K)-H(0) (conf)      0.127287
                   Cp(conf)      0.153962
                    S(conf)      3.719305

******************************************************************************************
**                          I T E R A T I O N    C Y C L E      1                       **
******************************************************************************************
 -------------------------------------------
 determining bias structures via PCA/k-Means
 -------------------------------------------

 3 structures were selected
 done.

 -----------------------------------------------
 determining MTD seed structures via PCA/k-Means
 -----------------------------------------------

 5 structures were selected
 done.


 ==========================================================
 Static MTDs (umbrella sampling) on 5 selected conformer(s)
 ==========================================================
> Using 3 constant RMSD bias potentials per MTD
  :::::::::: starting static MTD   1 ::::::::::
  |   MD simulation time   :     3.0 ps       |
  |   target T             :   400.0 K        |
  |   timestep dt          :     5.0 fs       |
  |   dump interval(trj)   :   100.0 fs       |
  |   SHAKE algorithm      : true (all bonds) |
  |   Vbias prefactor (k)  :  0.0022 Eh       |
  |   Vbias exponent (α)   :  1.0000 bohr⁻²   |
  :::::::::: starting static MTD   4 ::::::::::
  |   MD simulation time   :     3.0 ps       |
  |   target T             :   400.0 K        |
  |   timestep dt          :     5.0 fs       |
  |   dump interval(trj)   :   100.0 fs       |
  |   SHAKE algorithm      : true (all bonds) |
  |   Vbias prefactor (k)  :  0.0022 Eh       |
  |   Vbias exponent (α)   :  1.0000 bohr⁻²   |
  :::::::::: starting static MTD   2 ::::::::::
  |   MD simulation time   :     3.0 ps       |
  |   target T             :   400.0 K        |
  |   timestep dt          :     5.0 fs       |
  |   dump interval(trj)   :   100.0 fs       |
  |   SHAKE algorithm      : true (all bonds) |
  |   Vbias prefactor (k)  :  0.0022 Eh       |
  |   Vbias exponent (α)   :  1.0000 bohr⁻²   |
  :::::::::: starting static MTD   3 ::::::::::
  |   MD simulation time   :     3.0 ps       |
  |   target T             :   400.0 K        |
  |   timestep dt          :     5.0 fs       |
  |   dump interval(trj)   :   100.0 fs       |
  |   SHAKE algorithm      : true (all bonds) |
  |   Vbias prefactor (k)  :  0.0022 Eh       |
  |   Vbias exponent (α)   :  1.0000 bohr⁻²   |
  :::::::::: starting static MTD   5 ::::::::::
  |   MD simulation time   :     3.0 ps       |
  |   target T             :   400.0 K        |
  |   timestep dt          :     5.0 fs       |
  |   dump interval(trj)   :   100.0 fs       |
  |   SHAKE algorithm      : true (all bonds) |
  |   Vbias prefactor (k)  :  0.0022 Eh       |
  |   Vbias exponent (α)   :  1.0000 bohr⁻²   |
*sMTD   5 completed successfully ...        0 min, 33.996 sec
*sMTD   1 completed successfully ...        0 min, 34.723 sec
*sMTD   2 completed successfully ...        0 min, 36.050 sec
*sMTD   3 completed successfully ...        0 min, 36.347 sec
*sMTD   4 completed successfully ...        0 min, 36.834 sec

 ======================================
 |  Multilevel Ensemble Optimization  |
 ======================================
 Optimizing all 145 structures from file "crest_rotamers_0.xyz" ...
 ----------------------
 crude pre-optimization
 ----------------------
 Optimization engine: ANCOPT
 Hessian update type: BFGS
 E/G convergence criteria:  0.500E-03 Eh, 0.100E-01 Eh/a0
 maximum optimization steps: 200
 |>0.7% |>10.3% |>20.0% |>30.3% |>40.0% |>50.3% |>60.0% |>70.3% |>80.0% |>90.3% |>100.0%
 done.
> 145 of 145 structures successfully optimized (100.0% success)
> Total runtime for 145 optimizations:
 * wall-time:     0 d,  0 h,  0 min,  4.316 sec
 *  cpu-time:     0 d,  0 h,  1 min,  2.995 sec
 * ratio c/w:    14.596 speedup
> Corresponding to approximately 0.030 sec per processed structure

CREGEN> running RMSDs ... done.
CREGEN> E lowest :   -62.72462
 86 structures remain within    12.00 kcal/mol window
 ---------------------------------------
 optimization with very tight thresholds
 ---------------------------------------
 Optimization engine: ANCOPT
 Hessian update type: BFGS
 E/G convergence criteria:  0.100E-06 Eh, 0.200E-03 Eh/a0
 maximum optimization steps: 200
 |>1.2% |>10.5% |>20.9% |>30.2% |>40.7% |>50.0% |>60.5% |>70.9% |>80.2% |>90.7% |>100.0%
 done.
> 86 of 86 structures successfully optimized (100.0% success)
> Total runtime for 86 optimizations:
 * wall-time:     0 d,  0 h,  0 min,  8.781 sec
 *  cpu-time:     0 d,  0 h,  2 min,  6.996 sec
 * ratio c/w:    14.463 speedup
> Corresponding to approximately 0.102 sec per processed structure

CREGEN> running RMSDs ... done.
CREGEN> E lowest :   -62.72496
 8 structures remain within     6.00 kcal/mol window
CREGEN> running RMSDs ... done.
CREGEN> E lowest :   -62.72496

 Static MTD simulation iteration 1 finished
 A total of 5 conformers (+ 0.00%) in crest_conformers.xyz
 S(approx.) =    2.342315 cal/molK (dS = 0.00%)
 Convergence w.r.t. conformers: T
 Convergence w.r.t. entropy   : T

     H(298.15K)-H(0) (conf)      0.127357
                   Cp(conf)      0.153989
                    S(conf)      3.719258


 --------------------------
 Final Ensemble Information
 --------------------------
 input  file name : crest_rotamers_2.xyz
 output file name : crest_rotamers_3.xyz
 number of atoms                :   33
 number of points on xyz files  :   88
 RMSD threshold                 :   0.1250
 Bconst threshold               :   0.0100
 population threshold           :   0.0500
 # fragment in coord            :     1
 # bonds in reference structure :    34
 number of reliable points      :    88
 sorting energy window (EWIN)   :    6.0000 / kcal*mol⁻¹
 reference state Etot           :  -62.724962890000000
 number of doubles removed by rot/RMSD         :           8
 total number unique points considered further :          80
       Erel/kcal        Etot weight/tot  conformer     set   degen     origin
       1   0.000   -62.72496    0.01611    0.33788       1      21
       2   0.129   -62.72476    0.01296    0.41428       2      32
       3   0.242   -62.72458    0.01071    0.24598       3      23
       4   2.057   -62.72169    0.00050    0.00150       4       3
       5   2.257   -62.72137    0.00036    0.00036       5       1
T /K                                  :   298.15
E lowest                              :   -62.72496
ensemble average energy (kcal)        :    0.118
ensemble entropy (J/mol K, cal/mol K) :   35.974    8.598
ensemble free energy (kcal/mol)       :   -2.564
population of lowest in %             :   33.788
 number of unique conformers for further calc            5
 list of relative energies saved as "crest.energies"
 compare nuclear equivalencies ...
::::::::::: conformer group all :::::::::::
 chemical equivalencies (mag.active nuclei):
reference atom  22 # : 6
reference atom  28 # : 4
reference atom  32 # : 2
 magnetic equivalencies:
reference atom  22 # : 6

******************************************************************************************
**                           ENSEMBLE ENTROPY CALCULATION                               **
******************************************************************************************
======================================================
 Containing 5 conformers :
     H(298.15K)-H(0) (conf)      0.127287
                   Cp(conf)      0.153962
                    S(conf)      3.719305
======================================================
 Containing 5 conformers :
     H(298.15K)-H(0) (conf)      0.127357
                   Cp(conf)      0.153989
                    S(conf)      3.719258
======================================================

 --------------------------------------
 FINAL CALCULATION OF MOLECULAR ENTROPY
 --------------------------------------

WARNING: Not enough blocks for extrapolation.
         Taking full ensemble entropy instead.

FINAL ENTROPY (max conf.)  :      3.71930

 ----------------------------------
 Frequency Calculation and Averages
 ----------------------------------
 Nconf on file      : 5
 Taken for Hessians : 3 (= 99.51% total population)
 T range  /K    :   278.15   378.15
 scaling factor :          1.000000     
 rotor cutoff   :         25.000000 cm⁻¹
 imag. cutoff   :        -50.000000 cm⁻¹

 Running 3 calculations ...
 |>33.3% |>66.7% |>100.0%
 done.
 calculating averages for G and S ...    done.
 calculating Boltzmann weights ...       done.
 calculating reference S (bhess) ... > bhess not implemented for calculator routines
    done.
 calculating δSrrho ...                  done.

 Coordinates for the bhess reference structure (Ångström):
 -----------------------------------------------------------
  33

 C          0.0925614302       -1.2420070896        3.0970932560
 C          0.0001529790       -0.0005842167        2.1909248754
 C          1.2371172437        0.1621067028        1.2993588428
 C         -1.2369501916       -0.1627874177        1.2994652940
 C         -0.0921245445        1.2403261205        3.0978051089
 C          2.3979255947       -0.5838198134        1.4723496842
 C          1.2199476820        1.1202701837        0.2847686924
 C         -1.2201388875       -1.1208571483        0.2847773143
 C         -2.3975017861        0.5835045228        1.4725810422
 C          3.5079945309       -0.3820113593        0.6621444767
 C          3.5065340672        0.5731099917       -0.3541788665
 Br         5.0675817542       -1.4364316831        0.9380847979
 C          2.3293771895        1.3141419744       -0.5139486024
 O          4.6007973660        0.7372294703       -1.1217857445
 Br         2.2784901175        2.6294799112       -1.9057624991
 C         -2.3296745881       -1.3143069644       -0.5138892770
 C         -3.5065874675       -0.5729119387       -0.3539851716
 Br        -2.2792862999       -2.6295602958       -1.9058018217
 C         -3.5076819629        0.3821263090        0.6624126513
 O         -4.6009474561       -0.7366335730       -1.1215402480
 Br        -5.0669152618        1.4370254918        0.9385100646
 H          0.2262734934       -2.1567034062        2.5190111334
 H          0.9178944715       -1.1548997905        3.8057236138
 H         -0.8306773224       -1.3397920801        3.6686194007
 H         -0.2256930988        2.1553721852        2.5202427320
 H         -0.9175005612        1.1528909151        3.8063466131
 H          0.8311079773        1.3376662559        3.6694180852
 H          2.4616182606       -1.3397618616        2.2393480403
 H          0.3305623806        1.7078371322        0.1056884528
 H         -0.3309530668       -1.7086879992        0.1055720161
 H         -2.4609081896        1.3394012256        2.2396504798
 H          4.4273564380        1.4332279231       -1.7741096419
 H         -4.4277529609       -1.4326192646       -1.7739404182
 -----------------------------------------------------------
 as read from <coord>
 Heavy-atom RMSD between lowest conformer and this reference :
 RMSD(heavy) =        0.095303 Å

 msRRHO(bhess) reference entropies:
      278.15        151.880659
      288.15        154.611129
      298.15        157.315280
      308.15        159.993960
      318.15        162.647917
      328.15        165.277807
      338.15        167.884206
      348.15        170.467616
      358.15        173.028479
      368.15        175.567182
      378.15        178.084064

       T/K  |S(T)|/cal/molK       |G(T)|/Eh     G_lowest/Eh    (conf)
   -----------------------------------------------------------------
    278.15    0.153961E+03    0.178680E+00      -62.546491         2
    288.15    0.156684E+03    0.176251E+00      -62.548935         2
    298.15    0.159380E+03    0.173778E+00      -62.551422         2
    308.15    0.162050E+03    0.171263E+00      -62.553952         2
    318.15    0.164695E+03    0.168706E+00      -62.556525         2
    328.15    0.167316E+03    0.166106E+00      -62.559139         2
    338.15    0.169912E+03    0.163465E+00      -62.561795         2
    348.15    0.172486E+03    0.160783E+00      -62.564492         2
    358.15    0.175036E+03    0.158060E+00      -62.567230         2
    368.15    0.177564E+03    0.155296E+00      -62.570009         2
    378.15    0.180070E+03    0.152493E+00      -62.572827         2
   -----------------------------------------------------------------
   NOTE: if |G(T)| is the averaged contributrion to the free energy.
   |G(T)| used only for the higher-energetic structures (n > 3).
   All other structures use G(T) from the respective Hessian calculations.

 Quantities calculated on free energies:
       T/K          δSrrho           Cp(T)     [H(T)-H(0)]
   -------------------------------------------------------
    278.15    0.208022E+01    0.328321E+00        0.137054
    288.15    0.207291E+01    0.333454E+00        0.143202
    298.15    0.206495E+01    0.338323E+00        0.149383
    308.15    0.205643E+01    0.342913E+00        0.155598
    318.15    0.204743E+01    0.347216E+00        0.161845
    328.15    0.203800E+01    0.351228E+00        0.168122
    338.15    0.202821E+01    0.354949E+00        0.174426
    348.15    0.201811E+01    0.358382E+00        0.180757
    358.15    0.200774E+01    0.361534E+00        0.187112
    368.15    0.199716E+01    0.364413E+00        0.193489
    378.15    0.198640E+01    0.367028E+00        0.199886
   -------------------------------------------------------
   NOTE: δSrrho(T) = |S(T)| - Sref(T)

 ----------------------
 TEMPERATURE DEPENDENCE
 ----------------------

 Final CONFORMATIONAL quantities at given T:
       T/K        S(total)           Cp(T)     [H(T)-H(0)]        G(total)
   -----------------------------------------------------------------------
    278.15        5.763417        0.328321        0.137054       -1.466040
    288.15        5.774148        0.333454        0.143202       -1.520619
    298.15        5.784257        0.338323        0.149383       -1.575193
    308.15        5.793775        0.342913        0.155598       -1.629753
    318.15        5.802730        0.347216        0.161845       -1.684294
    328.15        5.811146        0.351228        0.168122       -1.738806
    338.15        5.819043        0.354949        0.174426       -1.793283
    348.15        5.826440        0.358382        0.180757       -1.847718
    358.15        5.833355        0.361534        0.187112       -1.902104
    368.15        5.839804        0.364413        0.193489       -1.956435
    378.15        5.845802        0.367028        0.199886       -2.010704
   -----------------------------------------------------------------------
   S and Cp in cal/mol*K; H and G in kcal/mol
   G(total) is the ensemble free energy (H-T*S) and S(total) = S(conf,extrapol.) + δSrrho

 ----------------------------------------------------
 |      FINAL MOLECULAR ENTROPY AT T= 298.15 K      |
 ----------------------------------------------------
     Sconf   =          3.719305
   + δSrrho  =          2.064952
 -----------------------------------------------------
 = S(total)  =          5.784257  (cal mol⁻¹ K⁻¹)

   H(T)-H(0) =          0.149383
   G         =         -1.724576   (-T*S)
 -----------------------------------------------------
 = G(total)  =         -1.575193  (H-T*S) (kcal mol⁻¹)

   Cp(total) =          0.338323  (cal mol⁻¹ K⁻¹)


 -----------------
 Wall Time Summary
 -----------------
 CREST runtime (total)               0 d,  0 h,  5 min, 35.249 sec
 ------------------------------------------------------------------
 Trial metadynamics (MTD)   ...        0 min,  6.715 sec (  2.003%)
 Metadynamics (MTD)         ...        2 min,  0.092 sec ( 35.822%)
 Geometry optimization      ...        2 min, 40.436 sec ( 47.856%)
 Static metadynamics (sMTD) ...        0 min, 36.847 sec ( 10.991%)
 Conf. entropy evaluation   ...        0 min, 10.573 sec (  3.154%)
 I/O and setup              ...        0 min,  0.586 sec (  0.175%)
 ------------------------------------------------------------------
 * wall-time:     0 d,  0 h,  5 min, 35.249 sec
 *  cpu-time:     0 d,  1 h,  9 min, 55.489 sec
 * ratio c/w:    12.515 speedup
 ------------------------------------------------------------------
 * Total number of energy+grad calls: 89195

 CREST terminated normally.
